---------------------------------------------------------------
[ 2021-11-10T20:44:24+08:00 ] 127.0.0.1 GET guan.com/favicon.ico
[运行时间：0.191912s] [吞吐率：5.21req/s] [内存消耗：937.55kb] [文件加载：31]
[ info ] [ LANG ] C:\Users\think\my\tool\phpstudy\PHPTutorial\WWW\guan.com\source\thinkphp\lang\zh-cn.php
[ info ] [ ROUTE ] array (
  'type' => 'module',
  'module' => 
  array (
    0 => 'favicon',
    1 => NULL,
    2 => NULL,
  ),
)
[ info ] [ HEADER ] array (
  'cookie' => '_ga=GA1.1.1259448663.1622015294; _ga_7LRYQ700FD=GS1.1.1622015293.1.1.1622015341.0',
  'accept-encoding' => 'gzip, deflate',
  'user-agent' => 'Mozilla/5.0 (Windows NT 10.0; WOW64) AppleWebKit/537.36 (KHTML, like Gecko) Chrome/80.0.3987.87 Safari/537.36 SE 2.X MetaSr 1.0',
  'cache-control' => 'no-cache',
  'pragma' => 'no-cache',
  'connection' => 'keep-alive',
  'host' => 'guan.com',
  'content-length' => '',
  'content-type' => '',
)
[ info ] [ PARAM ] array (
)
[ info ] [ LOG ] INIT File
---------------------------------------------------------------
[ 2021-11-10T20:44:26+08:00 ] 127.0.0.1 GET guan.com/
[运行时间：0.676663s] [吞吐率：1.48req/s] [内存消耗：3,028.70kb] [文件加载：68]
[ info ] [ LANG ] C:\Users\think\my\tool\phpstudy\PHPTutorial\WWW\guan.com\source\thinkphp\lang\zh-cn.php
[ info ] [ ROUTE ] array (
  'type' => 'module',
  'module' => 
  array (
    0 => '',
    1 => NULL,
    2 => NULL,
  ),
)
[ info ] [ HEADER ] array (
  'cookie' => '_ga=GA1.1.1259448663.1622015294; _ga_7LRYQ700FD=GS1.1.1622015293.1.1.1622015341.0',
  'accept-language' => 'zh-CN,zh;q=0.9',
  'accept-encoding' => 'gzip, deflate',
  'accept' => 'text/html,application/xhtml+xml,application/xml;q=0.9,image/webp,image/apng,*/*;q=0.8,application/signed-exchange;v=b3;q=0.9',
  'user-agent' => 'Mozilla/5.0 (Windows NT 10.0; WOW64) AppleWebKit/537.36 (KHTML, like Gecko) Chrome/80.0.3987.87 Safari/537.36 SE 2.X MetaSr 1.0',
  'upgrade-insecure-requests' => '1',
  'connection' => 'keep-alive',
  'host' => 'guan.com',
  'content-length' => '',
  'content-type' => '',
)
[ info ] [ PARAM ] array (
)
[ info ] [ DB ] INIT mysql
[ info ] [ CACHE ] INIT File
[ info ] [ RUN ] app\index\controller\Index->index[ C:\Users\think\my\tool\phpstudy\PHPTutorial\WWW\guan.com\source\application\index\controller\Index.php ]
[ info ] [ VIEW ] C:\Users\think\my\tool\phpstudy\PHPTutorial\WWW\guan.com\web/../source/application/index\view\index\index.php [ array (
  0 => 'base_url',
  1 => 'group',
  2 => 'setting',
  3 => 'route',
  4 => 'seo',
  5 => 'goods',
  6 => 'article',
) ]
[ info ] [ LOG ] INIT File
[ sql ] [ DB ] CONNECT:[ UseTime:0.002561s ] mysql:host=127.0.0.1;port=3306;dbname=guan.com;charset=utf8
[ sql ] [ SQL ] SHOW COLUMNS FROM `hishop_category` [ RunTime:0.027086s ]
[ sql ] [ SQL ] SHOW COLUMNS FROM `hishop_goods` [ RunTime:0.023690s ]
[ sql ] [ SQL ] SELECT COUNT(*) AS tp_count FROM `hishop_goods` WHERE  `is_delete` = 0  AND `goods_status` = 10  AND `is_home` = 20 LIMIT 1 [ RunTime:0.000499s ]
[ sql ] [ SQL ] SELECT * FROM `hishop_goods` WHERE  `is_delete` = 0  AND `goods_status` = 10  AND `is_home` = 20 ORDER BY `sales_initial` DESC,`goods_sort` ASC LIMIT 0,10 [ RunTime:0.000537s ]
[ sql ] [ SQL ] SELECT * FROM `hishop_category` WHERE  `category_id` IN (10003,10009,10008,10007) [ RunTime:0.000601s ]
[ sql ] [ SQL ] SHOW COLUMNS FROM `hishop_goods_image` [ RunTime:0.024846s ]
[ sql ] [ SQL ] SELECT * FROM `hishop_goods_image` WHERE  `goods_id` IN (3,4,5,6,7,8,9,10,11) ORDER BY `id` ASC [ RunTime:0.000519s ]
[ sql ] [ SQL ] SHOW COLUMNS FROM `hishop_upload_file` [ RunTime:0.022626s ]
[ sql ] [ SQL ] SELECT * FROM `hishop_upload_file` WHERE  `file_id` IN (5,10,12,13,15,16,17,18,19) [ RunTime:0.000810s ]
[ sql ] [ SQL ] SHOW COLUMNS FROM `hishop_art_category` [ RunTime:0.024608s ]
[ sql ] [ SQL ] SHOW COLUMNS FROM `hishop_article` [ RunTime:0.022244s ]
[ sql ] [ SQL ] SELECT COUNT(*) AS tp_count FROM `hishop_article` WHERE  `is_delete` = 0  AND `article_status` = 10  AND `is_home` = 20 LIMIT 1 [ RunTime:0.000799s ]
[ sql ] [ SQL ] SELECT * FROM `hishop_article` WHERE  `is_delete` = 0  AND `article_status` = 10  AND `is_home` = 20 ORDER BY `sales_initial` DESC,`article_sort` ASC LIMIT 0,10 [ RunTime:0.000666s ]
[ sql ] [ SQL ] SELECT * FROM `hishop_art_category` WHERE  `art_category_id` IN (10003) [ RunTime:0.000357s ]
[ sql ] [ SQL ] SHOW COLUMNS FROM `hishop_article_image` [ RunTime:0.021742s ]
[ sql ] [ SQL ] SELECT * FROM `hishop_article_image` WHERE  `article_id` IN (3,4,5,6,7,8,9,10,11) ORDER BY `id` ASC [ RunTime:0.000410s ]
[ sql ] [ SQL ] SELECT * FROM `hishop_upload_file` WHERE  `file_id` IN (7,8,9,13,10,16,17,12,19) [ RunTime:0.000382s ]
---------------------------------------------------------------
[ 2021-11-10T20:44:29+08:00 ] 127.0.0.1 GET guan.com/about
[运行时间：0.214525s] [吞吐率：4.66req/s] [内存消耗：2,341.23kb] [文件加载：52]
[ info ] [ LANG ] C:\Users\think\my\tool\phpstudy\PHPTutorial\WWW\guan.com\source\thinkphp\lang\zh-cn.php
[ info ] [ ROUTE ] array (
  'type' => 'module',
  'module' => 'index/index/about/index',
)
[ info ] [ HEADER ] array (
  'cookie' => '_ga=GA1.1.1259448663.1622015294; _ga_7LRYQ700FD=GS1.1.1636548267.2.0.1636548267.0',
  'accept-language' => 'zh-CN,zh;q=0.9',
  'accept-encoding' => 'gzip, deflate',
  'accept' => 'text/html,application/xhtml+xml,application/xml;q=0.9,image/webp,image/apng,*/*;q=0.8,application/signed-exchange;v=b3;q=0.9',
  'user-agent' => 'Mozilla/5.0 (Windows NT 10.0; WOW64) AppleWebKit/537.36 (KHTML, like Gecko) Chrome/80.0.3987.87 Safari/537.36 SE 2.X MetaSr 1.0',
  'upgrade-insecure-requests' => '1',
  'connection' => 'keep-alive',
  'host' => 'guan.com',
  'content-length' => '',
  'content-type' => '',
)
[ info ] [ PARAM ] array (
)
[ info ] [ DB ] INIT mysql
[ info ] [ CACHE ] INIT File
[ info ] [ RUN ] app\index\controller\Index->about[ C:\Users\think\my\tool\phpstudy\PHPTutorial\WWW\guan.com\source\application\index\controller\Index.php ]
[ info ] [ VIEW ] C:\Users\think\my\tool\phpstudy\PHPTutorial\WWW\guan.com\web/../source/application/index\view\index\about.php [ array (
  0 => 'base_url',
  1 => 'group',
  2 => 'setting',
  3 => 'route',
  4 => 'seo',
) ]
[ info ] [ LOG ] INIT File
---------------------------------------------------------------
[ 2021-11-10T20:44:31+08:00 ] 127.0.0.1 GET guan.com/admin
[运行时间：0.078254s] [吞吐率：12.78req/s] [内存消耗：938.25kb] [文件加载：31]
[ info ] [ LANG ] C:\Users\think\my\tool\phpstudy\PHPTutorial\WWW\guan.com\source\thinkphp\lang\zh-cn.php
[ info ] [ ROUTE ] array (
  'type' => 'module',
  'module' => 
  array (
    0 => 'admin',
    1 => NULL,
    2 => NULL,
  ),
)
[ info ] [ HEADER ] array (
  'cookie' => '_ga=GA1.1.1259448663.1622015294; _ga_7LRYQ700FD=GS1.1.1636548267.2.0.1636548267.0',
  'accept-language' => 'zh-CN,zh;q=0.9',
  'accept-encoding' => 'gzip, deflate',
  'accept' => 'text/html,application/xhtml+xml,application/xml;q=0.9,image/webp,image/apng,*/*;q=0.8,application/signed-exchange;v=b3;q=0.9',
  'user-agent' => 'Mozilla/5.0 (Windows NT 10.0; WOW64) AppleWebKit/537.36 (KHTML, like Gecko) Chrome/80.0.3987.87 Safari/537.36 SE 2.X MetaSr 1.0',
  'upgrade-insecure-requests' => '1',
  'connection' => 'keep-alive',
  'host' => 'guan.com',
  'content-length' => '',
  'content-type' => '',
)
[ info ] [ PARAM ] array (
)
[ info ] [ LOG ] INIT File
---------------------------------------------------------------
[ 2021-11-10T20:44:34+08:00 ] 127.0.0.1 GET guan.com/store
[运行时间：0.081322s] [吞吐率：12.30req/s] [内存消耗：938.25kb] [文件加载：31]
[ info ] [ LANG ] C:\Users\think\my\tool\phpstudy\PHPTutorial\WWW\guan.com\source\thinkphp\lang\zh-cn.php
[ info ] [ ROUTE ] array (
  'type' => 'module',
  'module' => 
  array (
    0 => 'store',
    1 => NULL,
    2 => NULL,
  ),
)
[ info ] [ HEADER ] array (
  'cookie' => '_ga=GA1.1.1259448663.1622015294; _ga_7LRYQ700FD=GS1.1.1636548267.2.0.1636548267.0',
  'accept-language' => 'zh-CN,zh;q=0.9',
  'accept-encoding' => 'gzip, deflate',
  'accept' => 'text/html,application/xhtml+xml,application/xml;q=0.9,image/webp,image/apng,*/*;q=0.8,application/signed-exchange;v=b3;q=0.9',
  'user-agent' => 'Mozilla/5.0 (Windows NT 10.0; WOW64) AppleWebKit/537.36 (KHTML, like Gecko) Chrome/80.0.3987.87 Safari/537.36 SE 2.X MetaSr 1.0',
  'upgrade-insecure-requests' => '1',
  'connection' => 'keep-alive',
  'host' => 'guan.com',
  'content-length' => '',
  'content-type' => '',
)
[ info ] [ PARAM ] array (
)
[ info ] [ LOG ] INIT File
---------------------------------------------------------------
[ 2021-11-10T20:44:40+08:00 ] 127.0.0.1 GET guan.com/super
[运行时间：0.117071s] [吞吐率：8.54req/s] [内存消耗：1,228.63kb] [文件加载：40]
[ info ] [ LANG ] C:\Users\think\my\tool\phpstudy\PHPTutorial\WWW\guan.com\source\thinkphp\lang\zh-cn.php
[ info ] [ ROUTE ] array (
  'type' => 'module',
  'module' => 
  array (
    0 => 'super',
    1 => NULL,
    2 => NULL,
  ),
)
[ info ] [ HEADER ] array (
  'cookie' => '_ga=GA1.1.1259448663.1622015294; _ga_7LRYQ700FD=GS1.1.1636548267.2.0.1636548267.0',
  'accept-language' => 'zh-CN,zh;q=0.9',
  'accept-encoding' => 'gzip, deflate',
  'accept' => 'text/html,application/xhtml+xml,application/xml;q=0.9,image/webp,image/apng,*/*;q=0.8,application/signed-exchange;v=b3;q=0.9',
  'user-agent' => 'Mozilla/5.0 (Windows NT 10.0; WOW64) AppleWebKit/537.36 (KHTML, like Gecko) Chrome/80.0.3987.87 Safari/537.36 SE 2.X MetaSr 1.0',
  'upgrade-insecure-requests' => '1',
  'connection' => 'keep-alive',
  'host' => 'guan.com',
  'content-length' => '',
  'content-type' => '',
)
[ info ] [ PARAM ] array (
)
[ info ] [ SESSION ] INIT array (
  'id' => '',
  'var_session_id' => '',
  'prefix' => '',
  'type' => '',
  'auto_start' => true,
)
[ info ] [ LOG ] INIT File
---------------------------------------------------------------
[ 2021-11-10T20:44:40+08:00 ] 127.0.0.1 GET guan.com/super/passport/login
[运行时间：0.099125s] [吞吐率：10.09req/s] [内存消耗：1,302.02kb] [文件加载：40]
[ info ] [ LANG ] C:\Users\think\my\tool\phpstudy\PHPTutorial\WWW\guan.com\source\thinkphp\lang\zh-cn.php
[ info ] [ ROUTE ] array (
  'type' => 'module',
  'module' => 
  array (
    0 => 'super',
    1 => 'passport',
    2 => 'login',
  ),
)
[ info ] [ HEADER ] array (
  'cookie' => '_ga=GA1.1.1259448663.1622015294; _ga_7LRYQ700FD=GS1.1.1636548267.2.0.1636548267.0; PHPSESSID=3346926im36grm5emgsbldcr14',
  'accept-language' => 'zh-CN,zh;q=0.9',
  'accept-encoding' => 'gzip, deflate',
  'accept' => 'text/html,application/xhtml+xml,application/xml;q=0.9,image/webp,image/apng,*/*;q=0.8,application/signed-exchange;v=b3;q=0.9',
  'user-agent' => 'Mozilla/5.0 (Windows NT 10.0; WOW64) AppleWebKit/537.36 (KHTML, like Gecko) Chrome/80.0.3987.87 Safari/537.36 SE 2.X MetaSr 1.0',
  'upgrade-insecure-requests' => '1',
  'connection' => 'keep-alive',
  'host' => 'guan.com',
  'content-length' => '',
  'content-type' => '',
)
[ info ] [ PARAM ] array (
)
[ info ] [ SESSION ] INIT array (
  'id' => '',
  'var_session_id' => '',
  'prefix' => '',
  'type' => '',
  'auto_start' => true,
)
[ info ] [ RUN ] app\super\controller\Passport->login[ C:\Users\think\my\tool\phpstudy\PHPTutorial\WWW\guan.com\source\application\super\controller\Passport.php ]
[ info ] [ VIEW ] C:\Users\think\my\tool\phpstudy\PHPTutorial\WWW\guan.com\web/../source/application/super\view\passport\login.php [ array (
) ]
[ info ] [ LOG ] INIT File
---------------------------------------------------------------
[ 2021-11-10T20:44:41+08:00 ] 127.0.0.1 GET guan.com/super
[运行时间：0.091277s] [吞吐率：10.96req/s] [内存消耗：1,228.57kb] [文件加载：40]
[ info ] [ LANG ] C:\Users\think\my\tool\phpstudy\PHPTutorial\WWW\guan.com\source\thinkphp\lang\zh-cn.php
[ info ] [ ROUTE ] array (
  'type' => 'module',
  'module' => 
  array (
    0 => 'super',
    1 => NULL,
    2 => NULL,
  ),
)
[ info ] [ HEADER ] array (
  'cookie' => '_ga=GA1.1.1259448663.1622015294; _ga_7LRYQ700FD=GS1.1.1636548267.2.0.1636548267.0; PHPSESSID=3346926im36grm5emgsbldcr14',
  'accept-language' => 'zh-CN,zh;q=0.9',
  'accept-encoding' => 'gzip, deflate',
  'accept' => 'text/html,application/xhtml+xml,application/xml;q=0.9,image/webp,image/apng,*/*;q=0.8,application/signed-exchange;v=b3;q=0.9',
  'user-agent' => 'Mozilla/5.0 (Windows NT 10.0; WOW64) AppleWebKit/537.36 (KHTML, like Gecko) Chrome/80.0.3987.87 Safari/537.36 SE 2.X MetaSr 1.0',
  'upgrade-insecure-requests' => '1',
  'connection' => 'keep-alive',
  'host' => 'guan.com',
  'content-length' => '',
  'content-type' => '',
)
[ info ] [ PARAM ] array (
)
[ info ] [ SESSION ] INIT array (
  'id' => '',
  'var_session_id' => '',
  'prefix' => '',
  'type' => '',
  'auto_start' => true,
)
[ info ] [ LOG ] INIT File
---------------------------------------------------------------
[ 2021-11-10T20:44:41+08:00 ] 127.0.0.1 GET guan.com/super/passport/login
[运行时间：0.087460s] [吞吐率：11.43req/s] [内存消耗：1,167.75kb] [文件加载：38]
[ info ] [ LANG ] C:\Users\think\my\tool\phpstudy\PHPTutorial\WWW\guan.com\source\thinkphp\lang\zh-cn.php
[ info ] [ ROUTE ] array (
  'type' => 'module',
  'module' => 
  array (
    0 => 'super',
    1 => 'passport',
    2 => 'login',
  ),
)
[ info ] [ HEADER ] array (
  'cookie' => '_ga=GA1.1.1259448663.1622015294; _ga_7LRYQ700FD=GS1.1.1636548267.2.0.1636548267.0; PHPSESSID=3346926im36grm5emgsbldcr14',
  'accept-language' => 'zh-CN,zh;q=0.9',
  'accept-encoding' => 'gzip, deflate',
  'accept' => 'text/html,application/xhtml+xml,application/xml;q=0.9,image/webp,image/apng,*/*;q=0.8,application/signed-exchange;v=b3;q=0.9',
  'user-agent' => 'Mozilla/5.0 (Windows NT 10.0; WOW64) AppleWebKit/537.36 (KHTML, like Gecko) Chrome/80.0.3987.87 Safari/537.36 SE 2.X MetaSr 1.0',
  'upgrade-insecure-requests' => '1',
  'connection' => 'keep-alive',
  'host' => 'guan.com',
  'content-length' => '',
  'content-type' => '',
)
[ info ] [ PARAM ] array (
)
[ info ] [ SESSION ] INIT array (
  'id' => '',
  'var_session_id' => '',
  'prefix' => '',
  'type' => '',
  'auto_start' => true,
)
[ info ] [ RUN ] app\super\controller\Passport->login[ C:\Users\think\my\tool\phpstudy\PHPTutorial\WWW\guan.com\source\application\super\controller\Passport.php ]
[ info ] [ VIEW ] C:\Users\think\my\tool\phpstudy\PHPTutorial\WWW\guan.com\web/../source/application/super\view\passport\login.php [ array (
) ]
[ info ] [ LOG ] INIT File
---------------------------------------------------------------
[ 2021-11-10T20:44:41+08:00 ] 127.0.0.1 GET guan.com/assets/admin/i/favicon.ico
[运行时间：0.123380s] [吞吐率：8.11req/s] [内存消耗：937.80kb] [文件加载：31]
[ info ] [ LANG ] C:\Users\think\my\tool\phpstudy\PHPTutorial\WWW\guan.com\source\thinkphp\lang\zh-cn.php
[ info ] [ ROUTE ] array (
  'type' => 'module',
  'module' => 
  array (
    0 => 'assets',
    1 => 'admin',
    2 => 'i',
  ),
)
[ info ] [ HEADER ] array (
  'cookie' => '_ga=GA1.1.1259448663.1622015294; _ga_7LRYQ700FD=GS1.1.1636548267.2.0.1636548267.0; PHPSESSID=3346926im36grm5emgsbldcr14',
  'accept-encoding' => 'gzip, deflate',
  'user-agent' => 'Mozilla/5.0 (Windows NT 10.0; WOW64) AppleWebKit/537.36 (KHTML, like Gecko) Chrome/80.0.3987.87 Safari/537.36 SE 2.X MetaSr 1.0',
  'cache-control' => 'no-cache',
  'pragma' => 'no-cache',
  'connection' => 'keep-alive',
  'host' => 'guan.com',
  'content-length' => '',
  'content-type' => '',
)
[ info ] [ PARAM ] array (
)
[ info ] [ LOG ] INIT File
---------------------------------------------------------------
[ 2021-11-10T20:44:41+08:00 ] 127.0.0.1 GET guan.com/assets/admin/i/favicon.ico
[运行时间：0.088699s] [吞吐率：11.27req/s] [内存消耗：937.80kb] [文件加载：31]
[ info ] [ LANG ] C:\Users\think\my\tool\phpstudy\PHPTutorial\WWW\guan.com\source\thinkphp\lang\zh-cn.php
[ info ] [ ROUTE ] array (
  'type' => 'module',
  'module' => 
  array (
    0 => 'assets',
    1 => 'admin',
    2 => 'i',
  ),
)
[ info ] [ HEADER ] array (
  'cookie' => '_ga=GA1.1.1259448663.1622015294; _ga_7LRYQ700FD=GS1.1.1636548267.2.0.1636548267.0; PHPSESSID=3346926im36grm5emgsbldcr14',
  'accept-encoding' => 'gzip, deflate',
  'user-agent' => 'Mozilla/5.0 (Windows NT 10.0; WOW64) AppleWebKit/537.36 (KHTML, like Gecko) Chrome/80.0.3987.87 Safari/537.36 SE 2.X MetaSr 1.0',
  'cache-control' => 'no-cache',
  'pragma' => 'no-cache',
  'connection' => 'keep-alive',
  'host' => 'guan.com',
  'content-length' => '',
  'content-type' => '',
)
[ info ] [ PARAM ] array (
)
[ info ] [ LOG ] INIT File
---------------------------------------------------------------
[ 2021-11-10T20:44:44+08:00 ] 127.0.0.1 POST guan.com/super/passport/login
[运行时间：0.206519s] [吞吐率：4.84req/s] [内存消耗：2,158.69kb] [文件加载：49]
[ info ] [ LANG ] C:\Users\think\my\tool\phpstudy\PHPTutorial\WWW\guan.com\source\thinkphp\lang\zh-cn.php
[ info ] [ ROUTE ] array (
  'type' => 'module',
  'module' => 
  array (
    0 => 'super',
    1 => 'passport',
    2 => 'login',
  ),
)
[ info ] [ HEADER ] array (
  'cookie' => '_ga=GA1.1.1259448663.1622015294; _ga_7LRYQ700FD=GS1.1.1636548267.2.0.1636548267.0; PHPSESSID=3346926im36grm5emgsbldcr14',
  'accept-language' => 'zh-CN,zh;q=0.9',
  'accept-encoding' => 'gzip, deflate',
  'referer' => 'http://guan.com/super/passport/login',
  'content-type' => 'application/x-www-form-urlencoded; charset=UTF-8',
  'user-agent' => 'Mozilla/5.0 (Windows NT 10.0; WOW64) AppleWebKit/537.36 (KHTML, like Gecko) Chrome/80.0.3987.87 Safari/537.36 SE 2.X MetaSr 1.0',
  'x-requested-with' => 'XMLHttpRequest',
  'origin' => 'http://guan.com',
  'accept' => 'application/json, text/javascript, */*; q=0.01',
  'content-length' => '50',
  'connection' => 'keep-alive',
  'host' => 'guan.com',
)
[ info ] [ PARAM ] array (
  'User' => 
  array (
    'user_name' => 'admin',
    'password' => 'admin',
  ),
)
[ info ] [ SESSION ] INIT array (
  'id' => '',
  'var_session_id' => '',
  'prefix' => '',
  'type' => '',
  'auto_start' => true,
)
[ info ] [ RUN ] app\super\controller\Passport->login[ C:\Users\think\my\tool\phpstudy\PHPTutorial\WWW\guan.com\source\application\super\controller\Passport.php ]
[ info ] [ DB ] INIT mysql
[ info ] [ LOG ] INIT File
[ sql ] [ DB ] CONNECT:[ UseTime:0.010402s ] mysql:host=127.0.0.1;port=3306;dbname=guan.com;charset=utf8
[ sql ] [ SQL ] SHOW COLUMNS FROM `hishop_super` [ RunTime:0.025345s ]
[ sql ] [ SQL ] SELECT * FROM `hishop_super` WHERE  `user_name` = 'admin'  AND `password` = '2150fc4fd844434de6ecf45439b5b556' LIMIT 1 [ RunTime:0.000448s ]
---------------------------------------------------------------
[ 2021-11-10T20:44:45+08:00 ] 127.0.0.1 GET guan.com/super/index/index
[运行时间：0.161968s] [吞吐率：6.17req/s] [内存消耗：2,308.04kb] [文件加载：53]
[ info ] [ LANG ] C:\Users\think\my\tool\phpstudy\PHPTutorial\WWW\guan.com\source\thinkphp\lang\zh-cn.php
[ info ] [ ROUTE ] array (
  'type' => 'module',
  'module' => 
  array (
    0 => 'super',
    1 => 'index',
    2 => 'index',
  ),
)
[ info ] [ HEADER ] array (
  'cookie' => '_ga=GA1.1.1259448663.1622015294; _ga_7LRYQ700FD=GS1.1.1636548267.2.0.1636548267.0; PHPSESSID=3346926im36grm5emgsbldcr14',
  'accept-language' => 'zh-CN,zh;q=0.9',
  'accept-encoding' => 'gzip, deflate',
  'referer' => 'http://guan.com/super/passport/login',
  'accept' => 'text/html,application/xhtml+xml,application/xml;q=0.9,image/webp,image/apng,*/*;q=0.8,application/signed-exchange;v=b3;q=0.9',
  'user-agent' => 'Mozilla/5.0 (Windows NT 10.0; WOW64) AppleWebKit/537.36 (KHTML, like Gecko) Chrome/80.0.3987.87 Safari/537.36 SE 2.X MetaSr 1.0',
  'upgrade-insecure-requests' => '1',
  'connection' => 'keep-alive',
  'host' => 'guan.com',
  'content-length' => '',
  'content-type' => '',
)
[ info ] [ PARAM ] array (
)
[ info ] [ SESSION ] INIT array (
  'id' => '',
  'var_session_id' => '',
  'prefix' => '',
  'type' => '',
  'auto_start' => true,
)
[ info ] [ DB ] INIT mysql
[ info ] [ CACHE ] INIT File
[ info ] [ RUN ] app\super\controller\Index->index[ C:\Users\think\my\tool\phpstudy\PHPTutorial\WWW\guan.com\source\application\super\controller\Index.php ]
[ info ] [ VIEW ] C:\Users\think\my\tool\phpstudy\PHPTutorial\WWW\guan.com\web/../source/application/super\view\index\index.php [ array (
  0 => 'base_url',
  1 => 'super_url',
  2 => 'group',
  3 => 'menus',
  4 => 'super',
  5 => 'setting',
) ]
[ info ] [ LOG ] INIT File
---------------------------------------------------------------
[ 2021-11-10T20:44:47+08:00 ] 127.0.0.1 GET guan.com/super/article/index
[运行时间：0.282796s] [吞吐率：3.54req/s] [内存消耗：2,972.95kb] [文件加载：68]
[ info ] [ LANG ] C:\Users\think\my\tool\phpstudy\PHPTutorial\WWW\guan.com\source\thinkphp\lang\zh-cn.php
[ info ] [ ROUTE ] array (
  'type' => 'module',
  'module' => 
  array (
    0 => 'super',
    1 => 'article',
    2 => 'index',
  ),
)
[ info ] [ HEADER ] array (
  'cookie' => '_ga=GA1.1.1259448663.1622015294; _ga_7LRYQ700FD=GS1.1.1636548267.2.0.1636548267.0; PHPSESSID=3346926im36grm5emgsbldcr14',
  'accept-language' => 'zh-CN,zh;q=0.9',
  'accept-encoding' => 'gzip, deflate',
  'referer' => 'http://guan.com/super/index/index',
  'accept' => 'text/html,application/xhtml+xml,application/xml;q=0.9,image/webp,image/apng,*/*;q=0.8,application/signed-exchange;v=b3;q=0.9',
  'user-agent' => 'Mozilla/5.0 (Windows NT 10.0; WOW64) AppleWebKit/537.36 (KHTML, like Gecko) Chrome/80.0.3987.87 Safari/537.36 SE 2.X MetaSr 1.0',
  'upgrade-insecure-requests' => '1',
  'connection' => 'keep-alive',
  'host' => 'guan.com',
  'content-length' => '',
  'content-type' => '',
)
[ info ] [ PARAM ] array (
)
[ info ] [ SESSION ] INIT array (
  'id' => '',
  'var_session_id' => '',
  'prefix' => '',
  'type' => '',
  'auto_start' => true,
)
[ info ] [ DB ] INIT mysql
[ info ] [ CACHE ] INIT File
[ info ] [ RUN ] app\super\controller\Article->index[ C:\Users\think\my\tool\phpstudy\PHPTutorial\WWW\guan.com\source\application\super\controller\Article.php ]
[ info ] [ VIEW ] C:\Users\think\my\tool\phpstudy\PHPTutorial\WWW\guan.com\web/../source/application/super\view\article\index.php [ array (
  0 => 'base_url',
  1 => 'super_url',
  2 => 'group',
  3 => 'menus',
  4 => 'super',
  5 => 'setting',
  6 => 'list',
) ]
[ info ] [ LOG ] INIT File
[ sql ] [ DB ] CONNECT:[ UseTime:0.010542s ] mysql:host=127.0.0.1;port=3306;dbname=guan.com;charset=utf8
[ sql ] [ SQL ] SHOW COLUMNS FROM `hishop_art_category` [ RunTime:0.011634s ]
[ sql ] [ SQL ] SHOW COLUMNS FROM `hishop_article` [ RunTime:0.011484s ]
[ sql ] [ SQL ] SELECT COUNT(*) AS tp_count FROM `hishop_article` WHERE  `is_delete` = 0 LIMIT 1 [ RunTime:0.000439s ]
[ sql ] [ SQL ] SELECT *,(sales_initial + sales_actual) as article_sales FROM `hishop_article` WHERE  `is_delete` = 0 ORDER BY `article_sort`,`article_id` DESC LIMIT 0,15 [ RunTime:0.000507s ]
[ sql ] [ SQL ] SELECT * FROM `hishop_art_category` WHERE  `art_category_id` IN (10003) [ RunTime:0.000303s ]
[ sql ] [ SQL ] SHOW COLUMNS FROM `hishop_article_image` [ RunTime:0.014053s ]
[ sql ] [ SQL ] SELECT * FROM `hishop_article_image` WHERE  `article_id` IN (11,10,9,8,7,6,5,4,3) ORDER BY `id` ASC [ RunTime:0.000440s ]
[ sql ] [ SQL ] SHOW COLUMNS FROM `hishop_upload_file` [ RunTime:0.011686s ]
[ sql ] [ SQL ] SELECT * FROM `hishop_upload_file` WHERE  `file_id` IN (7,8,9,13,10,16,17,12,19) [ RunTime:0.000457s ]
---------------------------------------------------------------
[ 2021-11-10T20:44:49+08:00 ] 127.0.0.1 GET guan.com/super/goods/index
[运行时间：0.259207s] [吞吐率：3.86req/s] [内存消耗：2,953.66kb] [文件加载：68]
[ info ] [ LANG ] C:\Users\think\my\tool\phpstudy\PHPTutorial\WWW\guan.com\source\thinkphp\lang\zh-cn.php
[ info ] [ ROUTE ] array (
  'type' => 'module',
  'module' => 
  array (
    0 => 'super',
    1 => 'goods',
    2 => 'index',
  ),
)
[ info ] [ HEADER ] array (
  'cookie' => '_ga=GA1.1.1259448663.1622015294; _ga_7LRYQ700FD=GS1.1.1636548267.2.0.1636548267.0; PHPSESSID=3346926im36grm5emgsbldcr14',
  'accept-language' => 'zh-CN,zh;q=0.9',
  'accept-encoding' => 'gzip, deflate',
  'referer' => 'http://guan.com/super/article/index',
  'accept' => 'text/html,application/xhtml+xml,application/xml;q=0.9,image/webp,image/apng,*/*;q=0.8,application/signed-exchange;v=b3;q=0.9',
  'user-agent' => 'Mozilla/5.0 (Windows NT 10.0; WOW64) AppleWebKit/537.36 (KHTML, like Gecko) Chrome/80.0.3987.87 Safari/537.36 SE 2.X MetaSr 1.0',
  'upgrade-insecure-requests' => '1',
  'connection' => 'keep-alive',
  'host' => 'guan.com',
  'content-length' => '',
  'content-type' => '',
)
[ info ] [ PARAM ] array (
)
[ info ] [ SESSION ] INIT array (
  'id' => '',
  'var_session_id' => '',
  'prefix' => '',
  'type' => '',
  'auto_start' => true,
)
[ info ] [ DB ] INIT mysql
[ info ] [ CACHE ] INIT File
[ info ] [ RUN ] app\super\controller\Goods->index[ C:\Users\think\my\tool\phpstudy\PHPTutorial\WWW\guan.com\source\application\super\controller\Goods.php ]
[ info ] [ VIEW ] C:\Users\think\my\tool\phpstudy\PHPTutorial\WWW\guan.com\web/../source/application/super\view\goods\index.php [ array (
  0 => 'base_url',
  1 => 'super_url',
  2 => 'group',
  3 => 'menus',
  4 => 'super',
  5 => 'setting',
  6 => 'list',
) ]
[ info ] [ LOG ] INIT File
[ sql ] [ DB ] CONNECT:[ UseTime:0.010912s ] mysql:host=127.0.0.1;port=3306;dbname=guan.com;charset=utf8
[ sql ] [ SQL ] SHOW COLUMNS FROM `hishop_category` [ RunTime:0.011910s ]
[ sql ] [ SQL ] SHOW COLUMNS FROM `hishop_goods` [ RunTime:0.011841s ]
[ sql ] [ SQL ] SELECT COUNT(*) AS tp_count FROM `hishop_goods` WHERE  `is_delete` = 0 LIMIT 1 [ RunTime:0.000447s ]
[ sql ] [ SQL ] SELECT *,(sales_initial + sales_actual) as goods_sales FROM `hishop_goods` WHERE  `is_delete` = 0 ORDER BY `goods_sort`,`goods_id` DESC LIMIT 0,15 [ RunTime:0.000497s ]
[ sql ] [ SQL ] SELECT * FROM `hishop_category` WHERE  `category_id` IN (10008,10003,10009,10007) [ RunTime:0.000401s ]
[ sql ] [ SQL ] SHOW COLUMNS FROM `hishop_goods_image` [ RunTime:0.012097s ]
[ sql ] [ SQL ] SELECT * FROM `hishop_goods_image` WHERE  `goods_id` IN (11,10,9,8,7,6,5,4,3) ORDER BY `id` ASC [ RunTime:0.000377s ]
[ sql ] [ SQL ] SHOW COLUMNS FROM `hishop_upload_file` [ RunTime:0.011067s ]
[ sql ] [ SQL ] SELECT * FROM `hishop_upload_file` WHERE  `file_id` IN (5,10,12,13,15,16,17,18,19) [ RunTime:0.000819s ]
---------------------------------------------------------------
[ 2021-11-10T20:44:52+08:00 ] 127.0.0.1 GET guan.com/super/message/index
[运行时间：0.207357s] [吞吐率：4.82req/s] [内存消耗：2,527.35kb] [文件加载：60]
[ info ] [ LANG ] C:\Users\think\my\tool\phpstudy\PHPTutorial\WWW\guan.com\source\thinkphp\lang\zh-cn.php
[ info ] [ ROUTE ] array (
  'type' => 'module',
  'module' => 
  array (
    0 => 'super',
    1 => 'message',
    2 => 'index',
  ),
)
[ info ] [ HEADER ] array (
  'cookie' => '_ga=GA1.1.1259448663.1622015294; _ga_7LRYQ700FD=GS1.1.1636548267.2.0.1636548267.0; PHPSESSID=3346926im36grm5emgsbldcr14',
  'accept-language' => 'zh-CN,zh;q=0.9',
  'accept-encoding' => 'gzip, deflate',
  'referer' => 'http://guan.com/super/goods/index',
  'accept' => 'text/html,application/xhtml+xml,application/xml;q=0.9,image/webp,image/apng,*/*;q=0.8,application/signed-exchange;v=b3;q=0.9',
  'user-agent' => 'Mozilla/5.0 (Windows NT 10.0; WOW64) AppleWebKit/537.36 (KHTML, like Gecko) Chrome/80.0.3987.87 Safari/537.36 SE 2.X MetaSr 1.0',
  'upgrade-insecure-requests' => '1',
  'connection' => 'keep-alive',
  'host' => 'guan.com',
  'content-length' => '',
  'content-type' => '',
)
[ info ] [ PARAM ] array (
)
[ info ] [ SESSION ] INIT array (
  'id' => '',
  'var_session_id' => '',
  'prefix' => '',
  'type' => '',
  'auto_start' => true,
)
[ info ] [ DB ] INIT mysql
[ info ] [ CACHE ] INIT File
[ info ] [ RUN ] app\super\controller\Message->index[ C:\Users\think\my\tool\phpstudy\PHPTutorial\WWW\guan.com\source\application\super\controller\Message.php ]
[ info ] [ VIEW ] C:\Users\think\my\tool\phpstudy\PHPTutorial\WWW\guan.com\web/../source/application/super\view\message\index.php [ array (
  0 => 'base_url',
  1 => 'super_url',
  2 => 'group',
  3 => 'menus',
  4 => 'super',
  5 => 'setting',
  6 => 'list',
) ]
[ info ] [ LOG ] INIT File
[ sql ] [ DB ] CONNECT:[ UseTime:0.001578s ] mysql:host=127.0.0.1;port=3306;dbname=guan.com;charset=utf8
[ sql ] [ SQL ] SHOW COLUMNS FROM `hishop_message` [ RunTime:0.015146s ]
[ sql ] [ SQL ] SELECT COUNT(*) AS tp_count FROM `hishop_message` LIMIT 1 [ RunTime:0.000367s ]
[ sql ] [ SQL ] SELECT * FROM `hishop_message` ORDER BY `create_time` DESC LIMIT 0,15 [ RunTime:0.000386s ]
---------------------------------------------------------------
[ 2021-11-10T20:45:08+08:00 ] 127.0.0.1 GET guan.com/super/super.user/renew
[运行时间：0.127595s] [吞吐率：7.84req/s] [内存消耗：2,401.06kb] [文件加载：55]
[ info ] [ LANG ] C:\Users\think\my\tool\phpstudy\PHPTutorial\WWW\guan.com\source\thinkphp\lang\zh-cn.php
[ info ] [ ROUTE ] array (
  'type' => 'module',
  'module' => 
  array (
    0 => 'super',
    1 => 'super.user',
    2 => 'renew',
  ),
)
[ info ] [ HEADER ] array (
  'cookie' => '_ga=GA1.1.1259448663.1622015294; _ga_7LRYQ700FD=GS1.1.1636548267.2.0.1636548267.0; PHPSESSID=3346926im36grm5emgsbldcr14',
  'accept-language' => 'zh-CN,zh;q=0.9',
  'accept-encoding' => 'gzip, deflate',
  'referer' => 'http://guan.com/super/message/index',
  'accept' => 'text/html,application/xhtml+xml,application/xml;q=0.9,image/webp,image/apng,*/*;q=0.8,application/signed-exchange;v=b3;q=0.9',
  'user-agent' => 'Mozilla/5.0 (Windows NT 10.0; WOW64) AppleWebKit/537.36 (KHTML, like Gecko) Chrome/80.0.3987.87 Safari/537.36 SE 2.X MetaSr 1.0',
  'upgrade-insecure-requests' => '1',
  'connection' => 'keep-alive',
  'host' => 'guan.com',
  'content-length' => '',
  'content-type' => '',
)
[ info ] [ PARAM ] array (
)
[ info ] [ SESSION ] INIT array (
  'id' => '',
  'var_session_id' => '',
  'prefix' => '',
  'type' => '',
  'auto_start' => true,
)
[ info ] [ DB ] INIT mysql
[ info ] [ CACHE ] INIT File
[ info ] [ RUN ] app\super\controller\super\User->renew[ C:\Users\think\my\tool\phpstudy\PHPTutorial\WWW\guan.com\source\application\super\controller\super\User.php ]
[ info ] [ VIEW ] C:\Users\think\my\tool\phpstudy\PHPTutorial\WWW\guan.com\web/../source/application/super\view\super\user\renew.php [ array (
  0 => 'base_url',
  1 => 'super_url',
  2 => 'group',
  3 => 'menus',
  4 => 'super',
  5 => 'setting',
  6 => 'model',
) ]
[ info ] [ LOG ] INIT File
[ sql ] [ DB ] CONNECT:[ UseTime:0.001286s ] mysql:host=127.0.0.1;port=3306;dbname=guan.com;charset=utf8
[ sql ] [ SQL ] SHOW COLUMNS FROM `hishop_super` [ RunTime:0.011202s ]
[ sql ] [ SQL ] SELECT * FROM `hishop_super` WHERE  `super_id` = 1 LIMIT 1 [ RunTime:0.000394s ]
---------------------------------------------------------------
[ 2021-11-10T20:45:20+08:00 ] 127.0.0.1 GET guan.com/super/goods/index
[运行时间：0.221159s] [吞吐率：4.52req/s] [内存消耗：2,798.30kb] [文件加载：66]
[ info ] [ LANG ] C:\Users\think\my\tool\phpstudy\PHPTutorial\WWW\guan.com\source\thinkphp\lang\zh-cn.php
[ info ] [ ROUTE ] array (
  'type' => 'module',
  'module' => 
  array (
    0 => 'super',
    1 => 'goods',
    2 => 'index',
  ),
)
[ info ] [ HEADER ] array (
  'cookie' => '_ga=GA1.1.1259448663.1622015294; _ga_7LRYQ700FD=GS1.1.1636548267.2.0.1636548267.0; PHPSESSID=3346926im36grm5emgsbldcr14',
  'accept-language' => 'zh-CN,zh;q=0.9',
  'accept-encoding' => 'gzip, deflate',
  'referer' => 'http://guan.com/super/super.user/renew',
  'accept' => 'text/html,application/xhtml+xml,application/xml;q=0.9,image/webp,image/apng,*/*;q=0.8,application/signed-exchange;v=b3;q=0.9',
  'user-agent' => 'Mozilla/5.0 (Windows NT 10.0; WOW64) AppleWebKit/537.36 (KHTML, like Gecko) Chrome/80.0.3987.87 Safari/537.36 SE 2.X MetaSr 1.0',
  'upgrade-insecure-requests' => '1',
  'connection' => 'keep-alive',
  'host' => 'guan.com',
  'content-length' => '',
  'content-type' => '',
)
[ info ] [ PARAM ] array (
)
[ info ] [ SESSION ] INIT array (
  'id' => '',
  'var_session_id' => '',
  'prefix' => '',
  'type' => '',
  'auto_start' => true,
)
[ info ] [ DB ] INIT mysql
[ info ] [ CACHE ] INIT File
[ info ] [ RUN ] app\super\controller\Goods->index[ C:\Users\think\my\tool\phpstudy\PHPTutorial\WWW\guan.com\source\application\super\controller\Goods.php ]
[ info ] [ VIEW ] C:\Users\think\my\tool\phpstudy\PHPTutorial\WWW\guan.com\web/../source/application/super\view\goods\index.php [ array (
  0 => 'base_url',
  1 => 'super_url',
  2 => 'group',
  3 => 'menus',
  4 => 'super',
  5 => 'setting',
  6 => 'list',
) ]
[ info ] [ LOG ] INIT File
[ sql ] [ DB ] CONNECT:[ UseTime:0.011909s ] mysql:host=127.0.0.1;port=3306;dbname=guan.com;charset=utf8
[ sql ] [ SQL ] SHOW COLUMNS FROM `hishop_category` [ RunTime:0.015083s ]
[ sql ] [ SQL ] SHOW COLUMNS FROM `hishop_goods` [ RunTime:0.012379s ]
[ sql ] [ SQL ] SELECT COUNT(*) AS tp_count FROM `hishop_goods` WHERE  `is_delete` = 0 LIMIT 1 [ RunTime:0.000672s ]
[ sql ] [ SQL ] SELECT *,(sales_initial + sales_actual) as goods_sales FROM `hishop_goods` WHERE  `is_delete` = 0 ORDER BY `goods_sort`,`goods_id` DESC LIMIT 0,15 [ RunTime:0.000609s ]
[ sql ] [ SQL ] SELECT * FROM `hishop_category` WHERE  `category_id` IN (10008,10003,10009,10007) [ RunTime:0.000398s ]
[ sql ] [ SQL ] SHOW COLUMNS FROM `hishop_goods_image` [ RunTime:0.017352s ]
[ sql ] [ SQL ] SELECT * FROM `hishop_goods_image` WHERE  `goods_id` IN (11,10,9,8,7,6,5,4,3) ORDER BY `id` ASC [ RunTime:0.000611s ]
[ sql ] [ SQL ] SHOW COLUMNS FROM `hishop_upload_file` [ RunTime:0.015555s ]
[ sql ] [ SQL ] SELECT * FROM `hishop_upload_file` WHERE  `file_id` IN (5,10,12,13,15,16,17,18,19) [ RunTime:0.000540s ]
---------------------------------------------------------------
[ 2021-11-10T20:45:21+08:00 ] 127.0.0.1 GET guan.com/super/goods/edit?goods_id=11
[运行时间：0.218402s] [吞吐率：4.58req/s] [内存消耗：2,830.20kb] [文件加载：65]
[ info ] [ LANG ] C:\Users\think\my\tool\phpstudy\PHPTutorial\WWW\guan.com\source\thinkphp\lang\zh-cn.php
[ info ] [ ROUTE ] array (
  'type' => 'module',
  'module' => 
  array (
    0 => 'super',
    1 => 'goods',
    2 => 'edit',
  ),
)
[ info ] [ HEADER ] array (
  'cookie' => '_ga=GA1.1.1259448663.1622015294; _ga_7LRYQ700FD=GS1.1.1636548267.2.0.1636548267.0; PHPSESSID=3346926im36grm5emgsbldcr14',
  'accept-language' => 'zh-CN,zh;q=0.9',
  'accept-encoding' => 'gzip, deflate',
  'referer' => 'http://guan.com/super/goods/index',
  'accept' => 'text/html,application/xhtml+xml,application/xml;q=0.9,image/webp,image/apng,*/*;q=0.8,application/signed-exchange;v=b3;q=0.9',
  'user-agent' => 'Mozilla/5.0 (Windows NT 10.0; WOW64) AppleWebKit/537.36 (KHTML, like Gecko) Chrome/80.0.3987.87 Safari/537.36 SE 2.X MetaSr 1.0',
  'upgrade-insecure-requests' => '1',
  'connection' => 'keep-alive',
  'host' => 'guan.com',
  'content-length' => '',
  'content-type' => '',
)
[ info ] [ PARAM ] array (
  'goods_id' => '11',
)
[ info ] [ SESSION ] INIT array (
  'id' => '',
  'var_session_id' => '',
  'prefix' => '',
  'type' => '',
  'auto_start' => true,
)
[ info ] [ DB ] INIT mysql
[ info ] [ CACHE ] INIT File
[ info ] [ RUN ] app\super\controller\Goods->edit[ C:\Users\think\my\tool\phpstudy\PHPTutorial\WWW\guan.com\source\application\super\controller\Goods.php ]
[ info ] [ VIEW ] C:\Users\think\my\tool\phpstudy\PHPTutorial\WWW\guan.com\web/../source/application/super\view\goods\edit.php [ array (
  0 => 'base_url',
  1 => 'super_url',
  2 => 'group',
  3 => 'menus',
  4 => 'super',
  5 => 'setting',
  6 => 'model',
  7 => 'catgory',
) ]
[ info ] [ LOG ] INIT File
[ sql ] [ DB ] CONNECT:[ UseTime:0.012117s ] mysql:host=127.0.0.1;port=3306;dbname=guan.com;charset=utf8
[ sql ] [ SQL ] SHOW COLUMNS FROM `hishop_category` [ RunTime:0.015629s ]
[ sql ] [ SQL ] SHOW COLUMNS FROM `hishop_goods` [ RunTime:0.012035s ]
[ sql ] [ SQL ] SELECT * FROM `hishop_goods` WHERE  `goods_id` = 11 LIMIT 1 [ RunTime:0.000582s ]
[ sql ] [ SQL ] SELECT * FROM `hishop_category` WHERE  `category_id` = 10008 [ RunTime:0.000386s ]
[ sql ] [ SQL ] SHOW COLUMNS FROM `hishop_goods_image` [ RunTime:0.016349s ]
[ sql ] [ SQL ] SELECT * FROM `hishop_goods_image` WHERE  `goods_id` = 11 ORDER BY `id` ASC [ RunTime:0.000405s ]
[ sql ] [ SQL ] SHOW COLUMNS FROM `hishop_upload_file` [ RunTime:0.016957s ]
[ sql ] [ SQL ] SELECT * FROM `hishop_upload_file` WHERE  `file_id` IN (19) [ RunTime:0.000365s ]
