---------------------------------------------------------------
[ 2023-04-24T12:52:03+08:00 ] 127.0.0.1 GET guan.com/
[运行时间：0.845594s] [吞吐率：1.18req/s] [内存消耗：2,760.80kb] [文件加载：68]
[ info ] [ LANG ] C:\Users\think\my\tool\phpstudy\PHPTutorial\WWW\guan.com\source\thinkphp\lang\zh-cn.php
[ info ] [ ROUTE ] array (
  'type' => 'module',
  'module' => 
  array (
    0 => '',
    1 => NULL,
    2 => NULL,
  ),
)
[ info ] [ HEADER ] array (
  'cookie' => '_ga=GA1.1.1259448663.1622015294; _ga_7LRYQ700FD=GS1.1.1682074280.16.0.1682074280.0.0.0',
  'accept-language' => 'zh-CN,zh;q=0.9',
  'accept-encoding' => 'gzip, deflate',
  'accept' => 'text/html,application/xhtml+xml,application/xml;q=0.9,image/webp,image/apng,*/*;q=0.8,application/signed-exchange;v=b3;q=0.9',
  'user-agent' => 'Mozilla/5.0 (Windows NT 10.0; WOW64) AppleWebKit/537.36 (KHTML, like Gecko) Chrome/80.0.3987.87 Safari/537.36 SE 2.X MetaSr 1.0',
  'upgrade-insecure-requests' => '1',
  'connection' => 'keep-alive',
  'host' => 'guan.com',
  'content-length' => '',
  'content-type' => '',
)
[ info ] [ PARAM ] array (
)
[ info ] [ DB ] INIT mysql
[ info ] [ CACHE ] INIT File
[ info ] [ RUN ] app\index\controller\Index->index[ C:\Users\think\my\tool\phpstudy\PHPTutorial\WWW\guan.com\source\application\index\controller\Index.php ]
[ info ] [ VIEW ] C:\Users\think\my\tool\phpstudy\PHPTutorial\WWW\guan.com\web/../source/application/index\view\index\index.php [ array (
  0 => 'base_url',
  1 => 'group',
  2 => 'setting',
  3 => 'route',
  4 => 'seo',
  5 => 'goods',
  6 => 'article',
) ]
[ info ] [ LOG ] INIT File
[ sql ] [ DB ] CONNECT:[ UseTime:0.003634s ] mysql:host=127.0.0.1;port=3306;dbname=guan.com;charset=utf8
[ sql ] [ SQL ] SHOW COLUMNS FROM `hishop_category` [ RunTime:0.055213s ]
[ sql ] [ SQL ] SHOW COLUMNS FROM `hishop_goods` [ RunTime:0.036123s ]
[ sql ] [ SQL ] SELECT COUNT(*) AS tp_count FROM `hishop_goods` WHERE  `is_delete` = 0  AND `goods_status` = 10  AND `is_home` = 20 LIMIT 1 [ RunTime:0.000765s ]
[ sql ] [ SQL ] SELECT * FROM `hishop_goods` WHERE  `is_delete` = 0  AND `goods_status` = 10  AND `is_home` = 20 ORDER BY `sales_initial` DESC,`goods_sort` ASC LIMIT 0,10 [ RunTime:0.000839s ]
[ sql ] [ SQL ] SELECT * FROM `hishop_category` WHERE  `category_id` IN (10003,10009,10008,10007) [ RunTime:0.000745s ]
[ sql ] [ SQL ] SHOW COLUMNS FROM `hishop_goods_image` [ RunTime:0.038166s ]
[ sql ] [ SQL ] SELECT * FROM `hishop_goods_image` WHERE  `goods_id` IN (3,4,5,6,7,8,9,10,11) ORDER BY `id` ASC [ RunTime:0.000842s ]
[ sql ] [ SQL ] SHOW COLUMNS FROM `hishop_upload_file` [ RunTime:0.051535s ]
[ sql ] [ SQL ] SELECT * FROM `hishop_upload_file` WHERE  `file_id` IN (5,10,12,13,15,16,17,18,19) [ RunTime:0.001486s ]
[ sql ] [ SQL ] SHOW COLUMNS FROM `hishop_art_category` [ RunTime:0.045347s ]
[ sql ] [ SQL ] SHOW COLUMNS FROM `hishop_article` [ RunTime:0.040454s ]
[ sql ] [ SQL ] SELECT COUNT(*) AS tp_count FROM `hishop_article` WHERE  `is_delete` = 0  AND `article_status` = 10  AND `is_home` = 20 LIMIT 1 [ RunTime:0.001218s ]
[ sql ] [ SQL ] SELECT * FROM `hishop_article` WHERE  `is_delete` = 0  AND `article_status` = 10  AND `is_home` = 20 ORDER BY `sales_initial` DESC,`article_sort` ASC LIMIT 0,10 [ RunTime:0.001054s ]
[ sql ] [ SQL ] SELECT * FROM `hishop_art_category` WHERE  `art_category_id` IN (10003) [ RunTime:0.000635s ]
[ sql ] [ SQL ] SHOW COLUMNS FROM `hishop_article_image` [ RunTime:0.043461s ]
[ sql ] [ SQL ] SELECT * FROM `hishop_article_image` WHERE  `article_id` IN (3,4,5,6,7,8,9,10,11) ORDER BY `id` ASC [ RunTime:0.001061s ]
[ sql ] [ SQL ] SELECT * FROM `hishop_upload_file` WHERE  `file_id` IN (7,8,9,13,10,16,17,12,19) [ RunTime:0.000546s ]
---------------------------------------------------------------
[ 2023-04-24T14:21:13+08:00 ] 127.0.0.1 GET guan.com/
[运行时间：0.332761s] [吞吐率：3.01req/s] [内存消耗：2,760.80kb] [文件加载：68]
[ info ] [ LANG ] C:\Users\think\my\tool\phpstudy\PHPTutorial\WWW\guan.com\source\thinkphp\lang\zh-cn.php
[ info ] [ ROUTE ] array (
  'type' => 'module',
  'module' => 
  array (
    0 => '',
    1 => NULL,
    2 => NULL,
  ),
)
[ info ] [ HEADER ] array (
  'cookie' => '_ga=GA1.1.1259448663.1622015294; _ga_7LRYQ700FD=GS1.1.1682311924.17.0.1682311924.0.0.0',
  'accept-language' => 'zh-CN,zh;q=0.9',
  'accept-encoding' => 'gzip, deflate',
  'accept' => 'text/html,application/xhtml+xml,application/xml;q=0.9,image/webp,image/apng,*/*;q=0.8,application/signed-exchange;v=b3;q=0.9',
  'user-agent' => 'Mozilla/5.0 (Windows NT 10.0; WOW64) AppleWebKit/537.36 (KHTML, like Gecko) Chrome/80.0.3987.87 Safari/537.36 SE 2.X MetaSr 1.0',
  'upgrade-insecure-requests' => '1',
  'connection' => 'keep-alive',
  'host' => 'guan.com',
  'content-length' => '',
  'content-type' => '',
)
[ info ] [ PARAM ] array (
)
[ info ] [ DB ] INIT mysql
[ info ] [ CACHE ] INIT File
[ info ] [ RUN ] app\index\controller\Index->index[ C:\Users\think\my\tool\phpstudy\PHPTutorial\WWW\guan.com\source\application\index\controller\Index.php ]
[ info ] [ VIEW ] C:\Users\think\my\tool\phpstudy\PHPTutorial\WWW\guan.com\web/../source/application/index\view\index\index.php [ array (
  0 => 'base_url',
  1 => 'group',
  2 => 'setting',
  3 => 'route',
  4 => 'seo',
  5 => 'goods',
  6 => 'article',
) ]
[ info ] [ LOG ] INIT File
[ sql ] [ DB ] CONNECT:[ UseTime:0.001662s ] mysql:host=127.0.0.1;port=3306;dbname=guan.com;charset=utf8
[ sql ] [ SQL ] SHOW COLUMNS FROM `hishop_category` [ RunTime:0.016756s ]
[ sql ] [ SQL ] SHOW COLUMNS FROM `hishop_goods` [ RunTime:0.015820s ]
[ sql ] [ SQL ] SELECT COUNT(*) AS tp_count FROM `hishop_goods` WHERE  `is_delete` = 0  AND `goods_status` = 10  AND `is_home` = 20 LIMIT 1 [ RunTime:0.000633s ]
[ sql ] [ SQL ] SELECT * FROM `hishop_goods` WHERE  `is_delete` = 0  AND `goods_status` = 10  AND `is_home` = 20 ORDER BY `sales_initial` DESC,`goods_sort` ASC LIMIT 0,10 [ RunTime:0.000632s ]
[ sql ] [ SQL ] SELECT * FROM `hishop_category` WHERE  `category_id` IN (10003,10009,10008,10007) [ RunTime:0.000377s ]
[ sql ] [ SQL ] SHOW COLUMNS FROM `hishop_goods_image` [ RunTime:0.018583s ]
[ sql ] [ SQL ] SELECT * FROM `hishop_goods_image` WHERE  `goods_id` IN (3,4,5,6,7,8,9,10,11) ORDER BY `id` ASC [ RunTime:0.000391s ]
[ sql ] [ SQL ] SHOW COLUMNS FROM `hishop_upload_file` [ RunTime:0.017311s ]
[ sql ] [ SQL ] SELECT * FROM `hishop_upload_file` WHERE  `file_id` IN (5,10,12,13,15,16,17,18,19) [ RunTime:0.000432s ]
[ sql ] [ SQL ] SHOW COLUMNS FROM `hishop_art_category` [ RunTime:0.017620s ]
[ sql ] [ SQL ] SHOW COLUMNS FROM `hishop_article` [ RunTime:0.018990s ]
[ sql ] [ SQL ] SELECT COUNT(*) AS tp_count FROM `hishop_article` WHERE  `is_delete` = 0  AND `article_status` = 10  AND `is_home` = 20 LIMIT 1 [ RunTime:0.000450s ]
[ sql ] [ SQL ] SELECT * FROM `hishop_article` WHERE  `is_delete` = 0  AND `article_status` = 10  AND `is_home` = 20 ORDER BY `sales_initial` DESC,`article_sort` ASC LIMIT 0,10 [ RunTime:0.000449s ]
[ sql ] [ SQL ] SELECT * FROM `hishop_art_category` WHERE  `art_category_id` IN (10003) [ RunTime:0.000348s ]
[ sql ] [ SQL ] SHOW COLUMNS FROM `hishop_article_image` [ RunTime:0.021292s ]
[ sql ] [ SQL ] SELECT * FROM `hishop_article_image` WHERE  `article_id` IN (3,4,5,6,7,8,9,10,11) ORDER BY `id` ASC [ RunTime:0.000405s ]
[ sql ] [ SQL ] SELECT * FROM `hishop_upload_file` WHERE  `file_id` IN (7,8,9,13,10,16,17,12,19) [ RunTime:0.000931s ]
---------------------------------------------------------------
[ 2023-04-24T14:21:18+08:00 ] 127.0.0.1 GET guan.com/admin
[运行时间：0.077088s] [吞吐率：12.97req/s] [内存消耗：969.33kb] [文件加载：31]
[ info ] [ LANG ] C:\Users\think\my\tool\phpstudy\PHPTutorial\WWW\guan.com\source\thinkphp\lang\zh-cn.php
[ info ] [ ROUTE ] array (
  'type' => 'module',
  'module' => 
  array (
    0 => 'admin',
    1 => NULL,
    2 => NULL,
  ),
)
[ info ] [ HEADER ] array (
  'cookie' => '_ga=GA1.1.1259448663.1622015294; _ga_7LRYQ700FD=GS1.1.1682317273.18.0.1682317273.0.0.0',
  'accept-language' => 'zh-CN,zh;q=0.9',
  'accept-encoding' => 'gzip, deflate',
  'accept' => 'text/html,application/xhtml+xml,application/xml;q=0.9,image/webp,image/apng,*/*;q=0.8,application/signed-exchange;v=b3;q=0.9',
  'user-agent' => 'Mozilla/5.0 (Windows NT 10.0; WOW64) AppleWebKit/537.36 (KHTML, like Gecko) Chrome/80.0.3987.87 Safari/537.36 SE 2.X MetaSr 1.0',
  'upgrade-insecure-requests' => '1',
  'connection' => 'keep-alive',
  'host' => 'guan.com',
  'content-length' => '',
  'content-type' => '',
)
[ info ] [ PARAM ] array (
)
[ info ] [ LOG ] INIT File
---------------------------------------------------------------
[ 2023-04-24T14:21:18+08:00 ] 127.0.0.1 GET guan.com/admin
[运行时间：0.039375s] [吞吐率：25.40req/s] [内存消耗：969.33kb] [文件加载：31]
[ info ] [ LANG ] C:\Users\think\my\tool\phpstudy\PHPTutorial\WWW\guan.com\source\thinkphp\lang\zh-cn.php
[ info ] [ ROUTE ] array (
  'type' => 'module',
  'module' => 
  array (
    0 => 'admin',
    1 => NULL,
    2 => NULL,
  ),
)
[ info ] [ HEADER ] array (
  'cookie' => '_ga=GA1.1.1259448663.1622015294; _ga_7LRYQ700FD=GS1.1.1682317273.18.0.1682317273.0.0.0',
  'accept-language' => 'zh-CN,zh;q=0.9',
  'accept-encoding' => 'gzip, deflate',
  'accept' => 'text/html,application/xhtml+xml,application/xml;q=0.9,image/webp,image/apng,*/*;q=0.8,application/signed-exchange;v=b3;q=0.9',
  'user-agent' => 'Mozilla/5.0 (Windows NT 10.0; WOW64) AppleWebKit/537.36 (KHTML, like Gecko) Chrome/80.0.3987.87 Safari/537.36 SE 2.X MetaSr 1.0',
  'upgrade-insecure-requests' => '1',
  'connection' => 'keep-alive',
  'host' => 'guan.com',
  'content-length' => '',
  'content-type' => '',
)
[ info ] [ PARAM ] array (
)
[ info ] [ LOG ] INIT File
---------------------------------------------------------------
[ 2023-04-24T14:21:40+08:00 ] 127.0.0.1 GET guan.com/super
[运行时间：0.075268s] [吞吐率：13.29req/s] [内存消耗：1,215.85kb] [文件加载：40]
[ info ] [ LANG ] C:\Users\think\my\tool\phpstudy\PHPTutorial\WWW\guan.com\source\thinkphp\lang\zh-cn.php
[ info ] [ ROUTE ] array (
  'type' => 'module',
  'module' => 
  array (
    0 => 'super',
    1 => NULL,
    2 => NULL,
  ),
)
[ info ] [ HEADER ] array (
  'cookie' => '_ga=GA1.1.1259448663.1622015294; _ga_7LRYQ700FD=GS1.1.1682317273.18.0.1682317278.0.0.0',
  'accept-language' => 'zh-CN,zh;q=0.9',
  'accept-encoding' => 'gzip, deflate',
  'accept' => 'text/html,application/xhtml+xml,application/xml;q=0.9,image/webp,image/apng,*/*;q=0.8,application/signed-exchange;v=b3;q=0.9',
  'user-agent' => 'Mozilla/5.0 (Windows NT 10.0; WOW64) AppleWebKit/537.36 (KHTML, like Gecko) Chrome/80.0.3987.87 Safari/537.36 SE 2.X MetaSr 1.0',
  'upgrade-insecure-requests' => '1',
  'connection' => 'keep-alive',
  'host' => 'guan.com',
  'content-length' => '',
  'content-type' => '',
)
[ info ] [ PARAM ] array (
)
[ info ] [ SESSION ] INIT array (
  'id' => '',
  'var_session_id' => '',
  'prefix' => '',
  'type' => '',
  'auto_start' => true,
)
[ info ] [ LOG ] INIT File
---------------------------------------------------------------
[ 2023-04-24T14:21:40+08:00 ] 127.0.0.1 GET guan.com/super
[运行时间：0.059337s] [吞吐率：16.85req/s] [内存消耗：1,215.85kb] [文件加载：40]
[ info ] [ LANG ] C:\Users\think\my\tool\phpstudy\PHPTutorial\WWW\guan.com\source\thinkphp\lang\zh-cn.php
[ info ] [ ROUTE ] array (
  'type' => 'module',
  'module' => 
  array (
    0 => 'super',
    1 => NULL,
    2 => NULL,
  ),
)
[ info ] [ HEADER ] array (
  'cookie' => '_ga=GA1.1.1259448663.1622015294; _ga_7LRYQ700FD=GS1.1.1682317273.18.0.1682317278.0.0.0',
  'accept-language' => 'zh-CN,zh;q=0.9',
  'accept-encoding' => 'gzip, deflate',
  'accept' => 'text/html,application/xhtml+xml,application/xml;q=0.9,image/webp,image/apng,*/*;q=0.8,application/signed-exchange;v=b3;q=0.9',
  'user-agent' => 'Mozilla/5.0 (Windows NT 10.0; WOW64) AppleWebKit/537.36 (KHTML, like Gecko) Chrome/80.0.3987.87 Safari/537.36 SE 2.X MetaSr 1.0',
  'upgrade-insecure-requests' => '1',
  'connection' => 'keep-alive',
  'host' => 'guan.com',
  'content-length' => '',
  'content-type' => '',
)
[ info ] [ PARAM ] array (
)
[ info ] [ SESSION ] INIT array (
  'id' => '',
  'var_session_id' => '',
  'prefix' => '',
  'type' => '',
  'auto_start' => true,
)
[ info ] [ LOG ] INIT File
---------------------------------------------------------------
[ 2023-04-24T14:21:40+08:00 ] 127.0.0.1 GET guan.com/super/passport/login
[运行时间：0.053521s] [吞吐率：18.68req/s] [内存消耗：1,177.27kb] [文件加载：38]
[ info ] [ LANG ] C:\Users\think\my\tool\phpstudy\PHPTutorial\WWW\guan.com\source\thinkphp\lang\zh-cn.php
[ info ] [ ROUTE ] array (
  'type' => 'module',
  'module' => 
  array (
    0 => 'super',
    1 => 'passport',
    2 => 'login',
  ),
)
[ info ] [ HEADER ] array (
  'cookie' => '_ga=GA1.1.1259448663.1622015294; _ga_7LRYQ700FD=GS1.1.1682317273.18.0.1682317278.0.0.0; PHPSESSID=ra3d6mc6o0ud6rha6o5in647m4',
  'accept-language' => 'zh-CN,zh;q=0.9',
  'accept-encoding' => 'gzip, deflate',
  'accept' => 'text/html,application/xhtml+xml,application/xml;q=0.9,image/webp,image/apng,*/*;q=0.8,application/signed-exchange;v=b3;q=0.9',
  'user-agent' => 'Mozilla/5.0 (Windows NT 10.0; WOW64) AppleWebKit/537.36 (KHTML, like Gecko) Chrome/80.0.3987.87 Safari/537.36 SE 2.X MetaSr 1.0',
  'upgrade-insecure-requests' => '1',
  'connection' => 'keep-alive',
  'host' => 'guan.com',
  'content-length' => '',
  'content-type' => '',
)
[ info ] [ PARAM ] array (
)
[ info ] [ SESSION ] INIT array (
  'id' => '',
  'var_session_id' => '',
  'prefix' => '',
  'type' => '',
  'auto_start' => true,
)
[ info ] [ RUN ] app\super\controller\Passport->login[ C:\Users\think\my\tool\phpstudy\PHPTutorial\WWW\guan.com\source\application\super\controller\Passport.php ]
[ info ] [ VIEW ] C:\Users\think\my\tool\phpstudy\PHPTutorial\WWW\guan.com\web/../source/application/super\view\passport\login.php [ array (
) ]
[ info ] [ LOG ] INIT File
---------------------------------------------------------------
[ 2023-04-24T14:21:40+08:00 ] 127.0.0.1 GET guan.com/super/passport/login
[运行时间：0.055057s] [吞吐率：18.16req/s] [内存消耗：1,177.27kb] [文件加载：38]
[ info ] [ LANG ] C:\Users\think\my\tool\phpstudy\PHPTutorial\WWW\guan.com\source\thinkphp\lang\zh-cn.php
[ info ] [ ROUTE ] array (
  'type' => 'module',
  'module' => 
  array (
    0 => 'super',
    1 => 'passport',
    2 => 'login',
  ),
)
[ info ] [ HEADER ] array (
  'cookie' => '_ga=GA1.1.1259448663.1622015294; _ga_7LRYQ700FD=GS1.1.1682317273.18.0.1682317278.0.0.0; PHPSESSID=b3sju3q8bavqi5e1q1dntq9ko1',
  'accept-language' => 'zh-CN,zh;q=0.9',
  'accept-encoding' => 'gzip, deflate',
  'accept' => 'text/html,application/xhtml+xml,application/xml;q=0.9,image/webp,image/apng,*/*;q=0.8,application/signed-exchange;v=b3;q=0.9',
  'user-agent' => 'Mozilla/5.0 (Windows NT 10.0; WOW64) AppleWebKit/537.36 (KHTML, like Gecko) Chrome/80.0.3987.87 Safari/537.36 SE 2.X MetaSr 1.0',
  'upgrade-insecure-requests' => '1',
  'connection' => 'keep-alive',
  'host' => 'guan.com',
  'content-length' => '',
  'content-type' => '',
)
[ info ] [ PARAM ] array (
)
[ info ] [ SESSION ] INIT array (
  'id' => '',
  'var_session_id' => '',
  'prefix' => '',
  'type' => '',
  'auto_start' => true,
)
[ info ] [ RUN ] app\super\controller\Passport->login[ C:\Users\think\my\tool\phpstudy\PHPTutorial\WWW\guan.com\source\application\super\controller\Passport.php ]
[ info ] [ VIEW ] C:\Users\think\my\tool\phpstudy\PHPTutorial\WWW\guan.com\web/../source/application/super\view\passport\login.php [ array (
) ]
[ info ] [ LOG ] INIT File
---------------------------------------------------------------
[ 2023-04-24T14:21:40+08:00 ] 127.0.0.1 GET guan.com/assets/admin/i/favicon.ico
[运行时间：0.057271s] [吞吐率：17.46req/s] [内存消耗：968.96kb] [文件加载：31]
[ info ] [ LANG ] C:\Users\think\my\tool\phpstudy\PHPTutorial\WWW\guan.com\source\thinkphp\lang\zh-cn.php
[ info ] [ ROUTE ] array (
  'type' => 'module',
  'module' => 
  array (
    0 => 'assets',
    1 => 'admin',
    2 => 'i',
  ),
)
[ info ] [ HEADER ] array (
  'cookie' => '_ga=GA1.1.1259448663.1622015294; _ga_7LRYQ700FD=GS1.1.1682317273.18.0.1682317278.0.0.0; PHPSESSID=b3sju3q8bavqi5e1q1dntq9ko1',
  'accept-encoding' => 'gzip, deflate',
  'user-agent' => 'Mozilla/5.0 (Windows NT 10.0; WOW64) AppleWebKit/537.36 (KHTML, like Gecko) Chrome/80.0.3987.87 Safari/537.36 SE 2.X MetaSr 1.0',
  'cache-control' => 'no-cache',
  'pragma' => 'no-cache',
  'connection' => 'keep-alive',
  'host' => 'guan.com',
  'content-length' => '',
  'content-type' => '',
)
[ info ] [ PARAM ] array (
)
[ info ] [ LOG ] INIT File
---------------------------------------------------------------
[ 2023-04-24T14:21:40+08:00 ] 127.0.0.1 GET guan.com/assets/admin/i/favicon.ico
[运行时间：0.077528s] [吞吐率：12.90req/s] [内存消耗：968.96kb] [文件加载：31]
[ info ] [ LANG ] C:\Users\think\my\tool\phpstudy\PHPTutorial\WWW\guan.com\source\thinkphp\lang\zh-cn.php
[ info ] [ ROUTE ] array (
  'type' => 'module',
  'module' => 
  array (
    0 => 'assets',
    1 => 'admin',
    2 => 'i',
  ),
)
[ info ] [ HEADER ] array (
  'cookie' => '_ga=GA1.1.1259448663.1622015294; _ga_7LRYQ700FD=GS1.1.1682317273.18.0.1682317278.0.0.0; PHPSESSID=b3sju3q8bavqi5e1q1dntq9ko1',
  'accept-encoding' => 'gzip, deflate',
  'user-agent' => 'Mozilla/5.0 (Windows NT 10.0; WOW64) AppleWebKit/537.36 (KHTML, like Gecko) Chrome/80.0.3987.87 Safari/537.36 SE 2.X MetaSr 1.0',
  'cache-control' => 'no-cache',
  'pragma' => 'no-cache',
  'connection' => 'keep-alive',
  'host' => 'guan.com',
  'content-length' => '',
  'content-type' => '',
)
[ info ] [ PARAM ] array (
)
[ info ] [ LOG ] INIT File
---------------------------------------------------------------
[ 2023-04-24T14:21:42+08:00 ] 127.0.0.1 POST guan.com/super/passport/login
[运行时间：0.111078s] [吞吐率：9.00req/s] [内存消耗：2,114.11kb] [文件加载：49]
[ info ] [ LANG ] C:\Users\think\my\tool\phpstudy\PHPTutorial\WWW\guan.com\source\thinkphp\lang\zh-cn.php
[ info ] [ ROUTE ] array (
  'type' => 'module',
  'module' => 
  array (
    0 => 'super',
    1 => 'passport',
    2 => 'login',
  ),
)
[ info ] [ HEADER ] array (
  'cookie' => '_ga=GA1.1.1259448663.1622015294; _ga_7LRYQ700FD=GS1.1.1682317273.18.0.1682317278.0.0.0; PHPSESSID=b3sju3q8bavqi5e1q1dntq9ko1',
  'accept-language' => 'zh-CN,zh;q=0.9',
  'accept-encoding' => 'gzip, deflate',
  'referer' => 'http://guan.com/super/passport/login',
  'content-type' => 'application/x-www-form-urlencoded; charset=UTF-8',
  'user-agent' => 'Mozilla/5.0 (Windows NT 10.0; WOW64) AppleWebKit/537.36 (KHTML, like Gecko) Chrome/80.0.3987.87 Safari/537.36 SE 2.X MetaSr 1.0',
  'x-requested-with' => 'XMLHttpRequest',
  'origin' => 'http://guan.com',
  'accept' => 'application/json, text/javascript, */*; q=0.01',
  'content-length' => '50',
  'connection' => 'keep-alive',
  'host' => 'guan.com',
)
[ info ] [ PARAM ] array (
  'User' => 
  array (
    'user_name' => 'admin',
    'password' => 'admin',
  ),
)
[ info ] [ SESSION ] INIT array (
  'id' => '',
  'var_session_id' => '',
  'prefix' => '',
  'type' => '',
  'auto_start' => true,
)
[ info ] [ RUN ] app\super\controller\Passport->login[ C:\Users\think\my\tool\phpstudy\PHPTutorial\WWW\guan.com\source\application\super\controller\Passport.php ]
[ info ] [ DB ] INIT mysql
[ info ] [ LOG ] INIT File
[ sql ] [ DB ] CONNECT:[ UseTime:0.001560s ] mysql:host=127.0.0.1;port=3306;dbname=guan.com;charset=utf8
[ sql ] [ SQL ] SHOW COLUMNS FROM `hishop_super` [ RunTime:0.019365s ]
[ sql ] [ SQL ] SELECT * FROM `hishop_super` WHERE  `user_name` = 'admin'  AND `password` = '2150fc4fd844434de6ecf45439b5b556' LIMIT 1 [ RunTime:0.000465s ]
---------------------------------------------------------------
[ 2023-04-24T14:21:44+08:00 ] 127.0.0.1 GET guan.com/super/index/index
[运行时间：0.078751s] [吞吐率：12.70req/s] [内存消耗：2,098.36kb] [文件加载：51]
[ info ] [ LANG ] C:\Users\think\my\tool\phpstudy\PHPTutorial\WWW\guan.com\source\thinkphp\lang\zh-cn.php
[ info ] [ ROUTE ] array (
  'type' => 'module',
  'module' => 
  array (
    0 => 'super',
    1 => 'index',
    2 => 'index',
  ),
)
[ info ] [ HEADER ] array (
  'cookie' => '_ga=GA1.1.1259448663.1622015294; _ga_7LRYQ700FD=GS1.1.1682317273.18.0.1682317278.0.0.0; PHPSESSID=b3sju3q8bavqi5e1q1dntq9ko1',
  'accept-language' => 'zh-CN,zh;q=0.9',
  'accept-encoding' => 'gzip, deflate',
  'referer' => 'http://guan.com/super/passport/login',
  'accept' => 'text/html,application/xhtml+xml,application/xml;q=0.9,image/webp,image/apng,*/*;q=0.8,application/signed-exchange;v=b3;q=0.9',
  'user-agent' => 'Mozilla/5.0 (Windows NT 10.0; WOW64) AppleWebKit/537.36 (KHTML, like Gecko) Chrome/80.0.3987.87 Safari/537.36 SE 2.X MetaSr 1.0',
  'upgrade-insecure-requests' => '1',
  'connection' => 'keep-alive',
  'host' => 'guan.com',
  'content-length' => '',
  'content-type' => '',
)
[ info ] [ PARAM ] array (
)
[ info ] [ SESSION ] INIT array (
  'id' => '',
  'var_session_id' => '',
  'prefix' => '',
  'type' => '',
  'auto_start' => true,
)
[ info ] [ DB ] INIT mysql
[ info ] [ CACHE ] INIT File
[ info ] [ RUN ] app\super\controller\Index->index[ C:\Users\think\my\tool\phpstudy\PHPTutorial\WWW\guan.com\source\application\super\controller\Index.php ]
[ info ] [ VIEW ] C:\Users\think\my\tool\phpstudy\PHPTutorial\WWW\guan.com\web/../source/application/super\view\index\index.php [ array (
  0 => 'base_url',
  1 => 'super_url',
  2 => 'group',
  3 => 'menus',
  4 => 'super',
  5 => 'setting',
) ]
[ info ] [ LOG ] INIT File
---------------------------------------------------------------
[ 2023-04-24T14:21:45+08:00 ] 127.0.0.1 GET guan.com/super/goods/index
[运行时间：0.195238s] [吞吐率：5.12req/s] [内存消耗：2,586.15kb] [文件加载：66]
[ info ] [ LANG ] C:\Users\think\my\tool\phpstudy\PHPTutorial\WWW\guan.com\source\thinkphp\lang\zh-cn.php
[ info ] [ ROUTE ] array (
  'type' => 'module',
  'module' => 
  array (
    0 => 'super',
    1 => 'goods',
    2 => 'index',
  ),
)
[ info ] [ HEADER ] array (
  'cookie' => '_ga=GA1.1.1259448663.1622015294; _ga_7LRYQ700FD=GS1.1.1682317273.18.0.1682317278.0.0.0; PHPSESSID=b3sju3q8bavqi5e1q1dntq9ko1',
  'accept-language' => 'zh-CN,zh;q=0.9',
  'accept-encoding' => 'gzip, deflate',
  'referer' => 'http://guan.com/super/index/index',
  'accept' => 'text/html,application/xhtml+xml,application/xml;q=0.9,image/webp,image/apng,*/*;q=0.8,application/signed-exchange;v=b3;q=0.9',
  'user-agent' => 'Mozilla/5.0 (Windows NT 10.0; WOW64) AppleWebKit/537.36 (KHTML, like Gecko) Chrome/80.0.3987.87 Safari/537.36 SE 2.X MetaSr 1.0',
  'upgrade-insecure-requests' => '1',
  'connection' => 'keep-alive',
  'host' => 'guan.com',
  'content-length' => '',
  'content-type' => '',
)
[ info ] [ PARAM ] array (
)
[ info ] [ SESSION ] INIT array (
  'id' => '',
  'var_session_id' => '',
  'prefix' => '',
  'type' => '',
  'auto_start' => true,
)
[ info ] [ DB ] INIT mysql
[ info ] [ CACHE ] INIT File
[ info ] [ RUN ] app\super\controller\Goods->index[ C:\Users\think\my\tool\phpstudy\PHPTutorial\WWW\guan.com\source\application\super\controller\Goods.php ]
[ info ] [ VIEW ] C:\Users\think\my\tool\phpstudy\PHPTutorial\WWW\guan.com\web/../source/application/super\view\goods\index.php [ array (
  0 => 'base_url',
  1 => 'super_url',
  2 => 'group',
  3 => 'menus',
  4 => 'super',
  5 => 'setting',
  6 => 'list',
) ]
[ info ] [ LOG ] INIT File
[ sql ] [ DB ] CONNECT:[ UseTime:0.012025s ] mysql:host=127.0.0.1;port=3306;dbname=guan.com;charset=utf8
[ sql ] [ SQL ] SHOW COLUMNS FROM `hishop_category` [ RunTime:0.016174s ]
[ sql ] [ SQL ] SHOW COLUMNS FROM `hishop_goods` [ RunTime:0.016516s ]
[ sql ] [ SQL ] SELECT COUNT(*) AS tp_count FROM `hishop_goods` WHERE  `is_delete` = 0 LIMIT 1 [ RunTime:0.000509s ]
[ sql ] [ SQL ] SELECT *,(sales_initial + sales_actual) as goods_sales FROM `hishop_goods` WHERE  `is_delete` = 0 ORDER BY `goods_sort`,`goods_id` DESC LIMIT 0,15 [ RunTime:0.002135s ]
[ sql ] [ SQL ] SELECT * FROM `hishop_category` WHERE  `category_id` IN (10008,10003,10009,10007) [ RunTime:0.000481s ]
[ sql ] [ SQL ] SHOW COLUMNS FROM `hishop_goods_image` [ RunTime:0.012944s ]
[ sql ] [ SQL ] SELECT * FROM `hishop_goods_image` WHERE  `goods_id` IN (11,10,9,8,7,6,5,4,3) ORDER BY `id` ASC [ RunTime:0.000400s ]
[ sql ] [ SQL ] SHOW COLUMNS FROM `hishop_upload_file` [ RunTime:0.011758s ]
[ sql ] [ SQL ] SELECT * FROM `hishop_upload_file` WHERE  `file_id` IN (5,10,12,13,15,16,17,18,19) [ RunTime:0.000861s ]
---------------------------------------------------------------
[ 2023-04-24T14:21:46+08:00 ] 127.0.0.1 GET guan.com/super/article/index
[运行时间：0.171721s] [吞吐率：5.82req/s] [内存消耗：2,614.10kb] [文件加载：66]
[ info ] [ LANG ] C:\Users\think\my\tool\phpstudy\PHPTutorial\WWW\guan.com\source\thinkphp\lang\zh-cn.php
[ info ] [ ROUTE ] array (
  'type' => 'module',
  'module' => 
  array (
    0 => 'super',
    1 => 'article',
    2 => 'index',
  ),
)
[ info ] [ HEADER ] array (
  'cookie' => '_ga=GA1.1.1259448663.1622015294; _ga_7LRYQ700FD=GS1.1.1682317273.18.0.1682317278.0.0.0; PHPSESSID=b3sju3q8bavqi5e1q1dntq9ko1',
  'accept-language' => 'zh-CN,zh;q=0.9',
  'accept-encoding' => 'gzip, deflate',
  'referer' => 'http://guan.com/super/goods/index',
  'accept' => 'text/html,application/xhtml+xml,application/xml;q=0.9,image/webp,image/apng,*/*;q=0.8,application/signed-exchange;v=b3;q=0.9',
  'user-agent' => 'Mozilla/5.0 (Windows NT 10.0; WOW64) AppleWebKit/537.36 (KHTML, like Gecko) Chrome/80.0.3987.87 Safari/537.36 SE 2.X MetaSr 1.0',
  'upgrade-insecure-requests' => '1',
  'connection' => 'keep-alive',
  'host' => 'guan.com',
  'content-length' => '',
  'content-type' => '',
)
[ info ] [ PARAM ] array (
)
[ info ] [ SESSION ] INIT array (
  'id' => '',
  'var_session_id' => '',
  'prefix' => '',
  'type' => '',
  'auto_start' => true,
)
[ info ] [ DB ] INIT mysql
[ info ] [ CACHE ] INIT File
[ info ] [ RUN ] app\super\controller\Article->index[ C:\Users\think\my\tool\phpstudy\PHPTutorial\WWW\guan.com\source\application\super\controller\Article.php ]
[ info ] [ VIEW ] C:\Users\think\my\tool\phpstudy\PHPTutorial\WWW\guan.com\web/../source/application/super\view\article\index.php [ array (
  0 => 'base_url',
  1 => 'super_url',
  2 => 'group',
  3 => 'menus',
  4 => 'super',
  5 => 'setting',
  6 => 'list',
) ]
[ info ] [ LOG ] INIT File
[ sql ] [ DB ] CONNECT:[ UseTime:0.005506s ] mysql:host=127.0.0.1;port=3306;dbname=guan.com;charset=utf8
[ sql ] [ SQL ] SHOW COLUMNS FROM `hishop_art_category` [ RunTime:0.011365s ]
[ sql ] [ SQL ] SHOW COLUMNS FROM `hishop_article` [ RunTime:0.012294s ]
[ sql ] [ SQL ] SELECT COUNT(*) AS tp_count FROM `hishop_article` WHERE  `is_delete` = 0 LIMIT 1 [ RunTime:0.000487s ]
[ sql ] [ SQL ] SELECT *,(sales_initial + sales_actual) as article_sales FROM `hishop_article` WHERE  `is_delete` = 0 ORDER BY `article_sort`,`article_id` DESC LIMIT 0,15 [ RunTime:0.000519s ]
[ sql ] [ SQL ] SELECT * FROM `hishop_art_category` WHERE  `art_category_id` IN (10003) [ RunTime:0.000339s ]
[ sql ] [ SQL ] SHOW COLUMNS FROM `hishop_article_image` [ RunTime:0.011254s ]
[ sql ] [ SQL ] SELECT * FROM `hishop_article_image` WHERE  `article_id` IN (11,10,9,8,7,6,5,4,3) ORDER BY `id` ASC [ RunTime:0.000443s ]
[ sql ] [ SQL ] SHOW COLUMNS FROM `hishop_upload_file` [ RunTime:0.011523s ]
[ sql ] [ SQL ] SELECT * FROM `hishop_upload_file` WHERE  `file_id` IN (7,8,9,13,10,16,17,12,19) [ RunTime:0.000400s ]
---------------------------------------------------------------
[ 2023-04-24T14:21:47+08:00 ] 127.0.0.1 GET guan.com/super/message/index
[运行时间：0.109009s] [吞吐率：9.17req/s] [内存消耗：2,285.99kb] [文件加载：58]
[ info ] [ LANG ] C:\Users\think\my\tool\phpstudy\PHPTutorial\WWW\guan.com\source\thinkphp\lang\zh-cn.php
[ info ] [ ROUTE ] array (
  'type' => 'module',
  'module' => 
  array (
    0 => 'super',
    1 => 'message',
    2 => 'index',
  ),
)
[ info ] [ HEADER ] array (
  'cookie' => '_ga=GA1.1.1259448663.1622015294; _ga_7LRYQ700FD=GS1.1.1682317273.18.0.1682317278.0.0.0; PHPSESSID=b3sju3q8bavqi5e1q1dntq9ko1',
  'accept-language' => 'zh-CN,zh;q=0.9',
  'accept-encoding' => 'gzip, deflate',
  'referer' => 'http://guan.com/super/article/index',
  'accept' => 'text/html,application/xhtml+xml,application/xml;q=0.9,image/webp,image/apng,*/*;q=0.8,application/signed-exchange;v=b3;q=0.9',
  'user-agent' => 'Mozilla/5.0 (Windows NT 10.0; WOW64) AppleWebKit/537.36 (KHTML, like Gecko) Chrome/80.0.3987.87 Safari/537.36 SE 2.X MetaSr 1.0',
  'upgrade-insecure-requests' => '1',
  'connection' => 'keep-alive',
  'host' => 'guan.com',
  'content-length' => '',
  'content-type' => '',
)
[ info ] [ PARAM ] array (
)
[ info ] [ SESSION ] INIT array (
  'id' => '',
  'var_session_id' => '',
  'prefix' => '',
  'type' => '',
  'auto_start' => true,
)
[ info ] [ DB ] INIT mysql
[ info ] [ CACHE ] INIT File
[ info ] [ RUN ] app\super\controller\Message->index[ C:\Users\think\my\tool\phpstudy\PHPTutorial\WWW\guan.com\source\application\super\controller\Message.php ]
[ info ] [ VIEW ] C:\Users\think\my\tool\phpstudy\PHPTutorial\WWW\guan.com\web/../source/application/super\view\message\index.php [ array (
  0 => 'base_url',
  1 => 'super_url',
  2 => 'group',
  3 => 'menus',
  4 => 'super',
  5 => 'setting',
  6 => 'list',
) ]
[ info ] [ LOG ] INIT File
[ sql ] [ DB ] CONNECT:[ UseTime:0.001277s ] mysql:host=127.0.0.1;port=3306;dbname=guan.com;charset=utf8
[ sql ] [ SQL ] SHOW COLUMNS FROM `hishop_message` [ RunTime:0.017030s ]
[ sql ] [ SQL ] SELECT COUNT(*) AS tp_count FROM `hishop_message` LIMIT 1 [ RunTime:0.000446s ]
[ sql ] [ SQL ] SELECT * FROM `hishop_message` ORDER BY `create_time` DESC LIMIT 0,15 [ RunTime:0.000456s ]
---------------------------------------------------------------
[ 2023-04-24T14:21:47+08:00 ] 127.0.0.1 GET guan.com/super/setting/store
[运行时间：0.094767s] [吞吐率：10.55req/s] [内存消耗：2,231.89kb] [文件加载：53]
[ info ] [ LANG ] C:\Users\think\my\tool\phpstudy\PHPTutorial\WWW\guan.com\source\thinkphp\lang\zh-cn.php
[ info ] [ ROUTE ] array (
  'type' => 'module',
  'module' => 
  array (
    0 => 'super',
    1 => 'setting',
    2 => 'store',
  ),
)
[ info ] [ HEADER ] array (
  'cookie' => '_ga=GA1.1.1259448663.1622015294; _ga_7LRYQ700FD=GS1.1.1682317273.18.0.1682317278.0.0.0; PHPSESSID=b3sju3q8bavqi5e1q1dntq9ko1',
  'accept-language' => 'zh-CN,zh;q=0.9',
  'accept-encoding' => 'gzip, deflate',
  'referer' => 'http://guan.com/super/message/index',
  'accept' => 'text/html,application/xhtml+xml,application/xml;q=0.9,image/webp,image/apng,*/*;q=0.8,application/signed-exchange;v=b3;q=0.9',
  'user-agent' => 'Mozilla/5.0 (Windows NT 10.0; WOW64) AppleWebKit/537.36 (KHTML, like Gecko) Chrome/80.0.3987.87 Safari/537.36 SE 2.X MetaSr 1.0',
  'upgrade-insecure-requests' => '1',
  'connection' => 'keep-alive',
  'host' => 'guan.com',
  'content-length' => '',
  'content-type' => '',
)
[ info ] [ PARAM ] array (
)
[ info ] [ SESSION ] INIT array (
  'id' => '',
  'var_session_id' => '',
  'prefix' => '',
  'type' => '',
  'auto_start' => true,
)
[ info ] [ DB ] INIT mysql
[ info ] [ CACHE ] INIT File
[ info ] [ RUN ] app\super\controller\Setting->store[ C:\Users\think\my\tool\phpstudy\PHPTutorial\WWW\guan.com\source\application\super\controller\Setting.php ]
[ info ] [ VIEW ] C:\Users\think\my\tool\phpstudy\PHPTutorial\WWW\guan.com\web/../source/application/super\view\setting\store.php [ array (
  0 => 'base_url',
  1 => 'super_url',
  2 => 'group',
  3 => 'menus',
  4 => 'super',
  5 => 'setting',
  6 => 'values',
) ]
[ info ] [ LOG ] INIT File
