---------------------------------------------------------------
[ 2022-06-30T13:21:03+08:00 ] 127.0.0.1 GET guan.com/favicon.ico
[运行时间：0.163094s] [吞吐率：6.13req/s] [内存消耗：968.55kb] [文件加载：31]
[ info ] [ LANG ] C:\Users\think\my\tool\phpstudy\PHPTutorial\WWW\guan.com\source\thinkphp\lang\zh-cn.php
[ info ] [ ROUTE ] array (
  'type' => 'module',
  'module' => 
  array (
    0 => 'favicon',
    1 => NULL,
    2 => NULL,
  ),
)
[ info ] [ HEADER ] array (
  'cookie' => '_ga=GA1.1.1259448663.1622015294; _ga_7LRYQ700FD=GS1.1.1654755890.11.0.1654755890.0',
  'accept-encoding' => 'gzip, deflate',
  'user-agent' => 'Mozilla/5.0 (Windows NT 10.0; WOW64) AppleWebKit/537.36 (KHTML, like Gecko) Chrome/80.0.3987.87 Safari/537.36 SE 2.X MetaSr 1.0',
  'cache-control' => 'no-cache',
  'pragma' => 'no-cache',
  'connection' => 'keep-alive',
  'host' => 'guan.com',
  'content-length' => '',
  'content-type' => '',
)
[ info ] [ PARAM ] array (
)
[ info ] [ LOG ] INIT File
