---------------------------------------------------------------
[ 2021-04-27T21:54:34+08:00 ] 127.0.0.1 GET guan.com/product/
[运行时间：0.109007s] [吞吐率：9.17req/s] [内存消耗：967.71kb] [文件加载：31]
[ info ] [ LANG ] C:\Users\think\my\tool\phpstudy\PHPTutorial\WWW\guan.com\source\thinkphp\lang\zh-cn.php
[ info ] [ ROUTE ] array (
  'type' => 'module',
  'module' => 
  array (
    0 => 'product',
    1 => NULL,
    2 => NULL,
  ),
)
[ info ] [ HEADER ] array (
  'accept-language' => 'zh-CN,zh;q=0.9',
  'accept-encoding' => 'gzip, deflate',
  'accept' => 'text/html,application/xhtml+xml,application/xml;q=0.9,image/webp,image/apng,*/*;q=0.8',
  'user-agent' => 'Mozilla/5.0 (Windows NT 10.0; WOW64) AppleWebKit/537.36 (KHTML, like Gecko) Chrome/65.0.3314.0 Safari/537.36 SE 2.X MetaSr 1.0',
  'upgrade-insecure-requests' => '1',
  'connection' => 'keep-alive',
  'host' => 'guan.com',
  'content-length' => '',
  'content-type' => '',
)
[ info ] [ PARAM ] array (
)
[ info ] [ LOG ] INIT File
---------------------------------------------------------------
[ 2021-04-27T21:54:37+08:00 ] 127.0.0.1 GET guan.com/
[运行时间：0.374618s] [吞吐率：2.67req/s] [内存消耗：2,584.13kb] [文件加载：68]
[ info ] [ LANG ] C:\Users\think\my\tool\phpstudy\PHPTutorial\WWW\guan.com\source\thinkphp\lang\zh-cn.php
[ info ] [ ROUTE ] array (
  'type' => 'module',
  'module' => 
  array (
    0 => '',
    1 => NULL,
    2 => NULL,
  ),
)
[ info ] [ HEADER ] array (
  'accept-language' => 'zh-CN,zh;q=0.9',
  'accept-encoding' => 'gzip, deflate',
  'accept' => 'text/html,application/xhtml+xml,application/xml;q=0.9,image/webp,image/apng,*/*;q=0.8',
  'user-agent' => 'Mozilla/5.0 (Windows NT 10.0; WOW64) AppleWebKit/537.36 (KHTML, like Gecko) Chrome/65.0.3314.0 Safari/537.36 SE 2.X MetaSr 1.0',
  'upgrade-insecure-requests' => '1',
  'connection' => 'keep-alive',
  'host' => 'guan.com',
  'content-length' => '',
  'content-type' => '',
)
[ info ] [ PARAM ] array (
)
[ info ] [ DB ] INIT mysql
[ info ] [ CACHE ] INIT File
[ info ] [ RUN ] app\index\controller\Index->index[ C:\Users\think\my\tool\phpstudy\PHPTutorial\WWW\guan.com\source\application\index\controller\Index.php ]
[ info ] [ VIEW ] C:\Users\think\my\tool\phpstudy\PHPTutorial\WWW\guan.com\web/../source/application/index\view\index\index.php [ array (
  0 => 'base_url',
  1 => 'group',
  2 => 'setting',
  3 => 'route',
  4 => 'goods',
  5 => 'article',
) ]
[ info ] [ LOG ] INIT File
[ sql ] [ DB ] CONNECT:[ UseTime:0.013030s ] mysql:host=127.0.0.1;port=3306;dbname=guan.com;charset=utf8
[ sql ] [ SQL ] SHOW COLUMNS FROM `hishop_category` [ RunTime:0.017599s ]
[ sql ] [ SQL ] SHOW COLUMNS FROM `hishop_goods` [ RunTime:0.014166s ]
[ sql ] [ SQL ] SELECT COUNT(*) AS tp_count FROM `hishop_goods` WHERE  `is_delete` = 0  AND `goods_status` = 10  AND `is_home` = 20 LIMIT 1 [ RunTime:0.000542s ]
[ sql ] [ SQL ] SELECT * FROM `hishop_goods` WHERE  `is_delete` = 0  AND `goods_status` = 10  AND `is_home` = 20 ORDER BY `sales_initial` DESC,`goods_sort` ASC LIMIT 0,10 [ RunTime:0.000386s ]
[ sql ] [ SQL ] SELECT * FROM `hishop_category` WHERE  `category_id` IN (10002) [ RunTime:0.000381s ]
[ sql ] [ SQL ] SHOW COLUMNS FROM `hishop_goods_image` [ RunTime:0.014486s ]
[ sql ] [ SQL ] SELECT * FROM `hishop_goods_image` WHERE  `goods_id` IN (1,2) ORDER BY `id` ASC [ RunTime:0.000438s ]
[ sql ] [ SQL ] SHOW COLUMNS FROM `hishop_upload_file` [ RunTime:0.014502s ]
[ sql ] [ SQL ] SELECT * FROM `hishop_upload_file` WHERE  `file_id` IN (3,4) [ RunTime:0.000462s ]
[ sql ] [ SQL ] SHOW COLUMNS FROM `hishop_art_category` [ RunTime:0.013848s ]
[ sql ] [ SQL ] SHOW COLUMNS FROM `hishop_article` [ RunTime:0.013422s ]
[ sql ] [ SQL ] SELECT COUNT(*) AS tp_count FROM `hishop_article` WHERE  `is_delete` = 0  AND `article_status` = 10  AND `is_home` = 20 LIMIT 1 [ RunTime:0.000434s ]
[ sql ] [ SQL ] SELECT * FROM `hishop_article` WHERE  `is_delete` = 0  AND `article_status` = 10  AND `is_home` = 20 ORDER BY `sales_initial` DESC,`article_sort` ASC LIMIT 0,10 [ RunTime:0.000438s ]
[ sql ] [ SQL ] SELECT * FROM `hishop_art_category` WHERE  `art_category_id` IN (10003) [ RunTime:0.000356s ]
[ sql ] [ SQL ] SHOW COLUMNS FROM `hishop_article_image` [ RunTime:0.014137s ]
[ sql ] [ SQL ] SELECT * FROM `hishop_article_image` WHERE  `article_id` IN (2) ORDER BY `id` ASC [ RunTime:0.000351s ]
[ sql ] [ SQL ] SELECT * FROM `hishop_upload_file` WHERE  `file_id` IN (3) [ RunTime:0.000323s ]
---------------------------------------------------------------
[ 2021-04-27T23:16:38+08:00 ] 127.0.0.1 GET guan.com/
[运行时间：0.305010s] [吞吐率：3.28req/s] [内存消耗：2,722.63kb] [文件加载：70]
[ info ] [ LANG ] C:\Users\think\my\tool\phpstudy\PHPTutorial\WWW\guan.com\source\thinkphp\lang\zh-cn.php
[ info ] [ ROUTE ] array (
  'type' => 'module',
  'module' => 
  array (
    0 => '',
    1 => NULL,
    2 => NULL,
  ),
)
[ info ] [ HEADER ] array (
  'accept-language' => 'zh-CN,zh;q=0.9',
  'accept-encoding' => 'gzip, deflate',
  'accept' => 'text/html,application/xhtml+xml,application/xml;q=0.9,image/webp,image/apng,*/*;q=0.8',
  'user-agent' => 'Mozilla/5.0 (Windows NT 10.0; WOW64) AppleWebKit/537.36 (KHTML, like Gecko) Chrome/65.0.3314.0 Safari/537.36 SE 2.X MetaSr 1.0',
  'upgrade-insecure-requests' => '1',
  'cache-control' => 'max-age=0',
  'connection' => 'keep-alive',
  'host' => 'guan.com',
  'content-length' => '',
  'content-type' => '',
)
[ info ] [ PARAM ] array (
)
[ info ] [ DB ] INIT mysql
[ info ] [ CACHE ] INIT File
[ info ] [ RUN ] app\index\controller\Index->index[ C:\Users\think\my\tool\phpstudy\PHPTutorial\WWW\guan.com\source\application\index\controller\Index.php ]
[ info ] [ VIEW ] C:\Users\think\my\tool\phpstudy\PHPTutorial\WWW\guan.com\web/../source/application/index\view\index\index.php [ array (
  0 => 'base_url',
  1 => 'group',
  2 => 'setting',
  3 => 'route',
  4 => 'goods',
  5 => 'article',
) ]
[ info ] [ LOG ] INIT File
[ sql ] [ DB ] CONNECT:[ UseTime:0.001925s ] mysql:host=127.0.0.1;port=3306;dbname=guan.com;charset=utf8
[ sql ] [ SQL ] SHOW COLUMNS FROM `hishop_category` [ RunTime:0.016229s ]
[ sql ] [ SQL ] SHOW COLUMNS FROM `hishop_goods` [ RunTime:0.015184s ]
[ sql ] [ SQL ] SELECT COUNT(*) AS tp_count FROM `hishop_goods` WHERE  `is_delete` = 0  AND `goods_status` = 10  AND `is_home` = 20 LIMIT 1 [ RunTime:0.000646s ]
[ sql ] [ SQL ] SELECT * FROM `hishop_goods` WHERE  `is_delete` = 0  AND `goods_status` = 10  AND `is_home` = 20 ORDER BY `sales_initial` DESC,`goods_sort` ASC LIMIT 0,10 [ RunTime:0.000549s ]
[ sql ] [ SQL ] SELECT * FROM `hishop_category` WHERE  `category_id` IN (10002) [ RunTime:0.000330s ]
[ sql ] [ SQL ] SHOW COLUMNS FROM `hishop_goods_image` [ RunTime:0.014847s ]
[ sql ] [ SQL ] SELECT * FROM `hishop_goods_image` WHERE  `goods_id` IN (1,2) ORDER BY `id` ASC [ RunTime:0.000362s ]
[ sql ] [ SQL ] SHOW COLUMNS FROM `hishop_upload_file` [ RunTime:0.015153s ]
[ sql ] [ SQL ] SELECT * FROM `hishop_upload_file` WHERE  `file_id` IN (3,4) [ RunTime:0.000460s ]
[ sql ] [ SQL ] SHOW COLUMNS FROM `hishop_art_category` [ RunTime:0.014462s ]
[ sql ] [ SQL ] SHOW COLUMNS FROM `hishop_article` [ RunTime:0.015143s ]
[ sql ] [ SQL ] SELECT COUNT(*) AS tp_count FROM `hishop_article` WHERE  `is_delete` = 0  AND `article_status` = 10  AND `is_home` = 20 LIMIT 1 [ RunTime:0.000450s ]
[ sql ] [ SQL ] SELECT * FROM `hishop_article` WHERE  `is_delete` = 0  AND `article_status` = 10  AND `is_home` = 20 ORDER BY `sales_initial` DESC,`article_sort` ASC LIMIT 0,10 [ RunTime:0.000456s ]
[ sql ] [ SQL ] SELECT * FROM `hishop_art_category` WHERE  `art_category_id` IN (10003) [ RunTime:0.000405s ]
[ sql ] [ SQL ] SHOW COLUMNS FROM `hishop_article_image` [ RunTime:0.014847s ]
[ sql ] [ SQL ] SELECT * FROM `hishop_article_image` WHERE  `article_id` IN (2) ORDER BY `id` ASC [ RunTime:0.000427s ]
[ sql ] [ SQL ] SELECT * FROM `hishop_upload_file` WHERE  `file_id` IN (3) [ RunTime:0.000395s ]
---------------------------------------------------------------
[ 2021-04-27T23:16:41+08:00 ] 127.0.0.1 GET guan.com/
[运行时间：0.229925s] [吞吐率：4.35req/s] [内存消耗：2,584.45kb] [文件加载：68]
[ info ] [ LANG ] C:\Users\think\my\tool\phpstudy\PHPTutorial\WWW\guan.com\source\thinkphp\lang\zh-cn.php
[ info ] [ ROUTE ] array (
  'type' => 'module',
  'module' => 
  array (
    0 => '',
    1 => NULL,
    2 => NULL,
  ),
)
[ info ] [ HEADER ] array (
  'accept-language' => 'zh-CN,zh;q=0.9',
  'accept-encoding' => 'gzip, deflate',
  'accept' => 'text/html,application/xhtml+xml,application/xml;q=0.9,image/webp,image/apng,*/*;q=0.8',
  'user-agent' => 'Mozilla/5.0 (Windows NT 10.0; WOW64) AppleWebKit/537.36 (KHTML, like Gecko) Chrome/65.0.3314.0 Safari/537.36 SE 2.X MetaSr 1.0',
  'upgrade-insecure-requests' => '1',
  'cache-control' => 'max-age=0',
  'connection' => 'keep-alive',
  'host' => 'guan.com',
  'content-length' => '',
  'content-type' => '',
)
[ info ] [ PARAM ] array (
)
[ info ] [ DB ] INIT mysql
[ info ] [ CACHE ] INIT File
[ info ] [ RUN ] app\index\controller\Index->index[ C:\Users\think\my\tool\phpstudy\PHPTutorial\WWW\guan.com\source\application\index\controller\Index.php ]
[ info ] [ VIEW ] C:\Users\think\my\tool\phpstudy\PHPTutorial\WWW\guan.com\web/../source/application/index\view\index\index.php [ array (
  0 => 'base_url',
  1 => 'group',
  2 => 'setting',
  3 => 'route',
  4 => 'goods',
  5 => 'article',
) ]
[ info ] [ LOG ] INIT File
[ sql ] [ DB ] CONNECT:[ UseTime:0.011539s ] mysql:host=127.0.0.1;port=3306;dbname=guan.com;charset=utf8
[ sql ] [ SQL ] SHOW COLUMNS FROM `hishop_category` [ RunTime:0.016048s ]
[ sql ] [ SQL ] SHOW COLUMNS FROM `hishop_goods` [ RunTime:0.014347s ]
[ sql ] [ SQL ] SELECT COUNT(*) AS tp_count FROM `hishop_goods` WHERE  `is_delete` = 0  AND `goods_status` = 10  AND `is_home` = 20 LIMIT 1 [ RunTime:0.000503s ]
[ sql ] [ SQL ] SELECT * FROM `hishop_goods` WHERE  `is_delete` = 0  AND `goods_status` = 10  AND `is_home` = 20 ORDER BY `sales_initial` DESC,`goods_sort` ASC LIMIT 0,10 [ RunTime:0.000472s ]
[ sql ] [ SQL ] SELECT * FROM `hishop_category` WHERE  `category_id` IN (10002) [ RunTime:0.000381s ]
[ sql ] [ SQL ] SHOW COLUMNS FROM `hishop_goods_image` [ RunTime:0.013397s ]
[ sql ] [ SQL ] SELECT * FROM `hishop_goods_image` WHERE  `goods_id` IN (1,2) ORDER BY `id` ASC [ RunTime:0.000589s ]
[ sql ] [ SQL ] SHOW COLUMNS FROM `hishop_upload_file` [ RunTime:0.014583s ]
[ sql ] [ SQL ] SELECT * FROM `hishop_upload_file` WHERE  `file_id` IN (3,4) [ RunTime:0.000420s ]
[ sql ] [ SQL ] SHOW COLUMNS FROM `hishop_art_category` [ RunTime:0.013473s ]
[ sql ] [ SQL ] SHOW COLUMNS FROM `hishop_article` [ RunTime:0.013780s ]
[ sql ] [ SQL ] SELECT COUNT(*) AS tp_count FROM `hishop_article` WHERE  `is_delete` = 0  AND `article_status` = 10  AND `is_home` = 20 LIMIT 1 [ RunTime:0.000522s ]
[ sql ] [ SQL ] SELECT * FROM `hishop_article` WHERE  `is_delete` = 0  AND `article_status` = 10  AND `is_home` = 20 ORDER BY `sales_initial` DESC,`article_sort` ASC LIMIT 0,10 [ RunTime:0.000458s ]
[ sql ] [ SQL ] SELECT * FROM `hishop_art_category` WHERE  `art_category_id` IN (10003) [ RunTime:0.000358s ]
[ sql ] [ SQL ] SHOW COLUMNS FROM `hishop_article_image` [ RunTime:0.015215s ]
[ sql ] [ SQL ] SELECT * FROM `hishop_article_image` WHERE  `article_id` IN (2) ORDER BY `id` ASC [ RunTime:0.000320s ]
[ sql ] [ SQL ] SELECT * FROM `hishop_upload_file` WHERE  `file_id` IN (3) [ RunTime:0.000340s ]
---------------------------------------------------------------
[ 2021-04-27T23:17:24+08:00 ] 127.0.0.1 GET guan.com/
[运行时间：0.259232s] [吞吐率：3.86req/s] [内存消耗：2,718.63kb] [文件加载：70]
[ info ] [ LANG ] C:\Users\think\my\tool\phpstudy\PHPTutorial\WWW\guan.com\source\thinkphp\lang\zh-cn.php
[ info ] [ ROUTE ] array (
  'type' => 'module',
  'module' => 
  array (
    0 => '',
    1 => NULL,
    2 => NULL,
  ),
)
[ info ] [ HEADER ] array (
  'accept-language' => 'zh-CN,zh;q=0.9',
  'accept-encoding' => 'gzip, deflate',
  'accept' => 'text/html,application/xhtml+xml,application/xml;q=0.9,image/webp,image/apng,*/*;q=0.8',
  'user-agent' => 'Mozilla/5.0 (Windows NT 10.0; WOW64) AppleWebKit/537.36 (KHTML, like Gecko) Chrome/65.0.3314.0 Safari/537.36 SE 2.X MetaSr 1.0',
  'upgrade-insecure-requests' => '1',
  'cache-control' => 'max-age=0',
  'connection' => 'keep-alive',
  'host' => 'guan.com',
  'content-length' => '',
  'content-type' => '',
)
[ info ] [ PARAM ] array (
)
[ info ] [ DB ] INIT mysql
[ info ] [ CACHE ] INIT File
[ info ] [ RUN ] app\index\controller\Index->index[ C:\Users\think\my\tool\phpstudy\PHPTutorial\WWW\guan.com\source\application\index\controller\Index.php ]
[ info ] [ VIEW ] C:\Users\think\my\tool\phpstudy\PHPTutorial\WWW\guan.com\web/../source/application/index\view\index\index.php [ array (
  0 => 'base_url',
  1 => 'group',
  2 => 'setting',
  3 => 'route',
  4 => 'goods',
  5 => 'article',
) ]
[ info ] [ LOG ] INIT File
[ sql ] [ DB ] CONNECT:[ UseTime:0.011892s ] mysql:host=127.0.0.1;port=3306;dbname=guan.com;charset=utf8
[ sql ] [ SQL ] SHOW COLUMNS FROM `hishop_category` [ RunTime:0.015623s ]
[ sql ] [ SQL ] SHOW COLUMNS FROM `hishop_goods` [ RunTime:0.015029s ]
[ sql ] [ SQL ] SELECT COUNT(*) AS tp_count FROM `hishop_goods` WHERE  `is_delete` = 0  AND `goods_status` = 10  AND `is_home` = 20 LIMIT 1 [ RunTime:0.000560s ]
[ sql ] [ SQL ] SELECT * FROM `hishop_goods` WHERE  `is_delete` = 0  AND `goods_status` = 10  AND `is_home` = 20 ORDER BY `sales_initial` DESC,`goods_sort` ASC LIMIT 0,10 [ RunTime:0.000678s ]
[ sql ] [ SQL ] SELECT * FROM `hishop_category` WHERE  `category_id` IN (10002) [ RunTime:0.000480s ]
[ sql ] [ SQL ] SHOW COLUMNS FROM `hishop_goods_image` [ RunTime:0.014197s ]
[ sql ] [ SQL ] SELECT * FROM `hishop_goods_image` WHERE  `goods_id` IN (1,2) ORDER BY `id` ASC [ RunTime:0.000476s ]
[ sql ] [ SQL ] SHOW COLUMNS FROM `hishop_upload_file` [ RunTime:0.014001s ]
[ sql ] [ SQL ] SELECT * FROM `hishop_upload_file` WHERE  `file_id` IN (3,4) [ RunTime:0.000474s ]
[ sql ] [ SQL ] SHOW COLUMNS FROM `hishop_art_category` [ RunTime:0.013599s ]
[ sql ] [ SQL ] SHOW COLUMNS FROM `hishop_article` [ RunTime:0.014315s ]
[ sql ] [ SQL ] SELECT COUNT(*) AS tp_count FROM `hishop_article` WHERE  `is_delete` = 0  AND `article_status` = 10  AND `is_home` = 20 LIMIT 1 [ RunTime:0.000418s ]
[ sql ] [ SQL ] SELECT * FROM `hishop_article` WHERE  `is_delete` = 0  AND `article_status` = 10  AND `is_home` = 20 ORDER BY `sales_initial` DESC,`article_sort` ASC LIMIT 0,10 [ RunTime:0.000423s ]
[ sql ] [ SQL ] SELECT * FROM `hishop_art_category` WHERE  `art_category_id` IN (10003) [ RunTime:0.000416s ]
[ sql ] [ SQL ] SHOW COLUMNS FROM `hishop_article_image` [ RunTime:0.014697s ]
[ sql ] [ SQL ] SELECT * FROM `hishop_article_image` WHERE  `article_id` IN (2) ORDER BY `id` ASC [ RunTime:0.000504s ]
[ sql ] [ SQL ] SELECT * FROM `hishop_upload_file` WHERE  `file_id` IN (3) [ RunTime:0.000341s ]
---------------------------------------------------------------
[ 2021-04-27T23:17:59+08:00 ] 127.0.0.1 GET guan.com/
[运行时间：0.254585s] [吞吐率：3.93req/s] [内存消耗：2,718.63kb] [文件加载：70]
[ info ] [ LANG ] C:\Users\think\my\tool\phpstudy\PHPTutorial\WWW\guan.com\source\thinkphp\lang\zh-cn.php
[ info ] [ ROUTE ] array (
  'type' => 'module',
  'module' => 
  array (
    0 => '',
    1 => NULL,
    2 => NULL,
  ),
)
[ info ] [ HEADER ] array (
  'accept-language' => 'zh-CN,zh;q=0.9',
  'accept-encoding' => 'gzip, deflate',
  'accept' => 'text/html,application/xhtml+xml,application/xml;q=0.9,image/webp,image/apng,*/*;q=0.8',
  'user-agent' => 'Mozilla/5.0 (Windows NT 10.0; WOW64) AppleWebKit/537.36 (KHTML, like Gecko) Chrome/65.0.3314.0 Safari/537.36 SE 2.X MetaSr 1.0',
  'upgrade-insecure-requests' => '1',
  'cache-control' => 'max-age=0',
  'connection' => 'keep-alive',
  'host' => 'guan.com',
  'content-length' => '',
  'content-type' => '',
)
[ info ] [ PARAM ] array (
)
[ info ] [ DB ] INIT mysql
[ info ] [ CACHE ] INIT File
[ info ] [ RUN ] app\index\controller\Index->index[ C:\Users\think\my\tool\phpstudy\PHPTutorial\WWW\guan.com\source\application\index\controller\Index.php ]
[ info ] [ VIEW ] C:\Users\think\my\tool\phpstudy\PHPTutorial\WWW\guan.com\web/../source/application/index\view\index\index.php [ array (
  0 => 'base_url',
  1 => 'group',
  2 => 'setting',
  3 => 'route',
  4 => 'goods',
  5 => 'article',
) ]
[ info ] [ LOG ] INIT File
[ sql ] [ DB ] CONNECT:[ UseTime:0.011799s ] mysql:host=127.0.0.1;port=3306;dbname=guan.com;charset=utf8
[ sql ] [ SQL ] SHOW COLUMNS FROM `hishop_category` [ RunTime:0.014184s ]
[ sql ] [ SQL ] SHOW COLUMNS FROM `hishop_goods` [ RunTime:0.014754s ]
[ sql ] [ SQL ] SELECT COUNT(*) AS tp_count FROM `hishop_goods` WHERE  `is_delete` = 0  AND `goods_status` = 10  AND `is_home` = 20 LIMIT 1 [ RunTime:0.000552s ]
[ sql ] [ SQL ] SELECT * FROM `hishop_goods` WHERE  `is_delete` = 0  AND `goods_status` = 10  AND `is_home` = 20 ORDER BY `sales_initial` DESC,`goods_sort` ASC LIMIT 0,10 [ RunTime:0.000438s ]
[ sql ] [ SQL ] SELECT * FROM `hishop_category` WHERE  `category_id` IN (10002) [ RunTime:0.000308s ]
[ sql ] [ SQL ] SHOW COLUMNS FROM `hishop_goods_image` [ RunTime:0.013981s ]
[ sql ] [ SQL ] SELECT * FROM `hishop_goods_image` WHERE  `goods_id` IN (1,2) ORDER BY `id` ASC [ RunTime:0.000445s ]
[ sql ] [ SQL ] SHOW COLUMNS FROM `hishop_upload_file` [ RunTime:0.013735s ]
[ sql ] [ SQL ] SELECT * FROM `hishop_upload_file` WHERE  `file_id` IN (3,4) [ RunTime:0.000457s ]
[ sql ] [ SQL ] SHOW COLUMNS FROM `hishop_art_category` [ RunTime:0.014497s ]
[ sql ] [ SQL ] SHOW COLUMNS FROM `hishop_article` [ RunTime:0.014500s ]
[ sql ] [ SQL ] SELECT COUNT(*) AS tp_count FROM `hishop_article` WHERE  `is_delete` = 0  AND `article_status` = 10  AND `is_home` = 20 LIMIT 1 [ RunTime:0.000413s ]
[ sql ] [ SQL ] SELECT * FROM `hishop_article` WHERE  `is_delete` = 0  AND `article_status` = 10  AND `is_home` = 20 ORDER BY `sales_initial` DESC,`article_sort` ASC LIMIT 0,10 [ RunTime:0.000328s ]
[ sql ] [ SQL ] SELECT * FROM `hishop_art_category` WHERE  `art_category_id` IN (10003) [ RunTime:0.000289s ]
[ sql ] [ SQL ] SHOW COLUMNS FROM `hishop_article_image` [ RunTime:0.014276s ]
[ sql ] [ SQL ] SELECT * FROM `hishop_article_image` WHERE  `article_id` IN (2) ORDER BY `id` ASC [ RunTime:0.000354s ]
[ sql ] [ SQL ] SELECT * FROM `hishop_upload_file` WHERE  `file_id` IN (3) [ RunTime:0.000284s ]
---------------------------------------------------------------
[ 2021-04-27T23:18:15+08:00 ] 127.0.0.1 GET guan.com/assets/index/css/bootstrap.min.css.map
[运行时间：0.056800s] [吞吐率：17.61req/s] [内存消耗：966.61kb] [文件加载：31]
[ info ] [ LANG ] C:\Users\think\my\tool\phpstudy\PHPTutorial\WWW\guan.com\source\thinkphp\lang\zh-cn.php
[ info ] [ ROUTE ] array (
  'type' => 'module',
  'module' => 
  array (
    0 => 'assets',
    1 => 'index',
    2 => 'css',
  ),
)
[ info ] [ HEADER ] array (
  'accept-language' => 'zh-CN,zh;q=0.9',
  'accept-encoding' => 'gzip, deflate',
  'user-agent' => 'Mozilla/5.0 (Windows NT 10.0; WOW64) AppleWebKit/537.36 (KHTML, like Gecko) Chrome/65.0.3314.0 Safari/537.36 SE 2.X MetaSr 1.0',
  'connection' => 'keep-alive',
  'host' => 'guan.com',
  'content-length' => '',
  'content-type' => '',
)
[ info ] [ PARAM ] array (
)
[ info ] [ LOG ] INIT File
---------------------------------------------------------------
[ 2021-04-27T23:18:15+08:00 ] 127.0.0.1 GET guan.com/assets/index/css/style.css.map
[运行时间：0.042592s] [吞吐率：23.48req/s] [内存消耗：966.59kb] [文件加载：31]
[ info ] [ LANG ] C:\Users\think\my\tool\phpstudy\PHPTutorial\WWW\guan.com\source\thinkphp\lang\zh-cn.php
[ info ] [ ROUTE ] array (
  'type' => 'module',
  'module' => 
  array (
    0 => 'assets',
    1 => 'index',
    2 => 'css',
  ),
)
[ info ] [ HEADER ] array (
  'accept-language' => 'zh-CN,zh;q=0.9',
  'accept-encoding' => 'gzip, deflate',
  'user-agent' => 'Mozilla/5.0 (Windows NT 10.0; WOW64) AppleWebKit/537.36 (KHTML, like Gecko) Chrome/65.0.3314.0 Safari/537.36 SE 2.X MetaSr 1.0',
  'connection' => 'keep-alive',
  'host' => 'guan.com',
  'content-length' => '',
  'content-type' => '',
)
[ info ] [ PARAM ] array (
)
[ info ] [ LOG ] INIT File
---------------------------------------------------------------
[ 2021-04-27T23:18:15+08:00 ] 127.0.0.1 GET guan.com/assets/index/css/responsive.css.map
[运行时间：0.065463s] [吞吐率：15.28req/s] [内存消耗：966.59kb] [文件加载：31]
[ info ] [ LANG ] C:\Users\think\my\tool\phpstudy\PHPTutorial\WWW\guan.com\source\thinkphp\lang\zh-cn.php
[ info ] [ ROUTE ] array (
  'type' => 'module',
  'module' => 
  array (
    0 => 'assets',
    1 => 'index',
    2 => 'css',
  ),
)
[ info ] [ HEADER ] array (
  'accept-language' => 'zh-CN,zh;q=0.9',
  'accept-encoding' => 'gzip, deflate',
  'user-agent' => 'Mozilla/5.0 (Windows NT 10.0; WOW64) AppleWebKit/537.36 (KHTML, like Gecko) Chrome/65.0.3314.0 Safari/537.36 SE 2.X MetaSr 1.0',
  'connection' => 'keep-alive',
  'host' => 'guan.com',
  'content-length' => '',
  'content-type' => '',
)
[ info ] [ PARAM ] array (
)
[ info ] [ LOG ] INIT File
---------------------------------------------------------------
[ 2021-04-27T23:18:33+08:00 ] 127.0.0.1 GET guan.com/
[运行时间：0.271324s] [吞吐率：3.69req/s] [内存消耗：2,718.63kb] [文件加载：70]
[ info ] [ LANG ] C:\Users\think\my\tool\phpstudy\PHPTutorial\WWW\guan.com\source\thinkphp\lang\zh-cn.php
[ info ] [ ROUTE ] array (
  'type' => 'module',
  'module' => 
  array (
    0 => '',
    1 => NULL,
    2 => NULL,
  ),
)
[ info ] [ HEADER ] array (
  'accept-language' => 'zh-CN,zh;q=0.9',
  'accept-encoding' => 'gzip, deflate',
  'accept' => 'text/html,application/xhtml+xml,application/xml;q=0.9,image/webp,image/apng,*/*;q=0.8',
  'user-agent' => 'Mozilla/5.0 (Windows NT 10.0; WOW64) AppleWebKit/537.36 (KHTML, like Gecko) Chrome/65.0.3314.0 Safari/537.36 SE 2.X MetaSr 1.0',
  'upgrade-insecure-requests' => '1',
  'cache-control' => 'max-age=0',
  'connection' => 'keep-alive',
  'host' => 'guan.com',
  'content-length' => '',
  'content-type' => '',
)
[ info ] [ PARAM ] array (
)
[ info ] [ DB ] INIT mysql
[ info ] [ CACHE ] INIT File
[ info ] [ RUN ] app\index\controller\Index->index[ C:\Users\think\my\tool\phpstudy\PHPTutorial\WWW\guan.com\source\application\index\controller\Index.php ]
[ info ] [ VIEW ] C:\Users\think\my\tool\phpstudy\PHPTutorial\WWW\guan.com\web/../source/application/index\view\index\index.php [ array (
  0 => 'base_url',
  1 => 'group',
  2 => 'setting',
  3 => 'route',
  4 => 'goods',
  5 => 'article',
) ]
[ info ] [ LOG ] INIT File
[ sql ] [ DB ] CONNECT:[ UseTime:0.010340s ] mysql:host=127.0.0.1;port=3306;dbname=guan.com;charset=utf8
[ sql ] [ SQL ] SHOW COLUMNS FROM `hishop_category` [ RunTime:0.022417s ]
[ sql ] [ SQL ] SHOW COLUMNS FROM `hishop_goods` [ RunTime:0.015314s ]
[ sql ] [ SQL ] SELECT COUNT(*) AS tp_count FROM `hishop_goods` WHERE  `is_delete` = 0  AND `goods_status` = 10  AND `is_home` = 20 LIMIT 1 [ RunTime:0.000467s ]
[ sql ] [ SQL ] SELECT * FROM `hishop_goods` WHERE  `is_delete` = 0  AND `goods_status` = 10  AND `is_home` = 20 ORDER BY `sales_initial` DESC,`goods_sort` ASC LIMIT 0,10 [ RunTime:0.000465s ]
[ sql ] [ SQL ] SELECT * FROM `hishop_category` WHERE  `category_id` IN (10002) [ RunTime:0.000381s ]
[ sql ] [ SQL ] SHOW COLUMNS FROM `hishop_goods_image` [ RunTime:0.014913s ]
[ sql ] [ SQL ] SELECT * FROM `hishop_goods_image` WHERE  `goods_id` IN (1,2) ORDER BY `id` ASC [ RunTime:0.000390s ]
[ sql ] [ SQL ] SHOW COLUMNS FROM `hishop_upload_file` [ RunTime:0.014783s ]
[ sql ] [ SQL ] SELECT * FROM `hishop_upload_file` WHERE  `file_id` IN (3,4) [ RunTime:0.000414s ]
[ sql ] [ SQL ] SHOW COLUMNS FROM `hishop_art_category` [ RunTime:0.014755s ]
[ sql ] [ SQL ] SHOW COLUMNS FROM `hishop_article` [ RunTime:0.014405s ]
[ sql ] [ SQL ] SELECT COUNT(*) AS tp_count FROM `hishop_article` WHERE  `is_delete` = 0  AND `article_status` = 10  AND `is_home` = 20 LIMIT 1 [ RunTime:0.000407s ]
[ sql ] [ SQL ] SELECT * FROM `hishop_article` WHERE  `is_delete` = 0  AND `article_status` = 10  AND `is_home` = 20 ORDER BY `sales_initial` DESC,`article_sort` ASC LIMIT 0,10 [ RunTime:0.000514s ]
[ sql ] [ SQL ] SELECT * FROM `hishop_art_category` WHERE  `art_category_id` IN (10003) [ RunTime:0.000392s ]
[ sql ] [ SQL ] SHOW COLUMNS FROM `hishop_article_image` [ RunTime:0.014525s ]
[ sql ] [ SQL ] SELECT * FROM `hishop_article_image` WHERE  `article_id` IN (2) ORDER BY `id` ASC [ RunTime:0.000399s ]
[ sql ] [ SQL ] SELECT * FROM `hishop_upload_file` WHERE  `file_id` IN (3) [ RunTime:0.000463s ]
---------------------------------------------------------------
[ 2021-04-27T23:18:48+08:00 ] 127.0.0.1 GET guan.com/
[运行时间：0.265024s] [吞吐率：3.77req/s] [内存消耗：2,718.63kb] [文件加载：70]
[ info ] [ LANG ] C:\Users\think\my\tool\phpstudy\PHPTutorial\WWW\guan.com\source\thinkphp\lang\zh-cn.php
[ info ] [ ROUTE ] array (
  'type' => 'module',
  'module' => 
  array (
    0 => '',
    1 => NULL,
    2 => NULL,
  ),
)
[ info ] [ HEADER ] array (
  'accept-language' => 'zh-CN,zh;q=0.9',
  'accept-encoding' => 'gzip, deflate',
  'accept' => 'text/html,application/xhtml+xml,application/xml;q=0.9,image/webp,image/apng,*/*;q=0.8',
  'user-agent' => 'Mozilla/5.0 (Windows NT 10.0; WOW64) AppleWebKit/537.36 (KHTML, like Gecko) Chrome/65.0.3314.0 Safari/537.36 SE 2.X MetaSr 1.0',
  'upgrade-insecure-requests' => '1',
  'cache-control' => 'max-age=0',
  'connection' => 'keep-alive',
  'host' => 'guan.com',
  'content-length' => '',
  'content-type' => '',
)
[ info ] [ PARAM ] array (
)
[ info ] [ DB ] INIT mysql
[ info ] [ CACHE ] INIT File
[ info ] [ RUN ] app\index\controller\Index->index[ C:\Users\think\my\tool\phpstudy\PHPTutorial\WWW\guan.com\source\application\index\controller\Index.php ]
[ info ] [ VIEW ] C:\Users\think\my\tool\phpstudy\PHPTutorial\WWW\guan.com\web/../source/application/index\view\index\index.php [ array (
  0 => 'base_url',
  1 => 'group',
  2 => 'setting',
  3 => 'route',
  4 => 'goods',
  5 => 'article',
) ]
[ info ] [ LOG ] INIT File
[ sql ] [ DB ] CONNECT:[ UseTime:0.011391s ] mysql:host=127.0.0.1;port=3306;dbname=guan.com;charset=utf8
[ sql ] [ SQL ] SHOW COLUMNS FROM `hishop_category` [ RunTime:0.015768s ]
[ sql ] [ SQL ] SHOW COLUMNS FROM `hishop_goods` [ RunTime:0.014014s ]
[ sql ] [ SQL ] SELECT COUNT(*) AS tp_count FROM `hishop_goods` WHERE  `is_delete` = 0  AND `goods_status` = 10  AND `is_home` = 20 LIMIT 1 [ RunTime:0.000479s ]
[ sql ] [ SQL ] SELECT * FROM `hishop_goods` WHERE  `is_delete` = 0  AND `goods_status` = 10  AND `is_home` = 20 ORDER BY `sales_initial` DESC,`goods_sort` ASC LIMIT 0,10 [ RunTime:0.000433s ]
[ sql ] [ SQL ] SELECT * FROM `hishop_category` WHERE  `category_id` IN (10002) [ RunTime:0.000370s ]
[ sql ] [ SQL ] SHOW COLUMNS FROM `hishop_goods_image` [ RunTime:0.014547s ]
[ sql ] [ SQL ] SELECT * FROM `hishop_goods_image` WHERE  `goods_id` IN (1,2) ORDER BY `id` ASC [ RunTime:0.000437s ]
[ sql ] [ SQL ] SHOW COLUMNS FROM `hishop_upload_file` [ RunTime:0.014147s ]
[ sql ] [ SQL ] SELECT * FROM `hishop_upload_file` WHERE  `file_id` IN (3,4) [ RunTime:0.000556s ]
[ sql ] [ SQL ] SHOW COLUMNS FROM `hishop_art_category` [ RunTime:0.014451s ]
[ sql ] [ SQL ] SHOW COLUMNS FROM `hishop_article` [ RunTime:0.014687s ]
[ sql ] [ SQL ] SELECT COUNT(*) AS tp_count FROM `hishop_article` WHERE  `is_delete` = 0  AND `article_status` = 10  AND `is_home` = 20 LIMIT 1 [ RunTime:0.000384s ]
[ sql ] [ SQL ] SELECT * FROM `hishop_article` WHERE  `is_delete` = 0  AND `article_status` = 10  AND `is_home` = 20 ORDER BY `sales_initial` DESC,`article_sort` ASC LIMIT 0,10 [ RunTime:0.000394s ]
[ sql ] [ SQL ] SELECT * FROM `hishop_art_category` WHERE  `art_category_id` IN (10003) [ RunTime:0.000358s ]
[ sql ] [ SQL ] SHOW COLUMNS FROM `hishop_article_image` [ RunTime:0.013635s ]
[ sql ] [ SQL ] SELECT * FROM `hishop_article_image` WHERE  `article_id` IN (2) ORDER BY `id` ASC [ RunTime:0.000522s ]
[ sql ] [ SQL ] SELECT * FROM `hishop_upload_file` WHERE  `file_id` IN (3) [ RunTime:0.000362s ]
---------------------------------------------------------------
[ 2021-04-27T23:19:02+08:00 ] 127.0.0.1 GET guan.com/
[运行时间：0.243958s] [吞吐率：4.10req/s] [内存消耗：2,718.63kb] [文件加载：70]
[ info ] [ LANG ] C:\Users\think\my\tool\phpstudy\PHPTutorial\WWW\guan.com\source\thinkphp\lang\zh-cn.php
[ info ] [ ROUTE ] array (
  'type' => 'module',
  'module' => 
  array (
    0 => '',
    1 => NULL,
    2 => NULL,
  ),
)
[ info ] [ HEADER ] array (
  'accept-language' => 'zh-CN,zh;q=0.9',
  'accept-encoding' => 'gzip, deflate',
  'accept' => 'text/html,application/xhtml+xml,application/xml;q=0.9,image/webp,image/apng,*/*;q=0.8',
  'user-agent' => 'Mozilla/5.0 (Windows NT 10.0; WOW64) AppleWebKit/537.36 (KHTML, like Gecko) Chrome/65.0.3314.0 Safari/537.36 SE 2.X MetaSr 1.0',
  'upgrade-insecure-requests' => '1',
  'cache-control' => 'max-age=0',
  'connection' => 'keep-alive',
  'host' => 'guan.com',
  'content-length' => '',
  'content-type' => '',
)
[ info ] [ PARAM ] array (
)
[ info ] [ DB ] INIT mysql
[ info ] [ CACHE ] INIT File
[ info ] [ RUN ] app\index\controller\Index->index[ C:\Users\think\my\tool\phpstudy\PHPTutorial\WWW\guan.com\source\application\index\controller\Index.php ]
[ info ] [ VIEW ] C:\Users\think\my\tool\phpstudy\PHPTutorial\WWW\guan.com\web/../source/application/index\view\index\index.php [ array (
  0 => 'base_url',
  1 => 'group',
  2 => 'setting',
  3 => 'route',
  4 => 'goods',
  5 => 'article',
) ]
[ info ] [ LOG ] INIT File
[ sql ] [ DB ] CONNECT:[ UseTime:0.001223s ] mysql:host=127.0.0.1;port=3306;dbname=guan.com;charset=utf8
[ sql ] [ SQL ] SHOW COLUMNS FROM `hishop_category` [ RunTime:0.018820s ]
[ sql ] [ SQL ] SHOW COLUMNS FROM `hishop_goods` [ RunTime:0.016281s ]
[ sql ] [ SQL ] SELECT COUNT(*) AS tp_count FROM `hishop_goods` WHERE  `is_delete` = 0  AND `goods_status` = 10  AND `is_home` = 20 LIMIT 1 [ RunTime:0.000458s ]
[ sql ] [ SQL ] SELECT * FROM `hishop_goods` WHERE  `is_delete` = 0  AND `goods_status` = 10  AND `is_home` = 20 ORDER BY `sales_initial` DESC,`goods_sort` ASC LIMIT 0,10 [ RunTime:0.000458s ]
[ sql ] [ SQL ] SELECT * FROM `hishop_category` WHERE  `category_id` IN (10002) [ RunTime:0.000390s ]
[ sql ] [ SQL ] SHOW COLUMNS FROM `hishop_goods_image` [ RunTime:0.015337s ]
[ sql ] [ SQL ] SELECT * FROM `hishop_goods_image` WHERE  `goods_id` IN (1,2) ORDER BY `id` ASC [ RunTime:0.000390s ]
[ sql ] [ SQL ] SHOW COLUMNS FROM `hishop_upload_file` [ RunTime:0.015060s ]
[ sql ] [ SQL ] SELECT * FROM `hishop_upload_file` WHERE  `file_id` IN (3,4) [ RunTime:0.000544s ]
[ sql ] [ SQL ] SHOW COLUMNS FROM `hishop_art_category` [ RunTime:0.014383s ]
[ sql ] [ SQL ] SHOW COLUMNS FROM `hishop_article` [ RunTime:0.014356s ]
[ sql ] [ SQL ] SELECT COUNT(*) AS tp_count FROM `hishop_article` WHERE  `is_delete` = 0  AND `article_status` = 10  AND `is_home` = 20 LIMIT 1 [ RunTime:0.000319s ]
[ sql ] [ SQL ] SELECT * FROM `hishop_article` WHERE  `is_delete` = 0  AND `article_status` = 10  AND `is_home` = 20 ORDER BY `sales_initial` DESC,`article_sort` ASC LIMIT 0,10 [ RunTime:0.000350s ]
[ sql ] [ SQL ] SELECT * FROM `hishop_art_category` WHERE  `art_category_id` IN (10003) [ RunTime:0.000215s ]
[ sql ] [ SQL ] SHOW COLUMNS FROM `hishop_article_image` [ RunTime:0.014387s ]
[ sql ] [ SQL ] SELECT * FROM `hishop_article_image` WHERE  `article_id` IN (2) ORDER BY `id` ASC [ RunTime:0.000423s ]
[ sql ] [ SQL ] SELECT * FROM `hishop_upload_file` WHERE  `file_id` IN (3) [ RunTime:0.000374s ]
---------------------------------------------------------------
[ 2021-04-27T23:21:16+08:00 ] 127.0.0.1 GET guan.com/
[运行时间：0.246473s] [吞吐率：4.06req/s] [内存消耗：2,717.63kb] [文件加载：70]
[ info ] [ LANG ] C:\Users\think\my\tool\phpstudy\PHPTutorial\WWW\guan.com\source\thinkphp\lang\zh-cn.php
[ info ] [ ROUTE ] array (
  'type' => 'module',
  'module' => 
  array (
    0 => '',
    1 => NULL,
    2 => NULL,
  ),
)
[ info ] [ HEADER ] array (
  'accept-language' => 'zh-CN,zh;q=0.9',
  'accept-encoding' => 'gzip, deflate',
  'accept' => 'text/html,application/xhtml+xml,application/xml;q=0.9,image/webp,image/apng,*/*;q=0.8',
  'user-agent' => 'Mozilla/5.0 (Windows NT 10.0; WOW64) AppleWebKit/537.36 (KHTML, like Gecko) Chrome/65.0.3314.0 Safari/537.36 SE 2.X MetaSr 1.0',
  'upgrade-insecure-requests' => '1',
  'cache-control' => 'max-age=0',
  'connection' => 'keep-alive',
  'host' => 'guan.com',
  'content-length' => '',
  'content-type' => '',
)
[ info ] [ PARAM ] array (
)
[ info ] [ DB ] INIT mysql
[ info ] [ CACHE ] INIT File
[ info ] [ RUN ] app\index\controller\Index->index[ C:\Users\think\my\tool\phpstudy\PHPTutorial\WWW\guan.com\source\application\index\controller\Index.php ]
[ info ] [ VIEW ] C:\Users\think\my\tool\phpstudy\PHPTutorial\WWW\guan.com\web/../source/application/index\view\index\index.php [ array (
  0 => 'base_url',
  1 => 'group',
  2 => 'setting',
  3 => 'route',
  4 => 'goods',
  5 => 'article',
) ]
[ info ] [ LOG ] INIT File
[ sql ] [ DB ] CONNECT:[ UseTime:0.001576s ] mysql:host=127.0.0.1;port=3306;dbname=guan.com;charset=utf8
[ sql ] [ SQL ] SHOW COLUMNS FROM `hishop_category` [ RunTime:0.014830s ]
[ sql ] [ SQL ] SHOW COLUMNS FROM `hishop_goods` [ RunTime:0.012175s ]
[ sql ] [ SQL ] SELECT COUNT(*) AS tp_count FROM `hishop_goods` WHERE  `is_delete` = 0  AND `goods_status` = 10  AND `is_home` = 20 LIMIT 1 [ RunTime:0.000457s ]
[ sql ] [ SQL ] SELECT * FROM `hishop_goods` WHERE  `is_delete` = 0  AND `goods_status` = 10  AND `is_home` = 20 ORDER BY `sales_initial` DESC,`goods_sort` ASC LIMIT 0,10 [ RunTime:0.000433s ]
[ sql ] [ SQL ] SELECT * FROM `hishop_category` WHERE  `category_id` IN (10002) [ RunTime:0.000341s ]
[ sql ] [ SQL ] SHOW COLUMNS FROM `hishop_goods_image` [ RunTime:0.011832s ]
[ sql ] [ SQL ] SELECT * FROM `hishop_goods_image` WHERE  `goods_id` IN (1,2) ORDER BY `id` ASC [ RunTime:0.000415s ]
[ sql ] [ SQL ] SHOW COLUMNS FROM `hishop_upload_file` [ RunTime:0.012429s ]
[ sql ] [ SQL ] SELECT * FROM `hishop_upload_file` WHERE  `file_id` IN (3,4) [ RunTime:0.000429s ]
[ sql ] [ SQL ] SHOW COLUMNS FROM `hishop_art_category` [ RunTime:0.011853s ]
[ sql ] [ SQL ] SHOW COLUMNS FROM `hishop_article` [ RunTime:0.012683s ]
[ sql ] [ SQL ] SELECT COUNT(*) AS tp_count FROM `hishop_article` WHERE  `is_delete` = 0  AND `article_status` = 10  AND `is_home` = 20 LIMIT 1 [ RunTime:0.000631s ]
[ sql ] [ SQL ] SELECT * FROM `hishop_article` WHERE  `is_delete` = 0  AND `article_status` = 10  AND `is_home` = 20 ORDER BY `sales_initial` DESC,`article_sort` ASC LIMIT 0,10 [ RunTime:0.000393s ]
[ sql ] [ SQL ] SELECT * FROM `hishop_art_category` WHERE  `art_category_id` IN (10003) [ RunTime:0.000332s ]
[ sql ] [ SQL ] SHOW COLUMNS FROM `hishop_article_image` [ RunTime:0.012014s ]
[ sql ] [ SQL ] SELECT * FROM `hishop_article_image` WHERE  `article_id` IN (2) ORDER BY `id` ASC [ RunTime:0.000417s ]
[ sql ] [ SQL ] SELECT * FROM `hishop_upload_file` WHERE  `file_id` IN (3) [ RunTime:0.000390s ]
---------------------------------------------------------------
[ 2021-04-27T23:21:19+08:00 ] 127.0.0.1 GET guan.com/assets/index/css/bootstrap.min.css.map
[运行时间：0.086782s] [吞吐率：11.52req/s] [内存消耗：966.77kb] [文件加载：31]
[ info ] [ LANG ] C:\Users\think\my\tool\phpstudy\PHPTutorial\WWW\guan.com\source\thinkphp\lang\zh-cn.php
[ info ] [ ROUTE ] array (
  'type' => 'module',
  'module' => 
  array (
    0 => 'assets',
    1 => 'index',
    2 => 'css',
  ),
)
[ info ] [ HEADER ] array (
  'accept-language' => 'zh-CN,zh;q=0.9',
  'accept-encoding' => 'gzip, deflate',
  'user-agent' => 'Mozilla/5.0 (iPhone; CPU iPhone OS 11_0 like Mac OS X) AppleWebKit/604.1.38 (KHTML, like Gecko) Version/11.0 Mobile/15A372 Safari/604.1 SE 2.X MetaSr 1.0',
  'connection' => 'keep-alive',
  'host' => 'guan.com',
  'content-length' => '',
  'content-type' => '',
)
[ info ] [ PARAM ] array (
)
[ info ] [ LOG ] INIT File
---------------------------------------------------------------
[ 2021-04-27T23:21:19+08:00 ] 127.0.0.1 GET guan.com/assets/index/css/style.css.map
[运行时间：0.068045s] [吞吐率：14.70req/s] [内存消耗：966.74kb] [文件加载：31]
[ info ] [ LANG ] C:\Users\think\my\tool\phpstudy\PHPTutorial\WWW\guan.com\source\thinkphp\lang\zh-cn.php
[ info ] [ ROUTE ] array (
  'type' => 'module',
  'module' => 
  array (
    0 => 'assets',
    1 => 'index',
    2 => 'css',
  ),
)
[ info ] [ HEADER ] array (
  'accept-language' => 'zh-CN,zh;q=0.9',
  'accept-encoding' => 'gzip, deflate',
  'user-agent' => 'Mozilla/5.0 (iPhone; CPU iPhone OS 11_0 like Mac OS X) AppleWebKit/604.1.38 (KHTML, like Gecko) Version/11.0 Mobile/15A372 Safari/604.1 SE 2.X MetaSr 1.0',
  'connection' => 'keep-alive',
  'host' => 'guan.com',
  'content-length' => '',
  'content-type' => '',
)
[ info ] [ PARAM ] array (
)
[ info ] [ LOG ] INIT File
---------------------------------------------------------------
[ 2021-04-27T23:21:19+08:00 ] 127.0.0.1 GET guan.com/assets/index/css/responsive.css.map
[运行时间：0.077335s] [吞吐率：12.93req/s] [内存消耗：966.75kb] [文件加载：31]
[ info ] [ LANG ] C:\Users\think\my\tool\phpstudy\PHPTutorial\WWW\guan.com\source\thinkphp\lang\zh-cn.php
[ info ] [ ROUTE ] array (
  'type' => 'module',
  'module' => 
  array (
    0 => 'assets',
    1 => 'index',
    2 => 'css',
  ),
)
[ info ] [ HEADER ] array (
  'accept-language' => 'zh-CN,zh;q=0.9',
  'accept-encoding' => 'gzip, deflate',
  'user-agent' => 'Mozilla/5.0 (iPhone; CPU iPhone OS 11_0 like Mac OS X) AppleWebKit/604.1.38 (KHTML, like Gecko) Version/11.0 Mobile/15A372 Safari/604.1 SE 2.X MetaSr 1.0',
  'connection' => 'keep-alive',
  'host' => 'guan.com',
  'content-length' => '',
  'content-type' => '',
)
[ info ] [ PARAM ] array (
)
[ info ] [ LOG ] INIT File
---------------------------------------------------------------
[ 2021-04-27T23:32:07+08:00 ] 127.0.0.1 GET guan.com/
[运行时间：0.243350s] [吞吐率：4.11req/s] [内存消耗：2,718.29kb] [文件加载：70]
[ info ] [ LANG ] C:\Users\think\my\tool\phpstudy\PHPTutorial\WWW\guan.com\source\thinkphp\lang\zh-cn.php
[ info ] [ ROUTE ] array (
  'type' => 'module',
  'module' => 
  array (
    0 => '',
    1 => NULL,
    2 => NULL,
  ),
)
[ info ] [ HEADER ] array (
  'accept-language' => 'zh-CN,zh;q=0.9',
  'accept-encoding' => 'gzip, deflate',
  'accept' => 'text/html,application/xhtml+xml,application/xml;q=0.9,image/webp,image/apng,*/*;q=0.8',
  'user-agent' => 'Mozilla/5.0 (Windows NT 10.0; WOW64) AppleWebKit/537.36 (KHTML, like Gecko) Chrome/65.0.3314.0 Safari/537.36 SE 2.X MetaSr 1.0',
  'upgrade-insecure-requests' => '1',
  'cache-control' => 'max-age=0',
  'connection' => 'keep-alive',
  'host' => 'guan.com',
  'content-length' => '',
  'content-type' => '',
)
[ info ] [ PARAM ] array (
)
[ info ] [ DB ] INIT mysql
[ info ] [ CACHE ] INIT File
[ info ] [ RUN ] app\index\controller\Index->index[ C:\Users\think\my\tool\phpstudy\PHPTutorial\WWW\guan.com\source\application\index\controller\Index.php ]
[ info ] [ VIEW ] C:\Users\think\my\tool\phpstudy\PHPTutorial\WWW\guan.com\web/../source/application/index\view\index\index.php [ array (
  0 => 'base_url',
  1 => 'group',
  2 => 'setting',
  3 => 'route',
  4 => 'goods',
  5 => 'article',
) ]
[ info ] [ LOG ] INIT File
[ sql ] [ DB ] CONNECT:[ UseTime:0.001666s ] mysql:host=127.0.0.1;port=3306;dbname=guan.com;charset=utf8
[ sql ] [ SQL ] SHOW COLUMNS FROM `hishop_category` [ RunTime:0.014949s ]
[ sql ] [ SQL ] SHOW COLUMNS FROM `hishop_goods` [ RunTime:0.012417s ]
[ sql ] [ SQL ] SELECT COUNT(*) AS tp_count FROM `hishop_goods` WHERE  `is_delete` = 0  AND `goods_status` = 10  AND `is_home` = 20 LIMIT 1 [ RunTime:0.000503s ]
[ sql ] [ SQL ] SELECT * FROM `hishop_goods` WHERE  `is_delete` = 0  AND `goods_status` = 10  AND `is_home` = 20 ORDER BY `sales_initial` DESC,`goods_sort` ASC LIMIT 0,10 [ RunTime:0.000443s ]
[ sql ] [ SQL ] SELECT * FROM `hishop_category` WHERE  `category_id` IN (10002) [ RunTime:0.000448s ]
[ sql ] [ SQL ] SHOW COLUMNS FROM `hishop_goods_image` [ RunTime:0.012556s ]
[ sql ] [ SQL ] SELECT * FROM `hishop_goods_image` WHERE  `goods_id` IN (1,2) ORDER BY `id` ASC [ RunTime:0.000465s ]
[ sql ] [ SQL ] SHOW COLUMNS FROM `hishop_upload_file` [ RunTime:0.013263s ]
[ sql ] [ SQL ] SELECT * FROM `hishop_upload_file` WHERE  `file_id` IN (3,4) [ RunTime:0.000441s ]
[ sql ] [ SQL ] SHOW COLUMNS FROM `hishop_art_category` [ RunTime:0.012113s ]
[ sql ] [ SQL ] SHOW COLUMNS FROM `hishop_article` [ RunTime:0.012383s ]
[ sql ] [ SQL ] SELECT COUNT(*) AS tp_count FROM `hishop_article` WHERE  `is_delete` = 0  AND `article_status` = 10  AND `is_home` = 20 LIMIT 1 [ RunTime:0.000435s ]
[ sql ] [ SQL ] SELECT * FROM `hishop_article` WHERE  `is_delete` = 0  AND `article_status` = 10  AND `is_home` = 20 ORDER BY `sales_initial` DESC,`article_sort` ASC LIMIT 0,10 [ RunTime:0.000409s ]
[ sql ] [ SQL ] SELECT * FROM `hishop_art_category` WHERE  `art_category_id` IN (10003) [ RunTime:0.000323s ]
[ sql ] [ SQL ] SHOW COLUMNS FROM `hishop_article_image` [ RunTime:0.014913s ]
[ sql ] [ SQL ] SELECT * FROM `hishop_article_image` WHERE  `article_id` IN (2) ORDER BY `id` ASC [ RunTime:0.000386s ]
[ sql ] [ SQL ] SELECT * FROM `hishop_upload_file` WHERE  `file_id` IN (3) [ RunTime:0.000342s ]
---------------------------------------------------------------
[ 2021-04-27T23:32:11+08:00 ] 127.0.0.1 GET guan.com/contact
[运行时间：0.228306s] [吞吐率：4.38req/s] [内存消耗：2,250.42kb] [文件加载：52]
[ info ] [ LANG ] C:\Users\think\my\tool\phpstudy\PHPTutorial\WWW\guan.com\source\thinkphp\lang\zh-cn.php
[ info ] [ ROUTE ] array (
  'type' => 'module',
  'module' => 'index/index/contact/index',
)
[ info ] [ HEADER ] array (
  'accept-language' => 'zh-CN,zh;q=0.9',
  'accept-encoding' => 'gzip, deflate',
  'referer' => 'http://guan.com/',
  'accept' => 'text/html,application/xhtml+xml,application/xml;q=0.9,image/webp,image/apng,*/*;q=0.8',
  'user-agent' => 'Mozilla/5.0 (Windows NT 10.0; WOW64) AppleWebKit/537.36 (KHTML, like Gecko) Chrome/65.0.3314.0 Safari/537.36 SE 2.X MetaSr 1.0',
  'upgrade-insecure-requests' => '1',
  'connection' => 'keep-alive',
  'host' => 'guan.com',
  'content-length' => '',
  'content-type' => '',
)
[ info ] [ PARAM ] array (
)
[ info ] [ DB ] INIT mysql
[ info ] [ CACHE ] INIT File
[ info ] [ RUN ] app\index\controller\Index->contact[ C:\Users\think\my\tool\phpstudy\PHPTutorial\WWW\guan.com\source\application\index\controller\Index.php ]
[ info ] [ VIEW ] C:\Users\think\my\tool\phpstudy\PHPTutorial\WWW\guan.com\web/../source/application/index\view\index\contact.php [ array (
  0 => 'base_url',
  1 => 'group',
  2 => 'setting',
  3 => 'route',
) ]
[ info ] [ LOG ] INIT File
---------------------------------------------------------------
[ 2021-04-27T23:34:05+08:00 ] 127.0.0.1 GET guan.com/contact
[运行时间：0.129463s] [吞吐率：7.72req/s] [内存消耗：2,250.73kb] [文件加载：52]
[ info ] [ LANG ] C:\Users\think\my\tool\phpstudy\PHPTutorial\WWW\guan.com\source\thinkphp\lang\zh-cn.php
[ info ] [ ROUTE ] array (
  'type' => 'module',
  'module' => 'index/index/contact/index',
)
[ info ] [ HEADER ] array (
  'accept-language' => 'zh-CN,zh;q=0.9',
  'accept-encoding' => 'gzip, deflate',
  'referer' => 'http://guan.com/',
  'accept' => 'text/html,application/xhtml+xml,application/xml;q=0.9,image/webp,image/apng,*/*;q=0.8',
  'user-agent' => 'Mozilla/5.0 (Windows NT 10.0; WOW64) AppleWebKit/537.36 (KHTML, like Gecko) Chrome/65.0.3314.0 Safari/537.36 SE 2.X MetaSr 1.0',
  'upgrade-insecure-requests' => '1',
  'cache-control' => 'max-age=0',
  'connection' => 'keep-alive',
  'host' => 'guan.com',
  'content-length' => '',
  'content-type' => '',
)
[ info ] [ PARAM ] array (
)
[ info ] [ DB ] INIT mysql
[ info ] [ CACHE ] INIT File
[ info ] [ RUN ] app\index\controller\Index->contact[ C:\Users\think\my\tool\phpstudy\PHPTutorial\WWW\guan.com\source\application\index\controller\Index.php ]
[ info ] [ VIEW ] C:\Users\think\my\tool\phpstudy\PHPTutorial\WWW\guan.com\web/../source/application/index\view\index\contact.php [ array (
  0 => 'base_url',
  1 => 'group',
  2 => 'setting',
  3 => 'route',
) ]
[ info ] [ LOG ] INIT File
---------------------------------------------------------------
[ 2021-04-27T23:34:18+08:00 ] 127.0.0.1 GET guan.com/contact
[运行时间：0.104458s] [吞吐率：9.57req/s] [内存消耗：2,250.73kb] [文件加载：52]
[ info ] [ LANG ] C:\Users\think\my\tool\phpstudy\PHPTutorial\WWW\guan.com\source\thinkphp\lang\zh-cn.php
[ info ] [ ROUTE ] array (
  'type' => 'module',
  'module' => 'index/index/contact/index',
)
[ info ] [ HEADER ] array (
  'accept-language' => 'zh-CN,zh;q=0.9',
  'accept-encoding' => 'gzip, deflate',
  'referer' => 'http://guan.com/',
  'accept' => 'text/html,application/xhtml+xml,application/xml;q=0.9,image/webp,image/apng,*/*;q=0.8',
  'user-agent' => 'Mozilla/5.0 (Windows NT 10.0; WOW64) AppleWebKit/537.36 (KHTML, like Gecko) Chrome/65.0.3314.0 Safari/537.36 SE 2.X MetaSr 1.0',
  'upgrade-insecure-requests' => '1',
  'cache-control' => 'max-age=0',
  'connection' => 'keep-alive',
  'host' => 'guan.com',
  'content-length' => '',
  'content-type' => '',
)
[ info ] [ PARAM ] array (
)
[ info ] [ DB ] INIT mysql
[ info ] [ CACHE ] INIT File
[ info ] [ RUN ] app\index\controller\Index->contact[ C:\Users\think\my\tool\phpstudy\PHPTutorial\WWW\guan.com\source\application\index\controller\Index.php ]
[ info ] [ VIEW ] C:\Users\think\my\tool\phpstudy\PHPTutorial\WWW\guan.com\web/../source/application/index\view\index\contact.php [ array (
  0 => 'base_url',
  1 => 'group',
  2 => 'setting',
  3 => 'route',
) ]
[ info ] [ LOG ] INIT File
---------------------------------------------------------------
[ 2021-04-27T23:38:55+08:00 ] 127.0.0.1 GET guan.com/contact
[运行时间：0.113399s] [吞吐率：8.82req/s] [内存消耗：2,246.73kb] [文件加载：52]
[ info ] [ LANG ] C:\Users\think\my\tool\phpstudy\PHPTutorial\WWW\guan.com\source\thinkphp\lang\zh-cn.php
[ info ] [ ROUTE ] array (
  'type' => 'module',
  'module' => 'index/index/contact/index',
)
[ info ] [ HEADER ] array (
  'accept-language' => 'zh-CN,zh;q=0.9',
  'accept-encoding' => 'gzip, deflate',
  'referer' => 'http://guan.com/',
  'accept' => 'text/html,application/xhtml+xml,application/xml;q=0.9,image/webp,image/apng,*/*;q=0.8',
  'user-agent' => 'Mozilla/5.0 (Windows NT 10.0; WOW64) AppleWebKit/537.36 (KHTML, like Gecko) Chrome/65.0.3314.0 Safari/537.36 SE 2.X MetaSr 1.0',
  'upgrade-insecure-requests' => '1',
  'cache-control' => 'max-age=0',
  'connection' => 'keep-alive',
  'host' => 'guan.com',
  'content-length' => '',
  'content-type' => '',
)
[ info ] [ PARAM ] array (
)
[ info ] [ DB ] INIT mysql
[ info ] [ CACHE ] INIT File
[ info ] [ RUN ] app\index\controller\Index->contact[ C:\Users\think\my\tool\phpstudy\PHPTutorial\WWW\guan.com\source\application\index\controller\Index.php ]
[ info ] [ VIEW ] C:\Users\think\my\tool\phpstudy\PHPTutorial\WWW\guan.com\web/../source/application/index\view\index\contact.php [ array (
  0 => 'base_url',
  1 => 'group',
  2 => 'setting',
  3 => 'route',
) ]
[ info ] [ LOG ] INIT File
---------------------------------------------------------------
[ 2021-04-27T23:40:54+08:00 ] 127.0.0.1 GET guan.com/super
[运行时间：0.062876s] [吞吐率：15.90req/s] [内存消耗：1,210.48kb] [文件加载：40]
[ info ] [ LANG ] C:\Users\think\my\tool\phpstudy\PHPTutorial\WWW\guan.com\source\thinkphp\lang\zh-cn.php
[ info ] [ ROUTE ] array (
  'type' => 'module',
  'module' => 
  array (
    0 => 'super',
    1 => NULL,
    2 => NULL,
  ),
)
[ info ] [ HEADER ] array (
  'accept-language' => 'zh-CN,zh;q=0.9',
  'accept-encoding' => 'gzip, deflate',
  'accept' => 'text/html,application/xhtml+xml,application/xml;q=0.9,image/webp,image/apng,*/*;q=0.8',
  'user-agent' => 'Mozilla/5.0 (Windows NT 10.0; WOW64) AppleWebKit/537.36 (KHTML, like Gecko) Chrome/65.0.3314.0 Safari/537.36 SE 2.X MetaSr 1.0',
  'upgrade-insecure-requests' => '1',
  'connection' => 'keep-alive',
  'host' => 'guan.com',
  'content-length' => '',
  'content-type' => '',
)
[ info ] [ PARAM ] array (
)
[ info ] [ SESSION ] INIT array (
  'id' => '',
  'var_session_id' => '',
  'prefix' => '',
  'type' => '',
  'auto_start' => true,
)
[ info ] [ LOG ] INIT File
---------------------------------------------------------------
[ 2021-04-27T23:40:54+08:00 ] 127.0.0.1 GET guan.com/super/passport/login
[运行时间：0.059398s] [吞吐率：16.84req/s] [内存消耗：1,172.18kb] [文件加载：38]
[ info ] [ LANG ] C:\Users\think\my\tool\phpstudy\PHPTutorial\WWW\guan.com\source\thinkphp\lang\zh-cn.php
[ info ] [ ROUTE ] array (
  'type' => 'module',
  'module' => 
  array (
    0 => 'super',
    1 => 'passport',
    2 => 'login',
  ),
)
[ info ] [ HEADER ] array (
  'cookie' => 'PHPSESSID=mlgi8742nuq5rll5v3t7k027e1',
  'accept-language' => 'zh-CN,zh;q=0.9',
  'accept-encoding' => 'gzip, deflate',
  'accept' => 'text/html,application/xhtml+xml,application/xml;q=0.9,image/webp,image/apng,*/*;q=0.8',
  'user-agent' => 'Mozilla/5.0 (Windows NT 10.0; WOW64) AppleWebKit/537.36 (KHTML, like Gecko) Chrome/65.0.3314.0 Safari/537.36 SE 2.X MetaSr 1.0',
  'upgrade-insecure-requests' => '1',
  'connection' => 'keep-alive',
  'host' => 'guan.com',
  'content-length' => '',
  'content-type' => '',
)
[ info ] [ PARAM ] array (
)
[ info ] [ SESSION ] INIT array (
  'id' => '',
  'var_session_id' => '',
  'prefix' => '',
  'type' => '',
  'auto_start' => true,
)
[ info ] [ RUN ] app\super\controller\Passport->login[ C:\Users\think\my\tool\phpstudy\PHPTutorial\WWW\guan.com\source\application\super\controller\Passport.php ]
[ info ] [ VIEW ] C:\Users\think\my\tool\phpstudy\PHPTutorial\WWW\guan.com\web/../source/application/super\view\passport\login.php [ array (
) ]
[ info ] [ LOG ] INIT File
---------------------------------------------------------------
[ 2021-04-27T23:40:55+08:00 ] 127.0.0.1 GET guan.com/assets/admin/i/favicon.ico
[运行时间：0.075675s] [吞吐率：13.21req/s] [内存消耗：967.68kb] [文件加载：31]
[ info ] [ LANG ] C:\Users\think\my\tool\phpstudy\PHPTutorial\WWW\guan.com\source\thinkphp\lang\zh-cn.php
[ info ] [ ROUTE ] array (
  'type' => 'module',
  'module' => 
  array (
    0 => 'assets',
    1 => 'admin',
    2 => 'i',
  ),
)
[ info ] [ HEADER ] array (
  'cookie' => 'PHPSESSID=mlgi8742nuq5rll5v3t7k027e1',
  'accept-encoding' => 'gzip, deflate',
  'user-agent' => 'Mozilla/5.0 (Windows NT 10.0; WOW64) AppleWebKit/537.36 (KHTML, like Gecko) Chrome/65.0.3314.0 Safari/537.36 SE 2.X MetaSr 1.0',
  'accept' => 'text/html,application/xhtml+xml,application/xml;q=0.9,image/webp,image/apng,*/*;q=0.8',
  'cache-control' => 'no-cache',
  'pragma' => 'no-cache',
  'connection' => 'keep-alive',
  'host' => 'guan.com',
  'content-length' => '',
  'content-type' => '',
)
[ info ] [ PARAM ] array (
)
[ info ] [ LOG ] INIT File
---------------------------------------------------------------
[ 2021-04-27T23:40:57+08:00 ] 127.0.0.1 POST guan.com/super/passport/login
[运行时间：0.134077s] [吞吐率：7.46req/s] [内存消耗：2,109.34kb] [文件加载：49]
[ info ] [ LANG ] C:\Users\think\my\tool\phpstudy\PHPTutorial\WWW\guan.com\source\thinkphp\lang\zh-cn.php
[ info ] [ ROUTE ] array (
  'type' => 'module',
  'module' => 
  array (
    0 => 'super',
    1 => 'passport',
    2 => 'login',
  ),
)
[ info ] [ HEADER ] array (
  'cookie' => 'PHPSESSID=mlgi8742nuq5rll5v3t7k027e1',
  'accept-language' => 'zh-CN,zh;q=0.9',
  'accept-encoding' => 'gzip, deflate',
  'referer' => 'http://guan.com/super/passport/login',
  'content-type' => 'application/x-www-form-urlencoded; charset=UTF-8',
  'user-agent' => 'Mozilla/5.0 (Windows NT 10.0; WOW64) AppleWebKit/537.36 (KHTML, like Gecko) Chrome/65.0.3314.0 Safari/537.36 SE 2.X MetaSr 1.0',
  'x-requested-with' => 'XMLHttpRequest',
  'origin' => 'http://guan.com',
  'accept' => 'application/json, text/javascript, */*; q=0.01',
  'content-length' => '50',
  'connection' => 'keep-alive',
  'host' => 'guan.com',
)
[ info ] [ PARAM ] array (
  'User' => 
  array (
    'user_name' => 'admin',
    'password' => 'admin',
  ),
)
[ info ] [ SESSION ] INIT array (
  'id' => '',
  'var_session_id' => '',
  'prefix' => '',
  'type' => '',
  'auto_start' => true,
)
[ info ] [ RUN ] app\super\controller\Passport->login[ C:\Users\think\my\tool\phpstudy\PHPTutorial\WWW\guan.com\source\application\super\controller\Passport.php ]
[ info ] [ DB ] INIT mysql
[ info ] [ LOG ] INIT File
[ sql ] [ DB ] CONNECT:[ UseTime:0.012132s ] mysql:host=127.0.0.1;port=3306;dbname=guan.com;charset=utf8
[ sql ] [ SQL ] SHOW COLUMNS FROM `hishop_super` [ RunTime:0.014531s ]
[ sql ] [ SQL ] SELECT * FROM `hishop_super` WHERE  `user_name` = 'admin'  AND `password` = '2150fc4fd844434de6ecf45439b5b556' LIMIT 1 [ RunTime:0.000454s ]
---------------------------------------------------------------
[ 2021-04-27T23:40:59+08:00 ] 127.0.0.1 GET guan.com/super/index/index
[运行时间：0.092451s] [吞吐率：10.82req/s] [内存消耗：2,093.28kb] [文件加载：51]
[ info ] [ LANG ] C:\Users\think\my\tool\phpstudy\PHPTutorial\WWW\guan.com\source\thinkphp\lang\zh-cn.php
[ info ] [ ROUTE ] array (
  'type' => 'module',
  'module' => 
  array (
    0 => 'super',
    1 => 'index',
    2 => 'index',
  ),
)
[ info ] [ HEADER ] array (
  'cookie' => 'PHPSESSID=mlgi8742nuq5rll5v3t7k027e1',
  'accept-language' => 'zh-CN,zh;q=0.9',
  'accept-encoding' => 'gzip, deflate',
  'referer' => 'http://guan.com/super/passport/login',
  'accept' => 'text/html,application/xhtml+xml,application/xml;q=0.9,image/webp,image/apng,*/*;q=0.8',
  'user-agent' => 'Mozilla/5.0 (Windows NT 10.0; WOW64) AppleWebKit/537.36 (KHTML, like Gecko) Chrome/65.0.3314.0 Safari/537.36 SE 2.X MetaSr 1.0',
  'upgrade-insecure-requests' => '1',
  'connection' => 'keep-alive',
  'host' => 'guan.com',
  'content-length' => '',
  'content-type' => '',
)
[ info ] [ PARAM ] array (
)
[ info ] [ SESSION ] INIT array (
  'id' => '',
  'var_session_id' => '',
  'prefix' => '',
  'type' => '',
  'auto_start' => true,
)
[ info ] [ DB ] INIT mysql
[ info ] [ CACHE ] INIT File
[ info ] [ RUN ] app\super\controller\Index->index[ C:\Users\think\my\tool\phpstudy\PHPTutorial\WWW\guan.com\source\application\super\controller\Index.php ]
[ info ] [ VIEW ] C:\Users\think\my\tool\phpstudy\PHPTutorial\WWW\guan.com\web/../source/application/super\view\index\index.php [ array (
  0 => 'base_url',
  1 => 'super_url',
  2 => 'group',
  3 => 'menus',
  4 => 'super',
  5 => 'setting',
) ]
[ info ] [ LOG ] INIT File
---------------------------------------------------------------
[ 2021-04-27T23:41:00+08:00 ] 127.0.0.1 GET guan.com/super/message/index
[运行时间：0.129678s] [吞吐率：7.71req/s] [内存消耗：2,276.29kb] [文件加载：58]
[ info ] [ LANG ] C:\Users\think\my\tool\phpstudy\PHPTutorial\WWW\guan.com\source\thinkphp\lang\zh-cn.php
[ info ] [ ROUTE ] array (
  'type' => 'module',
  'module' => 
  array (
    0 => 'super',
    1 => 'message',
    2 => 'index',
  ),
)
[ info ] [ HEADER ] array (
  'cookie' => 'PHPSESSID=mlgi8742nuq5rll5v3t7k027e1',
  'accept-language' => 'zh-CN,zh;q=0.9',
  'accept-encoding' => 'gzip, deflate',
  'referer' => 'http://guan.com/super/index/index',
  'accept' => 'text/html,application/xhtml+xml,application/xml;q=0.9,image/webp,image/apng,*/*;q=0.8',
  'user-agent' => 'Mozilla/5.0 (Windows NT 10.0; WOW64) AppleWebKit/537.36 (KHTML, like Gecko) Chrome/65.0.3314.0 Safari/537.36 SE 2.X MetaSr 1.0',
  'upgrade-insecure-requests' => '1',
  'connection' => 'keep-alive',
  'host' => 'guan.com',
  'content-length' => '',
  'content-type' => '',
)
[ info ] [ PARAM ] array (
)
[ info ] [ SESSION ] INIT array (
  'id' => '',
  'var_session_id' => '',
  'prefix' => '',
  'type' => '',
  'auto_start' => true,
)
[ info ] [ DB ] INIT mysql
[ info ] [ CACHE ] INIT File
[ info ] [ RUN ] app\super\controller\Message->index[ C:\Users\think\my\tool\phpstudy\PHPTutorial\WWW\guan.com\source\application\super\controller\Message.php ]
[ info ] [ VIEW ] C:\Users\think\my\tool\phpstudy\PHPTutorial\WWW\guan.com\web/../source/application/super\view\message\index.php [ array (
  0 => 'base_url',
  1 => 'super_url',
  2 => 'group',
  3 => 'menus',
  4 => 'super',
  5 => 'setting',
  6 => 'list',
) ]
[ info ] [ LOG ] INIT File
[ sql ] [ DB ] CONNECT:[ UseTime:0.011993s ] mysql:host=127.0.0.1;port=3306;dbname=guan.com;charset=utf8
[ sql ] [ SQL ] SHOW COLUMNS FROM `hishop_message` [ RunTime:0.011709s ]
[ sql ] [ SQL ] SELECT COUNT(*) AS tp_count FROM `hishop_message` LIMIT 1 [ RunTime:0.000335s ]
[ sql ] [ SQL ] SELECT * FROM `hishop_message` ORDER BY `create_time` DESC LIMIT 0,15 [ RunTime:0.000304s ]
---------------------------------------------------------------
[ 2021-04-27T23:42:03+08:00 ] 127.0.0.1 GET guan.com/super/message/index
[运行时间：0.141079s] [吞吐率：7.09req/s] [内存消耗：2,405.68kb] [文件加载：60]
[ info ] [ LANG ] C:\Users\think\my\tool\phpstudy\PHPTutorial\WWW\guan.com\source\thinkphp\lang\zh-cn.php
[ info ] [ ROUTE ] array (
  'type' => 'module',
  'module' => 
  array (
    0 => 'super',
    1 => 'message',
    2 => 'index',
  ),
)
[ info ] [ HEADER ] array (
  'cookie' => 'PHPSESSID=mlgi8742nuq5rll5v3t7k027e1',
  'accept-language' => 'zh-CN,zh;q=0.9',
  'accept-encoding' => 'gzip, deflate',
  'referer' => 'http://guan.com/super/index/index',
  'accept' => 'text/html,application/xhtml+xml,application/xml;q=0.9,image/webp,image/apng,*/*;q=0.8',
  'user-agent' => 'Mozilla/5.0 (Windows NT 10.0; WOW64) AppleWebKit/537.36 (KHTML, like Gecko) Chrome/65.0.3314.0 Safari/537.36 SE 2.X MetaSr 1.0',
  'upgrade-insecure-requests' => '1',
  'cache-control' => 'max-age=0',
  'connection' => 'keep-alive',
  'host' => 'guan.com',
  'content-length' => '',
  'content-type' => '',
)
[ info ] [ PARAM ] array (
)
[ info ] [ SESSION ] INIT array (
  'id' => '',
  'var_session_id' => '',
  'prefix' => '',
  'type' => '',
  'auto_start' => true,
)
[ info ] [ DB ] INIT mysql
[ info ] [ CACHE ] INIT File
[ info ] [ RUN ] app\super\controller\Message->index[ C:\Users\think\my\tool\phpstudy\PHPTutorial\WWW\guan.com\source\application\super\controller\Message.php ]
[ info ] [ VIEW ] C:\Users\think\my\tool\phpstudy\PHPTutorial\WWW\guan.com\web/../source/application/super\view\message\index.php [ array (
  0 => 'base_url',
  1 => 'super_url',
  2 => 'group',
  3 => 'menus',
  4 => 'super',
  5 => 'setting',
  6 => 'list',
) ]
[ info ] [ LOG ] INIT File
[ sql ] [ DB ] CONNECT:[ UseTime:0.011945s ] mysql:host=127.0.0.1;port=3306;dbname=guan.com;charset=utf8
[ sql ] [ SQL ] SHOW COLUMNS FROM `hishop_message` [ RunTime:0.012233s ]
[ sql ] [ SQL ] SELECT COUNT(*) AS tp_count FROM `hishop_message` LIMIT 1 [ RunTime:0.000317s ]
[ sql ] [ SQL ] SELECT * FROM `hishop_message` ORDER BY `create_time` DESC LIMIT 0,15 [ RunTime:0.000349s ]
---------------------------------------------------------------
[ 2021-04-27T23:42:15+08:00 ] 127.0.0.1 GET guan.com/super/message/index
[运行时间：0.124257s] [吞吐率：8.05req/s] [内存消耗：2,405.68kb] [文件加载：60]
[ info ] [ LANG ] C:\Users\think\my\tool\phpstudy\PHPTutorial\WWW\guan.com\source\thinkphp\lang\zh-cn.php
[ info ] [ ROUTE ] array (
  'type' => 'module',
  'module' => 
  array (
    0 => 'super',
    1 => 'message',
    2 => 'index',
  ),
)
[ info ] [ HEADER ] array (
  'cookie' => 'PHPSESSID=mlgi8742nuq5rll5v3t7k027e1',
  'accept-language' => 'zh-CN,zh;q=0.9',
  'accept-encoding' => 'gzip, deflate',
  'referer' => 'http://guan.com/super/index/index',
  'accept' => 'text/html,application/xhtml+xml,application/xml;q=0.9,image/webp,image/apng,*/*;q=0.8',
  'user-agent' => 'Mozilla/5.0 (Windows NT 10.0; WOW64) AppleWebKit/537.36 (KHTML, like Gecko) Chrome/65.0.3314.0 Safari/537.36 SE 2.X MetaSr 1.0',
  'upgrade-insecure-requests' => '1',
  'cache-control' => 'max-age=0',
  'connection' => 'keep-alive',
  'host' => 'guan.com',
  'content-length' => '',
  'content-type' => '',
)
[ info ] [ PARAM ] array (
)
[ info ] [ SESSION ] INIT array (
  'id' => '',
  'var_session_id' => '',
  'prefix' => '',
  'type' => '',
  'auto_start' => true,
)
[ info ] [ DB ] INIT mysql
[ info ] [ CACHE ] INIT File
[ info ] [ RUN ] app\super\controller\Message->index[ C:\Users\think\my\tool\phpstudy\PHPTutorial\WWW\guan.com\source\application\super\controller\Message.php ]
[ info ] [ VIEW ] C:\Users\think\my\tool\phpstudy\PHPTutorial\WWW\guan.com\web/../source/application/super\view\message\index.php [ array (
  0 => 'base_url',
  1 => 'super_url',
  2 => 'group',
  3 => 'menus',
  4 => 'super',
  5 => 'setting',
  6 => 'list',
) ]
[ info ] [ LOG ] INIT File
[ sql ] [ DB ] CONNECT:[ UseTime:0.011494s ] mysql:host=127.0.0.1;port=3306;dbname=guan.com;charset=utf8
[ sql ] [ SQL ] SHOW COLUMNS FROM `hishop_message` [ RunTime:0.014413s ]
[ sql ] [ SQL ] SELECT COUNT(*) AS tp_count FROM `hishop_message` LIMIT 1 [ RunTime:0.000214s ]
[ sql ] [ SQL ] SELECT * FROM `hishop_message` ORDER BY `create_time` DESC LIMIT 0,15 [ RunTime:0.000175s ]
---------------------------------------------------------------
[ 2021-04-27T23:42:20+08:00 ] 127.0.0.1 GET guan.com/super/message/index
[运行时间：0.122795s] [吞吐率：8.14req/s] [内存消耗：2,405.68kb] [文件加载：60]
[ info ] [ LANG ] C:\Users\think\my\tool\phpstudy\PHPTutorial\WWW\guan.com\source\thinkphp\lang\zh-cn.php
[ info ] [ ROUTE ] array (
  'type' => 'module',
  'module' => 
  array (
    0 => 'super',
    1 => 'message',
    2 => 'index',
  ),
)
[ info ] [ HEADER ] array (
  'cookie' => 'PHPSESSID=mlgi8742nuq5rll5v3t7k027e1',
  'accept-language' => 'zh-CN,zh;q=0.9',
  'accept-encoding' => 'gzip, deflate',
  'referer' => 'http://guan.com/super/index/index',
  'accept' => 'text/html,application/xhtml+xml,application/xml;q=0.9,image/webp,image/apng,*/*;q=0.8',
  'user-agent' => 'Mozilla/5.0 (Windows NT 10.0; WOW64) AppleWebKit/537.36 (KHTML, like Gecko) Chrome/65.0.3314.0 Safari/537.36 SE 2.X MetaSr 1.0',
  'upgrade-insecure-requests' => '1',
  'cache-control' => 'max-age=0',
  'connection' => 'keep-alive',
  'host' => 'guan.com',
  'content-length' => '',
  'content-type' => '',
)
[ info ] [ PARAM ] array (
)
[ info ] [ SESSION ] INIT array (
  'id' => '',
  'var_session_id' => '',
  'prefix' => '',
  'type' => '',
  'auto_start' => true,
)
[ info ] [ DB ] INIT mysql
[ info ] [ CACHE ] INIT File
[ info ] [ RUN ] app\super\controller\Message->index[ C:\Users\think\my\tool\phpstudy\PHPTutorial\WWW\guan.com\source\application\super\controller\Message.php ]
[ info ] [ VIEW ] C:\Users\think\my\tool\phpstudy\PHPTutorial\WWW\guan.com\web/../source/application/super\view\message\index.php [ array (
  0 => 'base_url',
  1 => 'super_url',
  2 => 'group',
  3 => 'menus',
  4 => 'super',
  5 => 'setting',
  6 => 'list',
) ]
[ info ] [ LOG ] INIT File
[ sql ] [ DB ] CONNECT:[ UseTime:0.010734s ] mysql:host=127.0.0.1;port=3306;dbname=guan.com;charset=utf8
[ sql ] [ SQL ] SHOW COLUMNS FROM `hishop_message` [ RunTime:0.013653s ]
[ sql ] [ SQL ] SELECT COUNT(*) AS tp_count FROM `hishop_message` LIMIT 1 [ RunTime:0.000371s ]
[ sql ] [ SQL ] SELECT * FROM `hishop_message` ORDER BY `create_time` DESC LIMIT 0,15 [ RunTime:0.000337s ]
