---------------------------------------------------------------
[ 2021-03-07T11:24:02+08:00 ] 127.0.0.1 GET guan.com/super/article/add
[运行时间：0.197234s] [吞吐率：5.07req/s] [内存消耗：2,517.66kb] [文件加载：62]
[ info ] [ LANG ] C:\Users\think\my\tool\phpstudy\PHPTutorial\WWW\guan.com\source\thinkphp\lang\zh-cn.php
[ info ] [ ROUTE ] array (
  'type' => 'module',
  'module' => 
  array (
    0 => 'super',
    1 => 'article',
    2 => 'add',
  ),
)
[ info ] [ HEADER ] array (
  'cookie' => 'PHPSESSID=s7teejsu1r081n5nuj6670lgv2',
  'accept-language' => 'zh-CN,zh;q=0.9',
  'accept-encoding' => 'gzip, deflate',
  'referer' => 'http://guan.com/super/article/index',
  'accept' => 'text/html,application/xhtml+xml,application/xml;q=0.9,image/webp,image/apng,*/*;q=0.8',
  'user-agent' => 'Mozilla/5.0 (Windows NT 10.0; WOW64) AppleWebKit/537.36 (KHTML, like Gecko) Chrome/65.0.3314.0 Safari/537.36 SE 2.X MetaSr 1.0',
  'upgrade-insecure-requests' => '1',
  'cache-control' => 'max-age=0',
  'connection' => 'keep-alive',
  'host' => 'guan.com',
  'content-length' => '',
  'content-type' => '',
)
[ info ] [ PARAM ] array (
)
[ info ] [ SESSION ] INIT array (
  'id' => '',
  'var_session_id' => '',
  'prefix' => '',
  'type' => '',
  'auto_start' => true,
)
[ info ] [ DB ] INIT mysql
[ info ] [ CACHE ] INIT File
[ info ] [ RUN ] app\super\controller\Article->add[ C:\Users\think\my\tool\phpstudy\PHPTutorial\WWW\guan.com\source\application\super\controller\Article.php ]
[ info ] [ VIEW ] C:\Users\think\my\tool\phpstudy\PHPTutorial\WWW\guan.com\web/../source/application/super\view\article\add.php [ array (
  0 => 'base_url',
  1 => 'super_url',
  2 => 'group',
  3 => 'menus',
  4 => 'super',
  5 => 'setting',
  6 => 'catgory',
) ]
[ info ] [ LOG ] INIT File
[ sql ] [ DB ] CONNECT:[ UseTime:0.001317s ] mysql:host=127.0.0.1;port=3306;dbname=guan.com;charset=utf8
[ sql ] [ SQL ] SHOW COLUMNS FROM `hishop_setting` [ RunTime:0.012708s ]
[ sql ] [ SQL ] SELECT * FROM `hishop_setting` [ RunTime:0.000358s ]
[ sql ] [ SQL ] SHOW COLUMNS FROM `hishop_art_category` [ RunTime:0.013548s ]
[ sql ] [ SQL ] SELECT * FROM `hishop_art_category` ORDER BY `sort` ASC [ RunTime:0.000351s ]
[ sql ] [ SQL ] SHOW COLUMNS FROM `hishop_upload_file` [ RunTime:0.013590s ]
[ sql ] [ SQL ] SELECT * FROM `hishop_upload_file` WHERE  `file_id` IN (10003) [ RunTime:0.000372s ]
---------------------------------------------------------------
[ 2021-03-07T11:24:07+08:00 ] 127.0.0.1 GET guan.com/super/upload.library/fileList?group_id=-1
[运行时间：0.166749s] [吞吐率：6.00req/s] [内存消耗：2,315.53kb] [文件加载：60]
[ info ] [ LANG ] C:\Users\think\my\tool\phpstudy\PHPTutorial\WWW\guan.com\source\thinkphp\lang\zh-cn.php
[ info ] [ ROUTE ] array (
  'type' => 'module',
  'module' => 
  array (
    0 => 'super',
    1 => 'upload.library',
    2 => 'fileList',
  ),
)
[ info ] [ HEADER ] array (
  'cookie' => 'PHPSESSID=s7teejsu1r081n5nuj6670lgv2',
  'accept-language' => 'zh-CN,zh;q=0.9',
  'accept-encoding' => 'gzip, deflate',
  'referer' => 'http://guan.com/super/article/add',
  'user-agent' => 'Mozilla/5.0 (Windows NT 10.0; WOW64) AppleWebKit/537.36 (KHTML, like Gecko) Chrome/65.0.3314.0 Safari/537.36 SE 2.X MetaSr 1.0',
  'x-requested-with' => 'XMLHttpRequest',
  'accept' => 'application/json, text/javascript, */*; q=0.01',
  'connection' => 'keep-alive',
  'host' => 'guan.com',
  'content-length' => '',
  'content-type' => '',
)
[ info ] [ PARAM ] array (
  'group_id' => '-1',
)
[ info ] [ SESSION ] INIT array (
  'id' => '',
  'var_session_id' => '',
  'prefix' => '',
  'type' => '',
  'auto_start' => true,
)
[ info ] [ DB ] INIT mysql
[ info ] [ CACHE ] INIT File
[ info ] [ RUN ] app\super\controller\upload\Library->fileList[ C:\Users\think\my\tool\phpstudy\PHPTutorial\WWW\guan.com\source\application\super\controller\upload\Library.php ]
[ info ] [ LOG ] INIT File
[ sql ] [ DB ] CONNECT:[ UseTime:0.002063s ] mysql:host=127.0.0.1;port=3306;dbname=guan.com;charset=utf8
[ sql ] [ SQL ] SHOW COLUMNS FROM `hishop_upload_group` [ RunTime:0.011692s ]
[ sql ] [ SQL ] SELECT * FROM `hishop_upload_group` WHERE  `group_type` = 'image' ORDER BY `sort` ASC [ RunTime:0.000465s ]
[ sql ] [ SQL ] SHOW COLUMNS FROM `hishop_upload_file` [ RunTime:0.012995s ]
[ sql ] [ SQL ] SELECT COUNT(*) AS tp_count FROM `hishop_upload_file` WHERE  `file_type` = 'image'  AND `is_delete` = 0 LIMIT 1 [ RunTime:0.000381s ]
[ sql ] [ SQL ] SELECT * FROM `hishop_upload_file` WHERE  `file_type` = 'image'  AND `is_delete` = 0 ORDER BY `file_id` DESC LIMIT 0,32 [ RunTime:0.000406s ]
---------------------------------------------------------------
[ 2021-03-07T11:24:54+08:00 ] 127.0.0.1 GET guan.com/super/upload.library/fileList?group_id=-1
[运行时间：0.139371s] [吞吐率：7.18req/s] [内存消耗：2,314.83kb] [文件加载：60]
[ info ] [ LANG ] C:\Users\think\my\tool\phpstudy\PHPTutorial\WWW\guan.com\source\thinkphp\lang\zh-cn.php
[ info ] [ ROUTE ] array (
  'type' => 'module',
  'module' => 
  array (
    0 => 'super',
    1 => 'upload.library',
    2 => 'fileList',
  ),
)
[ info ] [ HEADER ] array (
  'cookie' => 'PHPSESSID=s7teejsu1r081n5nuj6670lgv2',
  'accept-language' => 'zh-CN,zh;q=0.9',
  'accept-encoding' => 'gzip, deflate',
  'referer' => 'http://guan.com/super/article/add',
  'user-agent' => 'Mozilla/5.0 (Windows NT 10.0; WOW64) AppleWebKit/537.36 (KHTML, like Gecko) Chrome/65.0.3314.0 Safari/537.36 SE 2.X MetaSr 1.0',
  'x-requested-with' => 'XMLHttpRequest',
  'accept' => 'application/json, text/javascript, */*; q=0.01',
  'connection' => 'keep-alive',
  'host' => 'guan.com',
  'content-length' => '',
  'content-type' => '',
)
[ info ] [ PARAM ] array (
  'group_id' => '-1',
)
[ info ] [ SESSION ] INIT array (
  'id' => '',
  'var_session_id' => '',
  'prefix' => '',
  'type' => '',
  'auto_start' => true,
)
[ info ] [ DB ] INIT mysql
[ info ] [ CACHE ] INIT File
[ info ] [ RUN ] app\super\controller\upload\Library->fileList[ C:\Users\think\my\tool\phpstudy\PHPTutorial\WWW\guan.com\source\application\super\controller\upload\Library.php ]
[ info ] [ LOG ] INIT File
[ sql ] [ DB ] CONNECT:[ UseTime:0.010696s ] mysql:host=127.0.0.1;port=3306;dbname=guan.com;charset=utf8
[ sql ] [ SQL ] SHOW COLUMNS FROM `hishop_upload_group` [ RunTime:0.012382s ]
[ sql ] [ SQL ] SELECT * FROM `hishop_upload_group` WHERE  `group_type` = 'image' ORDER BY `sort` ASC [ RunTime:0.000512s ]
[ sql ] [ SQL ] SHOW COLUMNS FROM `hishop_upload_file` [ RunTime:0.013688s ]
[ sql ] [ SQL ] SELECT COUNT(*) AS tp_count FROM `hishop_upload_file` WHERE  `file_type` = 'image'  AND `is_delete` = 0 LIMIT 1 [ RunTime:0.000392s ]
[ sql ] [ SQL ] SELECT * FROM `hishop_upload_file` WHERE  `file_type` = 'image'  AND `is_delete` = 0 ORDER BY `file_id` DESC LIMIT 0,32 [ RunTime:0.000416s ]
---------------------------------------------------------------
[ 2021-03-07T11:25:18+08:00 ] 127.0.0.1 POST guan.com/super/article/add
[运行时间：0.164330s] [吞吐率：6.09req/s] [内存消耗：2,264.95kb] [文件加载：58]
[ info ] [ LANG ] C:\Users\think\my\tool\phpstudy\PHPTutorial\WWW\guan.com\source\thinkphp\lang\zh-cn.php
[ info ] [ ROUTE ] array (
  'type' => 'module',
  'module' => 
  array (
    0 => 'super',
    1 => 'article',
    2 => 'add',
  ),
)
[ info ] [ HEADER ] array (
  'cookie' => 'PHPSESSID=s7teejsu1r081n5nuj6670lgv2',
  'accept-language' => 'zh-CN,zh;q=0.9',
  'accept-encoding' => 'gzip, deflate',
  'referer' => 'http://guan.com/super/article/add',
  'content-type' => 'application/x-www-form-urlencoded; charset=UTF-8',
  'user-agent' => 'Mozilla/5.0 (Windows NT 10.0; WOW64) AppleWebKit/537.36 (KHTML, like Gecko) Chrome/65.0.3314.0 Safari/537.36 SE 2.X MetaSr 1.0',
  'x-requested-with' => 'XMLHttpRequest',
  'origin' => 'http://guan.com',
  'accept' => 'application/json, text/javascript, */*; q=0.01',
  'content-length' => '344',
  'connection' => 'keep-alive',
  'host' => 'guan.com',
)
[ info ] [ PARAM ] array (
  'article' => 
  array (
    'article_name' => 'test11',
    'art_category_id' => '10003',
    'images' => 
    array (
      0 => '4',
    ),
    'image_name' => 
    array (
      0 => '112',
    ),
    'image_alt' => 
    array (
      0 => '321',
    ),
    'keywords' => '123',
    'description' => '123',
    'content' => '&lt;p&gt;123&lt;/p&gt;',
    'article_status' => '10',
    'is_home' => '10',
    'article_sort' => '100',
  ),
)
[ info ] [ SESSION ] INIT array (
  'id' => '',
  'var_session_id' => '',
  'prefix' => '',
  'type' => '',
  'auto_start' => true,
)
[ info ] [ DB ] INIT mysql
[ info ] [ CACHE ] INIT File
[ info ] [ RUN ] app\super\controller\Article->add[ C:\Users\think\my\tool\phpstudy\PHPTutorial\WWW\guan.com\source\application\super\controller\Article.php ]
[ info ] [ LOG ] INIT File
[ sql ] [ DB ] CONNECT:[ UseTime:0.011077s ] mysql:host=127.0.0.1;port=3306;dbname=guan.com;charset=utf8
[ sql ] [ SQL ] SHOW COLUMNS FROM `hishop_article` [ RunTime:0.015046s ]
[ sql ] [ SQL ] INSERT INTO `hishop_article` (`article_name` , `art_category_id` , `keywords` , `description` , `content` , `article_status` , `is_home` , `article_sort` , `create_time` , `update_time`) VALUES ('test11' , 10003 , '123' , '123' , '&lt;p&gt;123&lt;/p&gt;' , 10 , 10 , 100 , 1615087518 , 1615087518) [ RunTime:0.000456s ]
[ sql ] [ SQL ] SHOW COLUMNS FROM `hishop_article_image` [ RunTime:0.011605s ]
[ sql ] [ SQL ] DELETE FROM `hishop_article_image`    WHERE  `article_id` = 1  ORDER BY `id` ASC [ RunTime:0.000487s ]
[ sql ] [ SQL ] SHOW COLUMNS FROM `hishop_upload_file` [ RunTime:0.012225s ]
[ sql ] [ SQL ] SELECT * FROM `hishop_upload_file` WHERE  `file_id` = 4 LIMIT 1 [ RunTime:0.001195s ]
[ sql ] [ SQL ] INSERT INTO `hishop_article_image` (`image_id` , `image_alt` , `image_name` , `article_id` , `create_time`) VALUES (4 , '321' , '20210307/112.png' , 1 , 1615087518) [ RunTime:0.000378s ]
---------------------------------------------------------------
[ 2021-03-07T11:25:20+08:00 ] 127.0.0.1 GET guan.com/super/article/index
[运行时间：0.192228s] [吞吐率：5.20req/s] [内存消耗：2,603.91kb] [文件加载：68]
[ info ] [ LANG ] C:\Users\think\my\tool\phpstudy\PHPTutorial\WWW\guan.com\source\thinkphp\lang\zh-cn.php
[ info ] [ ROUTE ] array (
  'type' => 'module',
  'module' => 
  array (
    0 => 'super',
    1 => 'article',
    2 => 'index',
  ),
)
[ info ] [ HEADER ] array (
  'cookie' => 'PHPSESSID=s7teejsu1r081n5nuj6670lgv2',
  'accept-language' => 'zh-CN,zh;q=0.9',
  'accept-encoding' => 'gzip, deflate',
  'referer' => 'http://guan.com/super/article/add',
  'accept' => 'text/html,application/xhtml+xml,application/xml;q=0.9,image/webp,image/apng,*/*;q=0.8',
  'user-agent' => 'Mozilla/5.0 (Windows NT 10.0; WOW64) AppleWebKit/537.36 (KHTML, like Gecko) Chrome/65.0.3314.0 Safari/537.36 SE 2.X MetaSr 1.0',
  'upgrade-insecure-requests' => '1',
  'connection' => 'keep-alive',
  'host' => 'guan.com',
  'content-length' => '',
  'content-type' => '',
)
[ info ] [ PARAM ] array (
)
[ info ] [ SESSION ] INIT array (
  'id' => '',
  'var_session_id' => '',
  'prefix' => '',
  'type' => '',
  'auto_start' => true,
)
[ info ] [ DB ] INIT mysql
[ info ] [ CACHE ] INIT File
[ info ] [ RUN ] app\super\controller\Article->index[ C:\Users\think\my\tool\phpstudy\PHPTutorial\WWW\guan.com\source\application\super\controller\Article.php ]
[ info ] [ VIEW ] C:\Users\think\my\tool\phpstudy\PHPTutorial\WWW\guan.com\web/../source/application/super\view\article\index.php [ array (
  0 => 'base_url',
  1 => 'super_url',
  2 => 'group',
  3 => 'menus',
  4 => 'super',
  5 => 'setting',
  6 => 'list',
) ]
[ info ] [ LOG ] INIT File
[ sql ] [ DB ] CONNECT:[ UseTime:0.014802s ] mysql:host=127.0.0.1;port=3306;dbname=guan.com;charset=utf8
[ sql ] [ SQL ] SHOW COLUMNS FROM `hishop_art_category` [ RunTime:0.013377s ]
[ sql ] [ SQL ] SHOW COLUMNS FROM `hishop_article` [ RunTime:0.011661s ]
[ sql ] [ SQL ] SELECT COUNT(*) AS tp_count FROM `hishop_article` WHERE  `is_delete` = 0 LIMIT 1 [ RunTime:0.000415s ]
[ sql ] [ SQL ] SELECT *,(sales_initial + sales_actual) as article_sales FROM `hishop_article` WHERE  `is_delete` = 0 ORDER BY `article_sort`,`article_id` DESC LIMIT 0,15 [ RunTime:0.000425s ]
[ sql ] [ SQL ] SELECT * FROM `hishop_art_category` WHERE  `art_category_id` IN (10003) [ RunTime:0.000345s ]
[ sql ] [ SQL ] SHOW COLUMNS FROM `hishop_article_image` [ RunTime:0.011509s ]
[ sql ] [ SQL ] SELECT * FROM `hishop_article_image` WHERE  `article_id` IN (1) ORDER BY `id` ASC [ RunTime:0.000422s ]
[ sql ] [ SQL ] SHOW COLUMNS FROM `hishop_upload_file` [ RunTime:0.011976s ]
[ sql ] [ SQL ] SELECT * FROM `hishop_upload_file` WHERE  `file_id` IN (4) [ RunTime:0.000373s ]
---------------------------------------------------------------
[ 2021-03-07T11:25:37+08:00 ] 127.0.0.1 GET guan.com/super/article/add
[运行时间：0.092040s] [吞吐率：10.86req/s] [内存消耗：2,151.72kb] [文件加载：52]
[ info ] [ LANG ] C:\Users\think\my\tool\phpstudy\PHPTutorial\WWW\guan.com\source\thinkphp\lang\zh-cn.php
[ info ] [ ROUTE ] array (
  'type' => 'module',
  'module' => 
  array (
    0 => 'super',
    1 => 'article',
    2 => 'add',
  ),
)
[ info ] [ HEADER ] array (
  'cookie' => 'PHPSESSID=s7teejsu1r081n5nuj6670lgv2',
  'accept-language' => 'zh-CN,zh;q=0.9',
  'accept-encoding' => 'gzip, deflate',
  'referer' => 'http://guan.com/super/article/index',
  'accept' => 'text/html,application/xhtml+xml,application/xml;q=0.9,image/webp,image/apng,*/*;q=0.8',
  'user-agent' => 'Mozilla/5.0 (Windows NT 10.0; WOW64) AppleWebKit/537.36 (KHTML, like Gecko) Chrome/65.0.3314.0 Safari/537.36 SE 2.X MetaSr 1.0',
  'upgrade-insecure-requests' => '1',
  'connection' => 'keep-alive',
  'host' => 'guan.com',
  'content-length' => '',
  'content-type' => '',
)
[ info ] [ PARAM ] array (
)
[ info ] [ SESSION ] INIT array (
  'id' => '',
  'var_session_id' => '',
  'prefix' => '',
  'type' => '',
  'auto_start' => true,
)
[ info ] [ DB ] INIT mysql
[ info ] [ CACHE ] INIT File
[ info ] [ RUN ] app\super\controller\Article->add[ C:\Users\think\my\tool\phpstudy\PHPTutorial\WWW\guan.com\source\application\super\controller\Article.php ]
[ info ] [ VIEW ] C:\Users\think\my\tool\phpstudy\PHPTutorial\WWW\guan.com\web/../source/application/super\view\article\add.php [ array (
  0 => 'base_url',
  1 => 'super_url',
  2 => 'group',
  3 => 'menus',
  4 => 'super',
  5 => 'setting',
  6 => 'catgory',
) ]
[ info ] [ LOG ] INIT File
---------------------------------------------------------------
[ 2021-03-07T11:25:44+08:00 ] 127.0.0.1 GET guan.com/super/upload.library/fileList?group_id=-1
[运行时间：0.137397s] [吞吐率：7.28req/s] [内存消耗：2,314.83kb] [文件加载：60]
[ info ] [ LANG ] C:\Users\think\my\tool\phpstudy\PHPTutorial\WWW\guan.com\source\thinkphp\lang\zh-cn.php
[ info ] [ ROUTE ] array (
  'type' => 'module',
  'module' => 
  array (
    0 => 'super',
    1 => 'upload.library',
    2 => 'fileList',
  ),
)
[ info ] [ HEADER ] array (
  'cookie' => 'PHPSESSID=s7teejsu1r081n5nuj6670lgv2',
  'accept-language' => 'zh-CN,zh;q=0.9',
  'accept-encoding' => 'gzip, deflate',
  'referer' => 'http://guan.com/super/article/add',
  'user-agent' => 'Mozilla/5.0 (Windows NT 10.0; WOW64) AppleWebKit/537.36 (KHTML, like Gecko) Chrome/65.0.3314.0 Safari/537.36 SE 2.X MetaSr 1.0',
  'x-requested-with' => 'XMLHttpRequest',
  'accept' => 'application/json, text/javascript, */*; q=0.01',
  'connection' => 'keep-alive',
  'host' => 'guan.com',
  'content-length' => '',
  'content-type' => '',
)
[ info ] [ PARAM ] array (
  'group_id' => '-1',
)
[ info ] [ SESSION ] INIT array (
  'id' => '',
  'var_session_id' => '',
  'prefix' => '',
  'type' => '',
  'auto_start' => true,
)
[ info ] [ DB ] INIT mysql
[ info ] [ CACHE ] INIT File
[ info ] [ RUN ] app\super\controller\upload\Library->fileList[ C:\Users\think\my\tool\phpstudy\PHPTutorial\WWW\guan.com\source\application\super\controller\upload\Library.php ]
[ info ] [ LOG ] INIT File
[ sql ] [ DB ] CONNECT:[ UseTime:0.011307s ] mysql:host=127.0.0.1;port=3306;dbname=guan.com;charset=utf8
[ sql ] [ SQL ] SHOW COLUMNS FROM `hishop_upload_group` [ RunTime:0.012066s ]
[ sql ] [ SQL ] SELECT * FROM `hishop_upload_group` WHERE  `group_type` = 'image' ORDER BY `sort` ASC [ RunTime:0.000519s ]
[ sql ] [ SQL ] SHOW COLUMNS FROM `hishop_upload_file` [ RunTime:0.013127s ]
[ sql ] [ SQL ] SELECT COUNT(*) AS tp_count FROM `hishop_upload_file` WHERE  `file_type` = 'image'  AND `is_delete` = 0 LIMIT 1 [ RunTime:0.000357s ]
[ sql ] [ SQL ] SELECT * FROM `hishop_upload_file` WHERE  `file_type` = 'image'  AND `is_delete` = 0 ORDER BY `file_id` DESC LIMIT 0,32 [ RunTime:0.000409s ]
---------------------------------------------------------------
[ 2021-03-07T11:25:58+08:00 ] 127.0.0.1 POST guan.com/super/article/add
[运行时间：0.151283s] [吞吐率：6.61req/s] [内存消耗：2,230.84kb] [文件加载：56]
[ info ] [ LANG ] C:\Users\think\my\tool\phpstudy\PHPTutorial\WWW\guan.com\source\thinkphp\lang\zh-cn.php
[ info ] [ ROUTE ] array (
  'type' => 'module',
  'module' => 
  array (
    0 => 'super',
    1 => 'article',
    2 => 'add',
  ),
)
[ info ] [ HEADER ] array (
  'cookie' => 'PHPSESSID=s7teejsu1r081n5nuj6670lgv2',
  'accept-language' => 'zh-CN,zh;q=0.9',
  'accept-encoding' => 'gzip, deflate',
  'referer' => 'http://guan.com/super/article/add',
  'content-type' => 'application/x-www-form-urlencoded; charset=UTF-8',
  'user-agent' => 'Mozilla/5.0 (Windows NT 10.0; WOW64) AppleWebKit/537.36 (KHTML, like Gecko) Chrome/65.0.3314.0 Safari/537.36 SE 2.X MetaSr 1.0',
  'x-requested-with' => 'XMLHttpRequest',
  'origin' => 'http://guan.com',
  'accept' => 'application/json, text/javascript, */*; q=0.01',
  'content-length' => '342',
  'connection' => 'keep-alive',
  'host' => 'guan.com',
)
[ info ] [ PARAM ] array (
  'article' => 
  array (
    'article_name' => 'test22',
    'art_category_id' => '10003',
    'images' => 
    array (
      0 => '11',
    ),
    'image_name' => 
    array (
      0 => '',
    ),
    'image_alt' => 
    array (
      0 => '',
    ),
    'keywords' => '123',
    'description' => '2132',
    'content' => '&lt;p&gt;12313&lt;/p&gt;',
    'article_status' => '10',
    'is_home' => '10',
    'article_sort' => '100',
  ),
)
[ info ] [ SESSION ] INIT array (
  'id' => '',
  'var_session_id' => '',
  'prefix' => '',
  'type' => '',
  'auto_start' => true,
)
[ info ] [ DB ] INIT mysql
[ info ] [ CACHE ] INIT File
[ info ] [ RUN ] app\super\controller\Article->add[ C:\Users\think\my\tool\phpstudy\PHPTutorial\WWW\guan.com\source\application\super\controller\Article.php ]
[ info ] [ LOG ] INIT File
[ sql ] [ DB ] CONNECT:[ UseTime:0.011496s ] mysql:host=127.0.0.1;port=3306;dbname=guan.com;charset=utf8
[ sql ] [ SQL ] SHOW COLUMNS FROM `hishop_article` [ RunTime:0.016628s ]
[ sql ] [ SQL ] INSERT INTO `hishop_article` (`article_name` , `art_category_id` , `keywords` , `description` , `content` , `article_status` , `is_home` , `article_sort` , `create_time` , `update_time`) VALUES ('test22' , 10003 , '123' , '2132' , '&lt;p&gt;12313&lt;/p&gt;' , 10 , 10 , 100 , 1615087558 , 1615087558) [ RunTime:0.000420s ]
[ sql ] [ SQL ] SHOW COLUMNS FROM `hishop_article_image` [ RunTime:0.012906s ]
[ sql ] [ SQL ] DELETE FROM `hishop_article_image`    WHERE  `article_id` = 2  ORDER BY `id` ASC [ RunTime:0.001123s ]
[ sql ] [ SQL ] INSERT INTO `hishop_article_image` (`image_id` , `article_id` , `create_time`) VALUES (11 , 2 , 1615087558) [ RunTime:0.000286s ]
---------------------------------------------------------------
[ 2021-03-07T11:26:00+08:00 ] 127.0.0.1 GET guan.com/super/article/index
[运行时间：0.178169s] [吞吐率：5.61req/s] [内存消耗：2,477.11kb] [文件加载：66]
[ info ] [ LANG ] C:\Users\think\my\tool\phpstudy\PHPTutorial\WWW\guan.com\source\thinkphp\lang\zh-cn.php
[ info ] [ ROUTE ] array (
  'type' => 'module',
  'module' => 
  array (
    0 => 'super',
    1 => 'article',
    2 => 'index',
  ),
)
[ info ] [ HEADER ] array (
  'cookie' => 'PHPSESSID=s7teejsu1r081n5nuj6670lgv2',
  'accept-language' => 'zh-CN,zh;q=0.9',
  'accept-encoding' => 'gzip, deflate',
  'referer' => 'http://guan.com/super/article/add',
  'accept' => 'text/html,application/xhtml+xml,application/xml;q=0.9,image/webp,image/apng,*/*;q=0.8',
  'user-agent' => 'Mozilla/5.0 (Windows NT 10.0; WOW64) AppleWebKit/537.36 (KHTML, like Gecko) Chrome/65.0.3314.0 Safari/537.36 SE 2.X MetaSr 1.0',
  'upgrade-insecure-requests' => '1',
  'connection' => 'keep-alive',
  'host' => 'guan.com',
  'content-length' => '',
  'content-type' => '',
)
[ info ] [ PARAM ] array (
)
[ info ] [ SESSION ] INIT array (
  'id' => '',
  'var_session_id' => '',
  'prefix' => '',
  'type' => '',
  'auto_start' => true,
)
[ info ] [ DB ] INIT mysql
[ info ] [ CACHE ] INIT File
[ info ] [ RUN ] app\super\controller\Article->index[ C:\Users\think\my\tool\phpstudy\PHPTutorial\WWW\guan.com\source\application\super\controller\Article.php ]
[ info ] [ VIEW ] C:\Users\think\my\tool\phpstudy\PHPTutorial\WWW\guan.com\web/../source/application/super\view\article\index.php [ array (
  0 => 'base_url',
  1 => 'super_url',
  2 => 'group',
  3 => 'menus',
  4 => 'super',
  5 => 'setting',
  6 => 'list',
) ]
[ info ] [ LOG ] INIT File
[ sql ] [ DB ] CONNECT:[ UseTime:0.010207s ] mysql:host=127.0.0.1;port=3306;dbname=guan.com;charset=utf8
[ sql ] [ SQL ] SHOW COLUMNS FROM `hishop_art_category` [ RunTime:0.014510s ]
[ sql ] [ SQL ] SHOW COLUMNS FROM `hishop_article` [ RunTime:0.014993s ]
[ sql ] [ SQL ] SELECT COUNT(*) AS tp_count FROM `hishop_article` WHERE  `is_delete` = 0 LIMIT 1 [ RunTime:0.000455s ]
[ sql ] [ SQL ] SELECT *,(sales_initial + sales_actual) as article_sales FROM `hishop_article` WHERE  `is_delete` = 0 ORDER BY `article_sort`,`article_id` DESC LIMIT 0,15 [ RunTime:0.000430s ]
[ sql ] [ SQL ] SELECT * FROM `hishop_art_category` WHERE  `art_category_id` IN (10003) [ RunTime:0.000355s ]
[ sql ] [ SQL ] SHOW COLUMNS FROM `hishop_article_image` [ RunTime:0.012242s ]
[ sql ] [ SQL ] SELECT * FROM `hishop_article_image` WHERE  `article_id` IN (2,1) ORDER BY `id` ASC [ RunTime:0.000412s ]
[ sql ] [ SQL ] SHOW COLUMNS FROM `hishop_upload_file` [ RunTime:0.011557s ]
[ sql ] [ SQL ] SELECT * FROM `hishop_upload_file` WHERE  `file_id` IN (4,11) [ RunTime:0.000445s ]
---------------------------------------------------------------
[ 2021-03-07T11:26:05+08:00 ] 127.0.0.1 GET guan.com/super/article/edit/article_id/2
[运行时间：0.167474s] [吞吐率：5.97req/s] [内存消耗：2,608.04kb] [文件加载：65]
[ info ] [ LANG ] C:\Users\think\my\tool\phpstudy\PHPTutorial\WWW\guan.com\source\thinkphp\lang\zh-cn.php
[ info ] [ ROUTE ] array (
  'type' => 'module',
  'module' => 
  array (
    0 => 'super',
    1 => 'article',
    2 => 'edit',
  ),
)
[ info ] [ HEADER ] array (
  'cookie' => 'PHPSESSID=s7teejsu1r081n5nuj6670lgv2',
  'accept-language' => 'zh-CN,zh;q=0.9',
  'accept-encoding' => 'gzip, deflate',
  'referer' => 'http://guan.com/super/article/index',
  'accept' => 'text/html,application/xhtml+xml,application/xml;q=0.9,image/webp,image/apng,*/*;q=0.8',
  'user-agent' => 'Mozilla/5.0 (Windows NT 10.0; WOW64) AppleWebKit/537.36 (KHTML, like Gecko) Chrome/65.0.3314.0 Safari/537.36 SE 2.X MetaSr 1.0',
  'upgrade-insecure-requests' => '1',
  'connection' => 'keep-alive',
  'host' => 'guan.com',
  'content-length' => '',
  'content-type' => '',
)
[ info ] [ PARAM ] array (
  'article_id' => '2',
)
[ info ] [ SESSION ] INIT array (
  'id' => '',
  'var_session_id' => '',
  'prefix' => '',
  'type' => '',
  'auto_start' => true,
)
[ info ] [ DB ] INIT mysql
[ info ] [ CACHE ] INIT File
[ info ] [ RUN ] app\super\controller\Article->edit[ C:\Users\think\my\tool\phpstudy\PHPTutorial\WWW\guan.com\source\application\super\controller\Article.php ]
[ info ] [ VIEW ] C:\Users\think\my\tool\phpstudy\PHPTutorial\WWW\guan.com\web/../source/application/super\view\article\edit.php [ array (
  0 => 'base_url',
  1 => 'super_url',
  2 => 'group',
  3 => 'menus',
  4 => 'super',
  5 => 'setting',
  6 => 'model',
  7 => 'catgory',
) ]
[ info ] [ LOG ] INIT File
[ sql ] [ DB ] CONNECT:[ UseTime:0.001265s ] mysql:host=127.0.0.1;port=3306;dbname=guan.com;charset=utf8
[ sql ] [ SQL ] SHOW COLUMNS FROM `hishop_art_category` [ RunTime:0.015628s ]
[ sql ] [ SQL ] SHOW COLUMNS FROM `hishop_article` [ RunTime:0.011015s ]
[ sql ] [ SQL ] SELECT * FROM `hishop_article` WHERE  `article_id` = 2 LIMIT 1 [ RunTime:0.000423s ]
[ sql ] [ SQL ] SELECT * FROM `hishop_art_category` WHERE  `art_category_id` = 10003 [ RunTime:0.000332s ]
[ sql ] [ SQL ] SHOW COLUMNS FROM `hishop_article_image` [ RunTime:0.013133s ]
[ sql ] [ SQL ] SELECT * FROM `hishop_article_image` WHERE  `article_id` = 2 ORDER BY `id` ASC [ RunTime:0.000390s ]
[ sql ] [ SQL ] SHOW COLUMNS FROM `hishop_upload_file` [ RunTime:0.011144s ]
[ sql ] [ SQL ] SELECT * FROM `hishop_upload_file` WHERE  `file_id` IN (11) [ RunTime:0.000457s ]
---------------------------------------------------------------
[ 2021-03-07T11:26:09+08:00 ] 127.0.0.1 POST guan.com/super/article/edit/article_id/2
[运行时间：0.202290s] [吞吐率：4.94req/s] [内存消耗：2,371.47kb] [文件加载：63]
[ info ] [ LANG ] C:\Users\think\my\tool\phpstudy\PHPTutorial\WWW\guan.com\source\thinkphp\lang\zh-cn.php
[ info ] [ ROUTE ] array (
  'type' => 'module',
  'module' => 
  array (
    0 => 'super',
    1 => 'article',
    2 => 'edit',
  ),
)
[ info ] [ HEADER ] array (
  'cookie' => 'PHPSESSID=s7teejsu1r081n5nuj6670lgv2',
  'accept-language' => 'zh-CN,zh;q=0.9',
  'accept-encoding' => 'gzip, deflate',
  'referer' => 'http://guan.com/super/article/edit/article_id/2',
  'content-type' => 'application/x-www-form-urlencoded; charset=UTF-8',
  'user-agent' => 'Mozilla/5.0 (Windows NT 10.0; WOW64) AppleWebKit/537.36 (KHTML, like Gecko) Chrome/65.0.3314.0 Safari/537.36 SE 2.X MetaSr 1.0',
  'x-requested-with' => 'XMLHttpRequest',
  'origin' => 'http://guan.com',
  'accept' => 'application/json, text/javascript, */*; q=0.01',
  'content-length' => '342',
  'connection' => 'keep-alive',
  'host' => 'guan.com',
)
[ info ] [ PARAM ] array (
  'article' => 
  array (
    'article_name' => 'test22',
    'art_category_id' => '10003',
    'images' => 
    array (
      0 => '11',
    ),
    'image_name' => 
    array (
      0 => '',
    ),
    'image_alt' => 
    array (
      0 => '',
    ),
    'keywords' => '123',
    'description' => '2132',
    'content' => '&lt;p&gt;12313&lt;/p&gt;',
    'article_status' => '10',
    'is_home' => '20',
    'article_sort' => '100',
  ),
  'article_id' => '2',
)
[ info ] [ SESSION ] INIT array (
  'id' => '',
  'var_session_id' => '',
  'prefix' => '',
  'type' => '',
  'auto_start' => true,
)
[ info ] [ DB ] INIT mysql
[ info ] [ CACHE ] INIT File
[ info ] [ RUN ] app\super\controller\Article->edit[ C:\Users\think\my\tool\phpstudy\PHPTutorial\WWW\guan.com\source\application\super\controller\Article.php ]
[ info ] [ LOG ] INIT File
[ sql ] [ DB ] CONNECT:[ UseTime:0.001540s ] mysql:host=127.0.0.1;port=3306;dbname=guan.com;charset=utf8
[ sql ] [ SQL ] SHOW COLUMNS FROM `hishop_art_category` [ RunTime:0.018121s ]
[ sql ] [ SQL ] SHOW COLUMNS FROM `hishop_article` [ RunTime:0.014029s ]
[ sql ] [ SQL ] SELECT * FROM `hishop_article` WHERE  `article_id` = 2 LIMIT 1 [ RunTime:0.000459s ]
[ sql ] [ SQL ] SELECT * FROM `hishop_art_category` WHERE  `art_category_id` = 10003 [ RunTime:0.000377s ]
[ sql ] [ SQL ] SHOW COLUMNS FROM `hishop_article_image` [ RunTime:0.016354s ]
[ sql ] [ SQL ] SELECT * FROM `hishop_article_image` WHERE  `article_id` = 2 ORDER BY `id` ASC [ RunTime:0.000358s ]
[ sql ] [ SQL ] SHOW COLUMNS FROM `hishop_upload_file` [ RunTime:0.015944s ]
[ sql ] [ SQL ] SELECT * FROM `hishop_upload_file` WHERE  `file_id` IN (11) [ RunTime:0.000401s ]
[ sql ] [ SQL ] UPDATE `hishop_article`  SET `is_home`=20,`update_time`=1615087569  WHERE  `article_id` = 2 [ RunTime:0.000374s ]
[ sql ] [ SQL ] DELETE FROM `hishop_article_image`    WHERE  `article_id` = 2  ORDER BY `id` ASC [ RunTime:0.000331s ]
[ sql ] [ SQL ] INSERT INTO `hishop_article_image` (`image_id` , `article_id` , `create_time`) VALUES (11 , 2 , 1615087569) [ RunTime:0.000359s ]
---------------------------------------------------------------
[ 2021-03-07T11:26:12+08:00 ] 127.0.0.1 GET guan.com/super/article/index
[运行时间：0.170104s] [吞吐率：5.88req/s] [内存消耗：2,477.24kb] [文件加载：66]
[ info ] [ LANG ] C:\Users\think\my\tool\phpstudy\PHPTutorial\WWW\guan.com\source\thinkphp\lang\zh-cn.php
[ info ] [ ROUTE ] array (
  'type' => 'module',
  'module' => 
  array (
    0 => 'super',
    1 => 'article',
    2 => 'index',
  ),
)
[ info ] [ HEADER ] array (
  'cookie' => 'PHPSESSID=s7teejsu1r081n5nuj6670lgv2',
  'accept-language' => 'zh-CN,zh;q=0.9',
  'accept-encoding' => 'gzip, deflate',
  'referer' => 'http://guan.com/super/article/edit/article_id/2',
  'accept' => 'text/html,application/xhtml+xml,application/xml;q=0.9,image/webp,image/apng,*/*;q=0.8',
  'user-agent' => 'Mozilla/5.0 (Windows NT 10.0; WOW64) AppleWebKit/537.36 (KHTML, like Gecko) Chrome/65.0.3314.0 Safari/537.36 SE 2.X MetaSr 1.0',
  'upgrade-insecure-requests' => '1',
  'connection' => 'keep-alive',
  'host' => 'guan.com',
  'content-length' => '',
  'content-type' => '',
)
[ info ] [ PARAM ] array (
)
[ info ] [ SESSION ] INIT array (
  'id' => '',
  'var_session_id' => '',
  'prefix' => '',
  'type' => '',
  'auto_start' => true,
)
[ info ] [ DB ] INIT mysql
[ info ] [ CACHE ] INIT File
[ info ] [ RUN ] app\super\controller\Article->index[ C:\Users\think\my\tool\phpstudy\PHPTutorial\WWW\guan.com\source\application\super\controller\Article.php ]
[ info ] [ VIEW ] C:\Users\think\my\tool\phpstudy\PHPTutorial\WWW\guan.com\web/../source/application/super\view\article\index.php [ array (
  0 => 'base_url',
  1 => 'super_url',
  2 => 'group',
  3 => 'menus',
  4 => 'super',
  5 => 'setting',
  6 => 'list',
) ]
[ info ] [ LOG ] INIT File
[ sql ] [ DB ] CONNECT:[ UseTime:0.001225s ] mysql:host=127.0.0.1;port=3306;dbname=guan.com;charset=utf8
[ sql ] [ SQL ] SHOW COLUMNS FROM `hishop_art_category` [ RunTime:0.015904s ]
[ sql ] [ SQL ] SHOW COLUMNS FROM `hishop_article` [ RunTime:0.011112s ]
[ sql ] [ SQL ] SELECT COUNT(*) AS tp_count FROM `hishop_article` WHERE  `is_delete` = 0 LIMIT 1 [ RunTime:0.000443s ]
[ sql ] [ SQL ] SELECT *,(sales_initial + sales_actual) as article_sales FROM `hishop_article` WHERE  `is_delete` = 0 ORDER BY `article_sort`,`article_id` DESC LIMIT 0,15 [ RunTime:0.000418s ]
[ sql ] [ SQL ] SELECT * FROM `hishop_art_category` WHERE  `art_category_id` IN (10003) [ RunTime:0.000357s ]
[ sql ] [ SQL ] SHOW COLUMNS FROM `hishop_article_image` [ RunTime:0.012120s ]
[ sql ] [ SQL ] SELECT * FROM `hishop_article_image` WHERE  `article_id` IN (2,1) ORDER BY `id` ASC [ RunTime:0.000400s ]
[ sql ] [ SQL ] SHOW COLUMNS FROM `hishop_upload_file` [ RunTime:0.012161s ]
[ sql ] [ SQL ] SELECT * FROM `hishop_upload_file` WHERE  `file_id` IN (4,11) [ RunTime:0.000448s ]
---------------------------------------------------------------
[ 2021-03-07T11:26:19+08:00 ] 127.0.0.1 GET guan.com/super/goods/index
[运行时间：0.157200s] [吞吐率：6.36req/s] [内存消耗：2,557.77kb] [文件加载：66]
[ info ] [ LANG ] C:\Users\think\my\tool\phpstudy\PHPTutorial\WWW\guan.com\source\thinkphp\lang\zh-cn.php
[ info ] [ ROUTE ] array (
  'type' => 'module',
  'module' => 
  array (
    0 => 'super',
    1 => 'goods',
    2 => 'index',
  ),
)
[ info ] [ HEADER ] array (
  'cookie' => 'PHPSESSID=s7teejsu1r081n5nuj6670lgv2',
  'accept-language' => 'zh-CN,zh;q=0.9',
  'accept-encoding' => 'gzip, deflate',
  'referer' => 'http://guan.com/super/article/index',
  'accept' => 'text/html,application/xhtml+xml,application/xml;q=0.9,image/webp,image/apng,*/*;q=0.8',
  'user-agent' => 'Mozilla/5.0 (Windows NT 10.0; WOW64) AppleWebKit/537.36 (KHTML, like Gecko) Chrome/65.0.3314.0 Safari/537.36 SE 2.X MetaSr 1.0',
  'upgrade-insecure-requests' => '1',
  'connection' => 'keep-alive',
  'host' => 'guan.com',
  'content-length' => '',
  'content-type' => '',
)
[ info ] [ PARAM ] array (
)
[ info ] [ SESSION ] INIT array (
  'id' => '',
  'var_session_id' => '',
  'prefix' => '',
  'type' => '',
  'auto_start' => true,
)
[ info ] [ DB ] INIT mysql
[ info ] [ CACHE ] INIT File
[ info ] [ RUN ] app\super\controller\Goods->index[ C:\Users\think\my\tool\phpstudy\PHPTutorial\WWW\guan.com\source\application\super\controller\Goods.php ]
[ info ] [ VIEW ] C:\Users\think\my\tool\phpstudy\PHPTutorial\WWW\guan.com\web/../source/application/super\view\goods\index.php [ array (
  0 => 'base_url',
  1 => 'super_url',
  2 => 'group',
  3 => 'menus',
  4 => 'super',
  5 => 'setting',
  6 => 'list',
) ]
[ info ] [ LOG ] INIT File
[ sql ] [ DB ] CONNECT:[ UseTime:0.011100s ] mysql:host=127.0.0.1;port=3306;dbname=guan.com;charset=utf8
[ sql ] [ SQL ] SHOW COLUMNS FROM `hishop_category` [ RunTime:0.012498s ]
[ sql ] [ SQL ] SHOW COLUMNS FROM `hishop_goods` [ RunTime:0.011589s ]
[ sql ] [ SQL ] SELECT COUNT(*) AS tp_count FROM `hishop_goods` WHERE  `is_delete` = 0 LIMIT 1 [ RunTime:0.000499s ]
[ sql ] [ SQL ] SELECT *,(sales_initial + sales_actual) as goods_sales FROM `hishop_goods` WHERE  `is_delete` = 0 ORDER BY `goods_sort`,`goods_id` DESC LIMIT 0,15 [ RunTime:0.000372s ]
---------------------------------------------------------------
[ 2021-03-07T11:26:21+08:00 ] 127.0.0.1 GET guan.com/super/goods/add
[运行时间：0.162461s] [吞吐率：6.16req/s] [内存消耗：2,512.11kb] [文件加载：62]
[ info ] [ LANG ] C:\Users\think\my\tool\phpstudy\PHPTutorial\WWW\guan.com\source\thinkphp\lang\zh-cn.php
[ info ] [ ROUTE ] array (
  'type' => 'module',
  'module' => 
  array (
    0 => 'super',
    1 => 'goods',
    2 => 'add',
  ),
)
[ info ] [ HEADER ] array (
  'cookie' => 'PHPSESSID=s7teejsu1r081n5nuj6670lgv2',
  'accept-language' => 'zh-CN,zh;q=0.9',
  'accept-encoding' => 'gzip, deflate',
  'referer' => 'http://guan.com/super/goods/index',
  'accept' => 'text/html,application/xhtml+xml,application/xml;q=0.9,image/webp,image/apng,*/*;q=0.8',
  'user-agent' => 'Mozilla/5.0 (Windows NT 10.0; WOW64) AppleWebKit/537.36 (KHTML, like Gecko) Chrome/65.0.3314.0 Safari/537.36 SE 2.X MetaSr 1.0',
  'upgrade-insecure-requests' => '1',
  'connection' => 'keep-alive',
  'host' => 'guan.com',
  'content-length' => '',
  'content-type' => '',
)
[ info ] [ PARAM ] array (
)
[ info ] [ SESSION ] INIT array (
  'id' => '',
  'var_session_id' => '',
  'prefix' => '',
  'type' => '',
  'auto_start' => true,
)
[ info ] [ DB ] INIT mysql
[ info ] [ CACHE ] INIT File
[ info ] [ RUN ] app\super\controller\Goods->add[ C:\Users\think\my\tool\phpstudy\PHPTutorial\WWW\guan.com\source\application\super\controller\Goods.php ]
[ info ] [ VIEW ] C:\Users\think\my\tool\phpstudy\PHPTutorial\WWW\guan.com\web/../source/application/super\view\goods\add.php [ array (
  0 => 'base_url',
  1 => 'super_url',
  2 => 'group',
  3 => 'menus',
  4 => 'super',
  5 => 'setting',
  6 => 'catgory',
) ]
[ info ] [ LOG ] INIT File
[ sql ] [ DB ] CONNECT:[ UseTime:0.001446s ] mysql:host=127.0.0.1;port=3306;dbname=guan.com;charset=utf8
[ sql ] [ SQL ] SHOW COLUMNS FROM `hishop_category` [ RunTime:0.013181s ]
[ sql ] [ SQL ] SELECT * FROM `hishop_category` ORDER BY `sort` ASC [ RunTime:0.000407s ]
[ sql ] [ SQL ] SHOW COLUMNS FROM `hishop_upload_file` [ RunTime:0.012713s ]
[ sql ] [ SQL ] SELECT * FROM `hishop_upload_file` WHERE  `file_id` IN (10003) [ RunTime:0.000372s ]
---------------------------------------------------------------
[ 2021-03-07T11:26:24+08:00 ] 127.0.0.1 GET guan.com/super/upload.library/fileList?group_id=-1
[运行时间：0.154653s] [吞吐率：6.47req/s] [内存消耗：2,314.82kb] [文件加载：60]
[ info ] [ LANG ] C:\Users\think\my\tool\phpstudy\PHPTutorial\WWW\guan.com\source\thinkphp\lang\zh-cn.php
[ info ] [ ROUTE ] array (
  'type' => 'module',
  'module' => 
  array (
    0 => 'super',
    1 => 'upload.library',
    2 => 'fileList',
  ),
)
[ info ] [ HEADER ] array (
  'cookie' => 'PHPSESSID=s7teejsu1r081n5nuj6670lgv2',
  'accept-language' => 'zh-CN,zh;q=0.9',
  'accept-encoding' => 'gzip, deflate',
  'referer' => 'http://guan.com/super/goods/add',
  'user-agent' => 'Mozilla/5.0 (Windows NT 10.0; WOW64) AppleWebKit/537.36 (KHTML, like Gecko) Chrome/65.0.3314.0 Safari/537.36 SE 2.X MetaSr 1.0',
  'x-requested-with' => 'XMLHttpRequest',
  'accept' => 'application/json, text/javascript, */*; q=0.01',
  'connection' => 'keep-alive',
  'host' => 'guan.com',
  'content-length' => '',
  'content-type' => '',
)
[ info ] [ PARAM ] array (
  'group_id' => '-1',
)
[ info ] [ SESSION ] INIT array (
  'id' => '',
  'var_session_id' => '',
  'prefix' => '',
  'type' => '',
  'auto_start' => true,
)
[ info ] [ DB ] INIT mysql
[ info ] [ CACHE ] INIT File
[ info ] [ RUN ] app\super\controller\upload\Library->fileList[ C:\Users\think\my\tool\phpstudy\PHPTutorial\WWW\guan.com\source\application\super\controller\upload\Library.php ]
[ info ] [ LOG ] INIT File
[ sql ] [ DB ] CONNECT:[ UseTime:0.001162s ] mysql:host=127.0.0.1;port=3306;dbname=guan.com;charset=utf8
[ sql ] [ SQL ] SHOW COLUMNS FROM `hishop_upload_group` [ RunTime:0.016701s ]
[ sql ] [ SQL ] SELECT * FROM `hishop_upload_group` WHERE  `group_type` = 'image' ORDER BY `sort` ASC [ RunTime:0.000382s ]
[ sql ] [ SQL ] SHOW COLUMNS FROM `hishop_upload_file` [ RunTime:0.012818s ]
[ sql ] [ SQL ] SELECT COUNT(*) AS tp_count FROM `hishop_upload_file` WHERE  `file_type` = 'image'  AND `is_delete` = 0 LIMIT 1 [ RunTime:0.000945s ]
[ sql ] [ SQL ] SELECT * FROM `hishop_upload_file` WHERE  `file_type` = 'image'  AND `is_delete` = 0 ORDER BY `file_id` DESC LIMIT 0,32 [ RunTime:0.001165s ]
---------------------------------------------------------------
[ 2021-03-07T11:26:34+08:00 ] 127.0.0.1 POST guan.com/super/goods/add
[运行时间：0.169218s] [吞吐率：5.91req/s] [内存消耗：2,264.79kb] [文件加载：58]
[ info ] [ LANG ] C:\Users\think\my\tool\phpstudy\PHPTutorial\WWW\guan.com\source\thinkphp\lang\zh-cn.php
[ info ] [ ROUTE ] array (
  'type' => 'module',
  'module' => 
  array (
    0 => 'super',
    1 => 'goods',
    2 => 'add',
  ),
)
[ info ] [ HEADER ] array (
  'cookie' => 'PHPSESSID=s7teejsu1r081n5nuj6670lgv2',
  'accept-language' => 'zh-CN,zh;q=0.9',
  'accept-encoding' => 'gzip, deflate',
  'referer' => 'http://guan.com/super/goods/add',
  'content-type' => 'application/x-www-form-urlencoded; charset=UTF-8',
  'user-agent' => 'Mozilla/5.0 (Windows NT 10.0; WOW64) AppleWebKit/537.36 (KHTML, like Gecko) Chrome/65.0.3314.0 Safari/537.36 SE 2.X MetaSr 1.0',
  'x-requested-with' => 'XMLHttpRequest',
  'origin' => 'http://guan.com',
  'accept' => 'application/json, text/javascript, */*; q=0.01',
  'content-length' => '313',
  'connection' => 'keep-alive',
  'host' => 'guan.com',
)
[ info ] [ PARAM ] array (
  'goods' => 
  array (
    'goods_name' => '1231',
    'category_id' => '10002',
    'images' => 
    array (
      0 => '20',
    ),
    'image_name' => 
    array (
      0 => '12311',
    ),
    'image_alt' => 
    array (
      0 => '123',
    ),
    'keywords' => '213',
    'description' => '123',
    'content' => '&lt;p&gt;123&lt;/p&gt;',
    'goods_status' => '10',
    'is_home' => '10',
    'goods_sort' => '100',
  ),
)
[ info ] [ SESSION ] INIT array (
  'id' => '',
  'var_session_id' => '',
  'prefix' => '',
  'type' => '',
  'auto_start' => true,
)
[ info ] [ DB ] INIT mysql
[ info ] [ CACHE ] INIT File
[ info ] [ RUN ] app\super\controller\Goods->add[ C:\Users\think\my\tool\phpstudy\PHPTutorial\WWW\guan.com\source\application\super\controller\Goods.php ]
[ info ] [ LOG ] INIT File
[ sql ] [ DB ] CONNECT:[ UseTime:0.001302s ] mysql:host=127.0.0.1;port=3306;dbname=guan.com;charset=utf8
[ sql ] [ SQL ] SHOW COLUMNS FROM `hishop_goods` [ RunTime:0.015649s ]
[ sql ] [ SQL ] INSERT INTO `hishop_goods` (`goods_name` , `category_id` , `keywords` , `description` , `content` , `goods_status` , `is_home` , `goods_sort` , `create_time` , `update_time`) VALUES ('1231' , 10002 , '213' , '123' , '&lt;p&gt;123&lt;/p&gt;' , 10 , 10 , 100 , 1615087594 , 1615087594) [ RunTime:0.000452s ]
[ sql ] [ SQL ] SHOW COLUMNS FROM `hishop_goods_image` [ RunTime:0.013333s ]
[ sql ] [ SQL ] DELETE FROM `hishop_goods_image`    WHERE  `goods_id` = 1  ORDER BY `id` ASC [ RunTime:0.001241s ]
[ sql ] [ SQL ] SHOW COLUMNS FROM `hishop_upload_file` [ RunTime:0.013663s ]
[ sql ] [ SQL ] SELECT * FROM `hishop_upload_file` WHERE  `file_id` = 20 LIMIT 1 [ RunTime:0.000445s ]
[ sql ] [ SQL ] INSERT INTO `hishop_goods_image` (`image_id` , `image_alt` , `image_name` , `goods_id` , `create_time`) VALUES (20 , '123' , '20210307/12311.png' , 1 , 1615087594) [ RunTime:0.000366s ]
---------------------------------------------------------------
[ 2021-03-07T11:26:36+08:00 ] 127.0.0.1 GET guan.com/super/goods/index
[运行时间：0.200323s] [吞吐率：4.99req/s] [内存消耗：2,470.63kb] [文件加载：66]
[ info ] [ LANG ] C:\Users\think\my\tool\phpstudy\PHPTutorial\WWW\guan.com\source\thinkphp\lang\zh-cn.php
[ info ] [ ROUTE ] array (
  'type' => 'module',
  'module' => 
  array (
    0 => 'super',
    1 => 'goods',
    2 => 'index',
  ),
)
[ info ] [ HEADER ] array (
  'cookie' => 'PHPSESSID=s7teejsu1r081n5nuj6670lgv2',
  'accept-language' => 'zh-CN,zh;q=0.9',
  'accept-encoding' => 'gzip, deflate',
  'referer' => 'http://guan.com/super/goods/add',
  'accept' => 'text/html,application/xhtml+xml,application/xml;q=0.9,image/webp,image/apng,*/*;q=0.8',
  'user-agent' => 'Mozilla/5.0 (Windows NT 10.0; WOW64) AppleWebKit/537.36 (KHTML, like Gecko) Chrome/65.0.3314.0 Safari/537.36 SE 2.X MetaSr 1.0',
  'upgrade-insecure-requests' => '1',
  'connection' => 'keep-alive',
  'host' => 'guan.com',
  'content-length' => '',
  'content-type' => '',
)
[ info ] [ PARAM ] array (
)
[ info ] [ SESSION ] INIT array (
  'id' => '',
  'var_session_id' => '',
  'prefix' => '',
  'type' => '',
  'auto_start' => true,
)
[ info ] [ DB ] INIT mysql
[ info ] [ CACHE ] INIT File
[ info ] [ RUN ] app\super\controller\Goods->index[ C:\Users\think\my\tool\phpstudy\PHPTutorial\WWW\guan.com\source\application\super\controller\Goods.php ]
[ info ] [ VIEW ] C:\Users\think\my\tool\phpstudy\PHPTutorial\WWW\guan.com\web/../source/application/super\view\goods\index.php [ array (
  0 => 'base_url',
  1 => 'super_url',
  2 => 'group',
  3 => 'menus',
  4 => 'super',
  5 => 'setting',
  6 => 'list',
) ]
[ info ] [ LOG ] INIT File
[ sql ] [ DB ] CONNECT:[ UseTime:0.018807s ] mysql:host=127.0.0.1;port=3306;dbname=guan.com;charset=utf8
[ sql ] [ SQL ] SHOW COLUMNS FROM `hishop_category` [ RunTime:0.011685s ]
[ sql ] [ SQL ] SHOW COLUMNS FROM `hishop_goods` [ RunTime:0.012134s ]
[ sql ] [ SQL ] SELECT COUNT(*) AS tp_count FROM `hishop_goods` WHERE  `is_delete` = 0 LIMIT 1 [ RunTime:0.000444s ]
[ sql ] [ SQL ] SELECT *,(sales_initial + sales_actual) as goods_sales FROM `hishop_goods` WHERE  `is_delete` = 0 ORDER BY `goods_sort`,`goods_id` DESC LIMIT 0,15 [ RunTime:0.000409s ]
[ sql ] [ SQL ] SELECT * FROM `hishop_category` WHERE  `category_id` IN (10002) [ RunTime:0.000273s ]
[ sql ] [ SQL ] SHOW COLUMNS FROM `hishop_goods_image` [ RunTime:0.012465s ]
[ sql ] [ SQL ] SELECT * FROM `hishop_goods_image` WHERE  `goods_id` IN (1) ORDER BY `id` ASC [ RunTime:0.000424s ]
[ sql ] [ SQL ] SHOW COLUMNS FROM `hishop_upload_file` [ RunTime:0.012677s ]
[ sql ] [ SQL ] SELECT * FROM `hishop_upload_file` WHERE  `file_id` IN (20) [ RunTime:0.000383s ]
---------------------------------------------------------------
[ 2021-03-07T11:26:38+08:00 ] 127.0.0.1 GET guan.com/super/goods/add
[运行时间：0.090385s] [吞吐率：11.06req/s] [内存消耗：2,150.52kb] [文件加载：52]
[ info ] [ LANG ] C:\Users\think\my\tool\phpstudy\PHPTutorial\WWW\guan.com\source\thinkphp\lang\zh-cn.php
[ info ] [ ROUTE ] array (
  'type' => 'module',
  'module' => 
  array (
    0 => 'super',
    1 => 'goods',
    2 => 'add',
  ),
)
[ info ] [ HEADER ] array (
  'cookie' => 'PHPSESSID=s7teejsu1r081n5nuj6670lgv2',
  'accept-language' => 'zh-CN,zh;q=0.9',
  'accept-encoding' => 'gzip, deflate',
  'referer' => 'http://guan.com/super/goods/index',
  'accept' => 'text/html,application/xhtml+xml,application/xml;q=0.9,image/webp,image/apng,*/*;q=0.8',
  'user-agent' => 'Mozilla/5.0 (Windows NT 10.0; WOW64) AppleWebKit/537.36 (KHTML, like Gecko) Chrome/65.0.3314.0 Safari/537.36 SE 2.X MetaSr 1.0',
  'upgrade-insecure-requests' => '1',
  'connection' => 'keep-alive',
  'host' => 'guan.com',
  'content-length' => '',
  'content-type' => '',
)
[ info ] [ PARAM ] array (
)
[ info ] [ SESSION ] INIT array (
  'id' => '',
  'var_session_id' => '',
  'prefix' => '',
  'type' => '',
  'auto_start' => true,
)
[ info ] [ DB ] INIT mysql
[ info ] [ CACHE ] INIT File
[ info ] [ RUN ] app\super\controller\Goods->add[ C:\Users\think\my\tool\phpstudy\PHPTutorial\WWW\guan.com\source\application\super\controller\Goods.php ]
[ info ] [ VIEW ] C:\Users\think\my\tool\phpstudy\PHPTutorial\WWW\guan.com\web/../source/application/super\view\goods\add.php [ array (
  0 => 'base_url',
  1 => 'super_url',
  2 => 'group',
  3 => 'menus',
  4 => 'super',
  5 => 'setting',
  6 => 'catgory',
) ]
[ info ] [ LOG ] INIT File
---------------------------------------------------------------
[ 2021-03-07T11:26:41+08:00 ] 127.0.0.1 GET guan.com/super/upload.library/fileList?group_id=-1
[运行时间：0.128111s] [吞吐率：7.81req/s] [内存消耗：2,314.82kb] [文件加载：60]
[ info ] [ LANG ] C:\Users\think\my\tool\phpstudy\PHPTutorial\WWW\guan.com\source\thinkphp\lang\zh-cn.php
[ info ] [ ROUTE ] array (
  'type' => 'module',
  'module' => 
  array (
    0 => 'super',
    1 => 'upload.library',
    2 => 'fileList',
  ),
)
[ info ] [ HEADER ] array (
  'cookie' => 'PHPSESSID=s7teejsu1r081n5nuj6670lgv2',
  'accept-language' => 'zh-CN,zh;q=0.9',
  'accept-encoding' => 'gzip, deflate',
  'referer' => 'http://guan.com/super/goods/add',
  'user-agent' => 'Mozilla/5.0 (Windows NT 10.0; WOW64) AppleWebKit/537.36 (KHTML, like Gecko) Chrome/65.0.3314.0 Safari/537.36 SE 2.X MetaSr 1.0',
  'x-requested-with' => 'XMLHttpRequest',
  'accept' => 'application/json, text/javascript, */*; q=0.01',
  'connection' => 'keep-alive',
  'host' => 'guan.com',
  'content-length' => '',
  'content-type' => '',
)
[ info ] [ PARAM ] array (
  'group_id' => '-1',
)
[ info ] [ SESSION ] INIT array (
  'id' => '',
  'var_session_id' => '',
  'prefix' => '',
  'type' => '',
  'auto_start' => true,
)
[ info ] [ DB ] INIT mysql
[ info ] [ CACHE ] INIT File
[ info ] [ RUN ] app\super\controller\upload\Library->fileList[ C:\Users\think\my\tool\phpstudy\PHPTutorial\WWW\guan.com\source\application\super\controller\upload\Library.php ]
[ info ] [ LOG ] INIT File
[ sql ] [ DB ] CONNECT:[ UseTime:0.001557s ] mysql:host=127.0.0.1;port=3306;dbname=guan.com;charset=utf8
[ sql ] [ SQL ] SHOW COLUMNS FROM `hishop_upload_group` [ RunTime:0.013483s ]
[ sql ] [ SQL ] SELECT * FROM `hishop_upload_group` WHERE  `group_type` = 'image' ORDER BY `sort` ASC [ RunTime:0.000541s ]
[ sql ] [ SQL ] SHOW COLUMNS FROM `hishop_upload_file` [ RunTime:0.013692s ]
[ sql ] [ SQL ] SELECT COUNT(*) AS tp_count FROM `hishop_upload_file` WHERE  `file_type` = 'image'  AND `is_delete` = 0 LIMIT 1 [ RunTime:0.000367s ]
[ sql ] [ SQL ] SELECT * FROM `hishop_upload_file` WHERE  `file_type` = 'image'  AND `is_delete` = 0 ORDER BY `file_id` DESC LIMIT 0,32 [ RunTime:0.000356s ]
---------------------------------------------------------------
[ 2021-03-07T11:26:50+08:00 ] 127.0.0.1 POST guan.com/super/goods/add
[运行时间：0.155240s] [吞吐率：6.44req/s] [内存消耗：2,230.65kb] [文件加载：56]
[ info ] [ LANG ] C:\Users\think\my\tool\phpstudy\PHPTutorial\WWW\guan.com\source\thinkphp\lang\zh-cn.php
[ info ] [ ROUTE ] array (
  'type' => 'module',
  'module' => 
  array (
    0 => 'super',
    1 => 'goods',
    2 => 'add',
  ),
)
[ info ] [ HEADER ] array (
  'cookie' => 'PHPSESSID=s7teejsu1r081n5nuj6670lgv2',
  'accept-language' => 'zh-CN,zh;q=0.9',
  'accept-encoding' => 'gzip, deflate',
  'referer' => 'http://guan.com/super/goods/add',
  'content-type' => 'application/x-www-form-urlencoded; charset=UTF-8',
  'user-agent' => 'Mozilla/5.0 (Windows NT 10.0; WOW64) AppleWebKit/537.36 (KHTML, like Gecko) Chrome/65.0.3314.0 Safari/537.36 SE 2.X MetaSr 1.0',
  'x-requested-with' => 'XMLHttpRequest',
  'origin' => 'http://guan.com',
  'accept' => 'application/json, text/javascript, */*; q=0.01',
  'content-length' => '307',
  'connection' => 'keep-alive',
  'host' => 'guan.com',
)
[ info ] [ PARAM ] array (
  'goods' => 
  array (
    'goods_name' => '123213',
    'category_id' => '10002',
    'images' => 
    array (
      0 => '19',
    ),
    'image_name' => 
    array (
      0 => '',
    ),
    'image_alt' => 
    array (
      0 => '',
    ),
    'keywords' => '123',
    'description' => '213',
    'content' => '&lt;p&gt;213&lt;/p&gt;',
    'goods_status' => '10',
    'is_home' => '20',
    'goods_sort' => '100',
  ),
)
[ info ] [ SESSION ] INIT array (
  'id' => '',
  'var_session_id' => '',
  'prefix' => '',
  'type' => '',
  'auto_start' => true,
)
[ info ] [ DB ] INIT mysql
[ info ] [ CACHE ] INIT File
[ info ] [ RUN ] app\super\controller\Goods->add[ C:\Users\think\my\tool\phpstudy\PHPTutorial\WWW\guan.com\source\application\super\controller\Goods.php ]
[ info ] [ LOG ] INIT File
[ sql ] [ DB ] CONNECT:[ UseTime:0.012294s ] mysql:host=127.0.0.1;port=3306;dbname=guan.com;charset=utf8
[ sql ] [ SQL ] SHOW COLUMNS FROM `hishop_goods` [ RunTime:0.021585s ]
[ sql ] [ SQL ] INSERT INTO `hishop_goods` (`goods_name` , `category_id` , `keywords` , `description` , `content` , `goods_status` , `is_home` , `goods_sort` , `create_time` , `update_time`) VALUES ('123213' , 10002 , '123' , '213' , '&lt;p&gt;213&lt;/p&gt;' , 10 , 20 , 100 , 1615087610 , 1615087610) [ RunTime:0.000411s ]
[ sql ] [ SQL ] SHOW COLUMNS FROM `hishop_goods_image` [ RunTime:0.016468s ]
[ sql ] [ SQL ] DELETE FROM `hishop_goods_image`    WHERE  `goods_id` = 2  ORDER BY `id` ASC [ RunTime:0.000352s ]
[ sql ] [ SQL ] INSERT INTO `hishop_goods_image` (`image_id` , `goods_id` , `create_time`) VALUES (19 , 2 , 1615087610) [ RunTime:0.000320s ]
---------------------------------------------------------------
[ 2021-03-07T11:26:53+08:00 ] 127.0.0.1 GET guan.com/super/goods/index
[运行时间：0.175886s] [吞吐率：5.69req/s] [内存消耗：2,476.84kb] [文件加载：66]
[ info ] [ LANG ] C:\Users\think\my\tool\phpstudy\PHPTutorial\WWW\guan.com\source\thinkphp\lang\zh-cn.php
[ info ] [ ROUTE ] array (
  'type' => 'module',
  'module' => 
  array (
    0 => 'super',
    1 => 'goods',
    2 => 'index',
  ),
)
[ info ] [ HEADER ] array (
  'cookie' => 'PHPSESSID=s7teejsu1r081n5nuj6670lgv2',
  'accept-language' => 'zh-CN,zh;q=0.9',
  'accept-encoding' => 'gzip, deflate',
  'referer' => 'http://guan.com/super/goods/add',
  'accept' => 'text/html,application/xhtml+xml,application/xml;q=0.9,image/webp,image/apng,*/*;q=0.8',
  'user-agent' => 'Mozilla/5.0 (Windows NT 10.0; WOW64) AppleWebKit/537.36 (KHTML, like Gecko) Chrome/65.0.3314.0 Safari/537.36 SE 2.X MetaSr 1.0',
  'upgrade-insecure-requests' => '1',
  'connection' => 'keep-alive',
  'host' => 'guan.com',
  'content-length' => '',
  'content-type' => '',
)
[ info ] [ PARAM ] array (
)
[ info ] [ SESSION ] INIT array (
  'id' => '',
  'var_session_id' => '',
  'prefix' => '',
  'type' => '',
  'auto_start' => true,
)
[ info ] [ DB ] INIT mysql
[ info ] [ CACHE ] INIT File
[ info ] [ RUN ] app\super\controller\Goods->index[ C:\Users\think\my\tool\phpstudy\PHPTutorial\WWW\guan.com\source\application\super\controller\Goods.php ]
[ info ] [ VIEW ] C:\Users\think\my\tool\phpstudy\PHPTutorial\WWW\guan.com\web/../source/application/super\view\goods\index.php [ array (
  0 => 'base_url',
  1 => 'super_url',
  2 => 'group',
  3 => 'menus',
  4 => 'super',
  5 => 'setting',
  6 => 'list',
) ]
[ info ] [ LOG ] INIT File
[ sql ] [ DB ] CONNECT:[ UseTime:0.012123s ] mysql:host=127.0.0.1;port=3306;dbname=guan.com;charset=utf8
[ sql ] [ SQL ] SHOW COLUMNS FROM `hishop_category` [ RunTime:0.011858s ]
[ sql ] [ SQL ] SHOW COLUMNS FROM `hishop_goods` [ RunTime:0.011968s ]
[ sql ] [ SQL ] SELECT COUNT(*) AS tp_count FROM `hishop_goods` WHERE  `is_delete` = 0 LIMIT 1 [ RunTime:0.000436s ]
[ sql ] [ SQL ] SELECT *,(sales_initial + sales_actual) as goods_sales FROM `hishop_goods` WHERE  `is_delete` = 0 ORDER BY `goods_sort`,`goods_id` DESC LIMIT 0,15 [ RunTime:0.000418s ]
[ sql ] [ SQL ] SELECT * FROM `hishop_category` WHERE  `category_id` IN (10002) [ RunTime:0.000349s ]
[ sql ] [ SQL ] SHOW COLUMNS FROM `hishop_goods_image` [ RunTime:0.011283s ]
[ sql ] [ SQL ] SELECT * FROM `hishop_goods_image` WHERE  `goods_id` IN (2,1) ORDER BY `id` ASC [ RunTime:0.000406s ]
[ sql ] [ SQL ] SHOW COLUMNS FROM `hishop_upload_file` [ RunTime:0.011884s ]
[ sql ] [ SQL ] SELECT * FROM `hishop_upload_file` WHERE  `file_id` IN (20,19) [ RunTime:0.000464s ]
---------------------------------------------------------------
[ 2021-03-07T11:26:54+08:00 ] 127.0.0.1 GET guan.com/super/goods/edit/goods_id/1
[运行时间：0.166279s] [吞吐率：6.01req/s] [内存消耗：2,606.76kb] [文件加载：65]
[ info ] [ LANG ] C:\Users\think\my\tool\phpstudy\PHPTutorial\WWW\guan.com\source\thinkphp\lang\zh-cn.php
[ info ] [ ROUTE ] array (
  'type' => 'module',
  'module' => 
  array (
    0 => 'super',
    1 => 'goods',
    2 => 'edit',
  ),
)
[ info ] [ HEADER ] array (
  'cookie' => 'PHPSESSID=s7teejsu1r081n5nuj6670lgv2',
  'accept-language' => 'zh-CN,zh;q=0.9',
  'accept-encoding' => 'gzip, deflate',
  'referer' => 'http://guan.com/super/goods/index',
  'accept' => 'text/html,application/xhtml+xml,application/xml;q=0.9,image/webp,image/apng,*/*;q=0.8',
  'user-agent' => 'Mozilla/5.0 (Windows NT 10.0; WOW64) AppleWebKit/537.36 (KHTML, like Gecko) Chrome/65.0.3314.0 Safari/537.36 SE 2.X MetaSr 1.0',
  'upgrade-insecure-requests' => '1',
  'connection' => 'keep-alive',
  'host' => 'guan.com',
  'content-length' => '',
  'content-type' => '',
)
[ info ] [ PARAM ] array (
  'goods_id' => '1',
)
[ info ] [ SESSION ] INIT array (
  'id' => '',
  'var_session_id' => '',
  'prefix' => '',
  'type' => '',
  'auto_start' => true,
)
[ info ] [ DB ] INIT mysql
[ info ] [ CACHE ] INIT File
[ info ] [ RUN ] app\super\controller\Goods->edit[ C:\Users\think\my\tool\phpstudy\PHPTutorial\WWW\guan.com\source\application\super\controller\Goods.php ]
[ info ] [ VIEW ] C:\Users\think\my\tool\phpstudy\PHPTutorial\WWW\guan.com\web/../source/application/super\view\goods\edit.php [ array (
  0 => 'base_url',
  1 => 'super_url',
  2 => 'group',
  3 => 'menus',
  4 => 'super',
  5 => 'setting',
  6 => 'model',
  7 => 'catgory',
) ]
[ info ] [ LOG ] INIT File
[ sql ] [ DB ] CONNECT:[ UseTime:0.001115s ] mysql:host=127.0.0.1;port=3306;dbname=guan.com;charset=utf8
[ sql ] [ SQL ] SHOW COLUMNS FROM `hishop_category` [ RunTime:0.013644s ]
[ sql ] [ SQL ] SHOW COLUMNS FROM `hishop_goods` [ RunTime:0.011865s ]
[ sql ] [ SQL ] SELECT * FROM `hishop_goods` WHERE  `goods_id` = 1 LIMIT 1 [ RunTime:0.000501s ]
[ sql ] [ SQL ] SELECT * FROM `hishop_category` WHERE  `category_id` = 10002 [ RunTime:0.000401s ]
[ sql ] [ SQL ] SHOW COLUMNS FROM `hishop_goods_image` [ RunTime:0.012087s ]
[ sql ] [ SQL ] SELECT * FROM `hishop_goods_image` WHERE  `goods_id` = 1 ORDER BY `id` ASC [ RunTime:0.000413s ]
[ sql ] [ SQL ] SHOW COLUMNS FROM `hishop_upload_file` [ RunTime:0.011166s ]
[ sql ] [ SQL ] SELECT * FROM `hishop_upload_file` WHERE  `file_id` IN (20) [ RunTime:0.000446s ]
---------------------------------------------------------------
[ 2021-03-07T11:27:07+08:00 ] 127.0.0.1 POST guan.com/super/goods/edit/goods_id/1
[运行时间：0.192203s] [吞吐率：5.20req/s] [内存消耗：2,374.09kb] [文件加载：63]
[ info ] [ LANG ] C:\Users\think\my\tool\phpstudy\PHPTutorial\WWW\guan.com\source\thinkphp\lang\zh-cn.php
[ info ] [ ROUTE ] array (
  'type' => 'module',
  'module' => 
  array (
    0 => 'super',
    1 => 'goods',
    2 => 'edit',
  ),
)
[ info ] [ HEADER ] array (
  'cookie' => 'PHPSESSID=s7teejsu1r081n5nuj6670lgv2',
  'accept-language' => 'zh-CN,zh;q=0.9',
  'accept-encoding' => 'gzip, deflate',
  'referer' => 'http://guan.com/super/goods/edit/goods_id/1',
  'content-type' => 'application/x-www-form-urlencoded; charset=UTF-8',
  'user-agent' => 'Mozilla/5.0 (Windows NT 10.0; WOW64) AppleWebKit/537.36 (KHTML, like Gecko) Chrome/65.0.3314.0 Safari/537.36 SE 2.X MetaSr 1.0',
  'x-requested-with' => 'XMLHttpRequest',
  'origin' => 'http://guan.com',
  'accept' => 'application/json, text/javascript, */*; q=0.01',
  'content-length' => '311',
  'connection' => 'keep-alive',
  'host' => 'guan.com',
)
[ info ] [ PARAM ] array (
  'goods' => 
  array (
    'goods_name' => '1231',
    'category_id' => '10002',
    'images' => 
    array (
      0 => '20',
    ),
    'image_name' => 
    array (
      0 => '123',
    ),
    'image_alt' => 
    array (
      0 => '123',
    ),
    'keywords' => '213',
    'description' => '123',
    'content' => '&lt;p&gt;123&lt;/p&gt;',
    'goods_status' => '10',
    'is_home' => '10',
    'goods_sort' => '100',
  ),
  'goods_id' => '1',
)
[ info ] [ SESSION ] INIT array (
  'id' => '',
  'var_session_id' => '',
  'prefix' => '',
  'type' => '',
  'auto_start' => true,
)
[ info ] [ DB ] INIT mysql
[ info ] [ CACHE ] INIT File
[ info ] [ RUN ] app\super\controller\Goods->edit[ C:\Users\think\my\tool\phpstudy\PHPTutorial\WWW\guan.com\source\application\super\controller\Goods.php ]
[ info ] [ LOG ] INIT File
[ sql ] [ DB ] CONNECT:[ UseTime:0.012344s ] mysql:host=127.0.0.1;port=3306;dbname=guan.com;charset=utf8
[ sql ] [ SQL ] SHOW COLUMNS FROM `hishop_category` [ RunTime:0.017297s ]
[ sql ] [ SQL ] SHOW COLUMNS FROM `hishop_goods` [ RunTime:0.014210s ]
[ sql ] [ SQL ] SELECT * FROM `hishop_goods` WHERE  `goods_id` = 1 LIMIT 1 [ RunTime:0.001407s ]
[ sql ] [ SQL ] SELECT * FROM `hishop_category` WHERE  `category_id` = 10002 [ RunTime:0.000432s ]
[ sql ] [ SQL ] SHOW COLUMNS FROM `hishop_goods_image` [ RunTime:0.013874s ]
[ sql ] [ SQL ] SELECT * FROM `hishop_goods_image` WHERE  `goods_id` = 1 ORDER BY `id` ASC [ RunTime:0.000457s ]
[ sql ] [ SQL ] SHOW COLUMNS FROM `hishop_upload_file` [ RunTime:0.014085s ]
[ sql ] [ SQL ] SELECT * FROM `hishop_upload_file` WHERE  `file_id` IN (20) [ RunTime:0.000425s ]
[ sql ] [ SQL ] UPDATE `hishop_goods`  SET `update_time`=1615087627  WHERE  `goods_id` = 1 [ RunTime:0.000342s ]
[ sql ] [ SQL ] DELETE FROM `hishop_goods_image`    WHERE  `goods_id` = 1  ORDER BY `id` ASC [ RunTime:0.000341s ]
[ sql ] [ SQL ] SELECT * FROM `hishop_upload_file` WHERE  `file_id` = 20 LIMIT 1 [ RunTime:0.000436s ]
[ sql ] [ SQL ] INSERT INTO `hishop_goods_image` (`image_id` , `image_alt` , `image_name` , `goods_id` , `create_time`) VALUES (20 , '123' , '20210307/123.png' , 1 , 1615087627) [ RunTime:0.000392s ]
---------------------------------------------------------------
[ 2021-03-07T11:27:10+08:00 ] 127.0.0.1 GET guan.com/super/goods/index
[运行时间：0.201250s] [吞吐率：4.97req/s] [内存消耗：2,476.86kb] [文件加载：66]
[ info ] [ LANG ] C:\Users\think\my\tool\phpstudy\PHPTutorial\WWW\guan.com\source\thinkphp\lang\zh-cn.php
[ info ] [ ROUTE ] array (
  'type' => 'module',
  'module' => 
  array (
    0 => 'super',
    1 => 'goods',
    2 => 'index',
  ),
)
[ info ] [ HEADER ] array (
  'cookie' => 'PHPSESSID=s7teejsu1r081n5nuj6670lgv2',
  'accept-language' => 'zh-CN,zh;q=0.9',
  'accept-encoding' => 'gzip, deflate',
  'referer' => 'http://guan.com/super/goods/edit/goods_id/1',
  'accept' => 'text/html,application/xhtml+xml,application/xml;q=0.9,image/webp,image/apng,*/*;q=0.8',
  'user-agent' => 'Mozilla/5.0 (Windows NT 10.0; WOW64) AppleWebKit/537.36 (KHTML, like Gecko) Chrome/65.0.3314.0 Safari/537.36 SE 2.X MetaSr 1.0',
  'upgrade-insecure-requests' => '1',
  'connection' => 'keep-alive',
  'host' => 'guan.com',
  'content-length' => '',
  'content-type' => '',
)
[ info ] [ PARAM ] array (
)
[ info ] [ SESSION ] INIT array (
  'id' => '',
  'var_session_id' => '',
  'prefix' => '',
  'type' => '',
  'auto_start' => true,
)
[ info ] [ DB ] INIT mysql
[ info ] [ CACHE ] INIT File
[ info ] [ RUN ] app\super\controller\Goods->index[ C:\Users\think\my\tool\phpstudy\PHPTutorial\WWW\guan.com\source\application\super\controller\Goods.php ]
[ info ] [ VIEW ] C:\Users\think\my\tool\phpstudy\PHPTutorial\WWW\guan.com\web/../source/application/super\view\goods\index.php [ array (
  0 => 'base_url',
  1 => 'super_url',
  2 => 'group',
  3 => 'menus',
  4 => 'super',
  5 => 'setting',
  6 => 'list',
) ]
[ info ] [ LOG ] INIT File
[ sql ] [ DB ] CONNECT:[ UseTime:0.015240s ] mysql:host=127.0.0.1;port=3306;dbname=guan.com;charset=utf8
[ sql ] [ SQL ] SHOW COLUMNS FROM `hishop_category` [ RunTime:0.011175s ]
[ sql ] [ SQL ] SHOW COLUMNS FROM `hishop_goods` [ RunTime:0.011863s ]
[ sql ] [ SQL ] SELECT COUNT(*) AS tp_count FROM `hishop_goods` WHERE  `is_delete` = 0 LIMIT 1 [ RunTime:0.000443s ]
[ sql ] [ SQL ] SELECT *,(sales_initial + sales_actual) as goods_sales FROM `hishop_goods` WHERE  `is_delete` = 0 ORDER BY `goods_sort`,`goods_id` DESC LIMIT 0,15 [ RunTime:0.000420s ]
[ sql ] [ SQL ] SELECT * FROM `hishop_category` WHERE  `category_id` IN (10002) [ RunTime:0.000336s ]
[ sql ] [ SQL ] SHOW COLUMNS FROM `hishop_goods_image` [ RunTime:0.011713s ]
[ sql ] [ SQL ] SELECT * FROM `hishop_goods_image` WHERE  `goods_id` IN (2,1) ORDER BY `id` ASC [ RunTime:0.000391s ]
[ sql ] [ SQL ] SHOW COLUMNS FROM `hishop_upload_file` [ RunTime:0.011103s ]
[ sql ] [ SQL ] SELECT * FROM `hishop_upload_file` WHERE  `file_id` IN (19,20) [ RunTime:0.000462s ]
---------------------------------------------------------------
[ 2021-03-07T11:27:20+08:00 ] 127.0.0.1 GET guan.com/super/goods/edit/goods_id/1
[运行时间：0.173742s] [吞吐率：5.76req/s] [内存消耗：2,449.64kb] [文件加载：63]
[ info ] [ LANG ] C:\Users\think\my\tool\phpstudy\PHPTutorial\WWW\guan.com\source\thinkphp\lang\zh-cn.php
[ info ] [ ROUTE ] array (
  'type' => 'module',
  'module' => 
  array (
    0 => 'super',
    1 => 'goods',
    2 => 'edit',
  ),
)
[ info ] [ HEADER ] array (
  'cookie' => 'PHPSESSID=s7teejsu1r081n5nuj6670lgv2',
  'accept-language' => 'zh-CN,zh;q=0.9',
  'accept-encoding' => 'gzip, deflate',
  'referer' => 'http://guan.com/super/goods/index',
  'accept' => 'text/html,application/xhtml+xml,application/xml;q=0.9,image/webp,image/apng,*/*;q=0.8',
  'user-agent' => 'Mozilla/5.0 (Windows NT 10.0; WOW64) AppleWebKit/537.36 (KHTML, like Gecko) Chrome/65.0.3314.0 Safari/537.36 SE 2.X MetaSr 1.0',
  'upgrade-insecure-requests' => '1',
  'connection' => 'keep-alive',
  'host' => 'guan.com',
  'content-length' => '',
  'content-type' => '',
)
[ info ] [ PARAM ] array (
  'goods_id' => '1',
)
[ info ] [ SESSION ] INIT array (
  'id' => '',
  'var_session_id' => '',
  'prefix' => '',
  'type' => '',
  'auto_start' => true,
)
[ info ] [ DB ] INIT mysql
[ info ] [ CACHE ] INIT File
[ info ] [ RUN ] app\super\controller\Goods->edit[ C:\Users\think\my\tool\phpstudy\PHPTutorial\WWW\guan.com\source\application\super\controller\Goods.php ]
[ info ] [ VIEW ] C:\Users\think\my\tool\phpstudy\PHPTutorial\WWW\guan.com\web/../source/application/super\view\goods\edit.php [ array (
  0 => 'base_url',
  1 => 'super_url',
  2 => 'group',
  3 => 'menus',
  4 => 'super',
  5 => 'setting',
  6 => 'model',
  7 => 'catgory',
) ]
[ info ] [ LOG ] INIT File
[ sql ] [ DB ] CONNECT:[ UseTime:0.010946s ] mysql:host=127.0.0.1;port=3306;dbname=guan.com;charset=utf8
[ sql ] [ SQL ] SHOW COLUMNS FROM `hishop_category` [ RunTime:0.011658s ]
[ sql ] [ SQL ] SHOW COLUMNS FROM `hishop_goods` [ RunTime:0.012524s ]
[ sql ] [ SQL ] SELECT * FROM `hishop_goods` WHERE  `goods_id` = 1 LIMIT 1 [ RunTime:0.000464s ]
[ sql ] [ SQL ] SELECT * FROM `hishop_category` WHERE  `category_id` = 10002 [ RunTime:0.000266s ]
[ sql ] [ SQL ] SHOW COLUMNS FROM `hishop_goods_image` [ RunTime:0.013463s ]
[ sql ] [ SQL ] SELECT * FROM `hishop_goods_image` WHERE  `goods_id` = 1 ORDER BY `id` ASC [ RunTime:0.000276s ]
[ sql ] [ SQL ] SHOW COLUMNS FROM `hishop_upload_file` [ RunTime:0.013308s ]
[ sql ] [ SQL ] SELECT * FROM `hishop_upload_file` WHERE  `file_id` IN (20) [ RunTime:0.000421s ]
---------------------------------------------------------------
[ 2021-03-07T11:27:25+08:00 ] 127.0.0.1 POST guan.com/super/goods/edit/goods_id/1
[运行时间：0.188596s] [吞吐率：5.30req/s] [内存消耗：2,374.09kb] [文件加载：63]
[ info ] [ LANG ] C:\Users\think\my\tool\phpstudy\PHPTutorial\WWW\guan.com\source\thinkphp\lang\zh-cn.php
[ info ] [ ROUTE ] array (
  'type' => 'module',
  'module' => 
  array (
    0 => 'super',
    1 => 'goods',
    2 => 'edit',
  ),
)
[ info ] [ HEADER ] array (
  'cookie' => 'PHPSESSID=s7teejsu1r081n5nuj6670lgv2',
  'accept-language' => 'zh-CN,zh;q=0.9',
  'accept-encoding' => 'gzip, deflate',
  'referer' => 'http://guan.com/super/goods/edit/goods_id/1',
  'content-type' => 'application/x-www-form-urlencoded; charset=UTF-8',
  'user-agent' => 'Mozilla/5.0 (Windows NT 10.0; WOW64) AppleWebKit/537.36 (KHTML, like Gecko) Chrome/65.0.3314.0 Safari/537.36 SE 2.X MetaSr 1.0',
  'x-requested-with' => 'XMLHttpRequest',
  'origin' => 'http://guan.com',
  'accept' => 'application/json, text/javascript, */*; q=0.01',
  'content-length' => '311',
  'connection' => 'keep-alive',
  'host' => 'guan.com',
)
[ info ] [ PARAM ] array (
  'goods' => 
  array (
    'goods_name' => '1231',
    'category_id' => '10002',
    'images' => 
    array (
      0 => '20',
    ),
    'image_name' => 
    array (
      0 => '123',
    ),
    'image_alt' => 
    array (
      0 => '123',
    ),
    'keywords' => '213',
    'description' => '123',
    'content' => '&lt;p&gt;123&lt;/p&gt;',
    'goods_status' => '10',
    'is_home' => '10',
    'goods_sort' => '100',
  ),
  'goods_id' => '1',
)
[ info ] [ SESSION ] INIT array (
  'id' => '',
  'var_session_id' => '',
  'prefix' => '',
  'type' => '',
  'auto_start' => true,
)
[ info ] [ DB ] INIT mysql
[ info ] [ CACHE ] INIT File
[ info ] [ RUN ] app\super\controller\Goods->edit[ C:\Users\think\my\tool\phpstudy\PHPTutorial\WWW\guan.com\source\application\super\controller\Goods.php ]
[ info ] [ LOG ] INIT File
[ sql ] [ DB ] CONNECT:[ UseTime:0.001279s ] mysql:host=127.0.0.1;port=3306;dbname=guan.com;charset=utf8
[ sql ] [ SQL ] SHOW COLUMNS FROM `hishop_category` [ RunTime:0.018052s ]
[ sql ] [ SQL ] SHOW COLUMNS FROM `hishop_goods` [ RunTime:0.015799s ]
[ sql ] [ SQL ] SELECT * FROM `hishop_goods` WHERE  `goods_id` = 1 LIMIT 1 [ RunTime:0.001603s ]
[ sql ] [ SQL ] SELECT * FROM `hishop_category` WHERE  `category_id` = 10002 [ RunTime:0.000408s ]
[ sql ] [ SQL ] SHOW COLUMNS FROM `hishop_goods_image` [ RunTime:0.015550s ]
[ sql ] [ SQL ] SELECT * FROM `hishop_goods_image` WHERE  `goods_id` = 1 ORDER BY `id` ASC [ RunTime:0.000418s ]
[ sql ] [ SQL ] SHOW COLUMNS FROM `hishop_upload_file` [ RunTime:0.014656s ]
[ sql ] [ SQL ] SELECT * FROM `hishop_upload_file` WHERE  `file_id` IN (20) [ RunTime:0.000431s ]
[ sql ] [ SQL ] UPDATE `hishop_goods`  SET `update_time`=1615087645  WHERE  `goods_id` = 1 [ RunTime:0.000314s ]
[ sql ] [ SQL ] DELETE FROM `hishop_goods_image`    WHERE  `goods_id` = 1  ORDER BY `id` ASC [ RunTime:0.000323s ]
[ sql ] [ SQL ] SELECT * FROM `hishop_upload_file` WHERE  `file_id` = 20 LIMIT 1 [ RunTime:0.000375s ]
[ sql ] [ SQL ] INSERT INTO `hishop_goods_image` (`image_id` , `image_alt` , `image_name` , `goods_id` , `create_time`) VALUES (20 , '123' , '20210307/123.png' , 1 , 1615087645) [ RunTime:0.000332s ]
---------------------------------------------------------------
[ 2021-03-07T11:27:27+08:00 ] 127.0.0.1 GET guan.com/super/goods/index
[运行时间：0.174405s] [吞吐率：5.73req/s] [内存消耗：2,476.86kb] [文件加载：66]
[ info ] [ LANG ] C:\Users\think\my\tool\phpstudy\PHPTutorial\WWW\guan.com\source\thinkphp\lang\zh-cn.php
[ info ] [ ROUTE ] array (
  'type' => 'module',
  'module' => 
  array (
    0 => 'super',
    1 => 'goods',
    2 => 'index',
  ),
)
[ info ] [ HEADER ] array (
  'cookie' => 'PHPSESSID=s7teejsu1r081n5nuj6670lgv2',
  'accept-language' => 'zh-CN,zh;q=0.9',
  'accept-encoding' => 'gzip, deflate',
  'referer' => 'http://guan.com/super/goods/edit/goods_id/1',
  'accept' => 'text/html,application/xhtml+xml,application/xml;q=0.9,image/webp,image/apng,*/*;q=0.8',
  'user-agent' => 'Mozilla/5.0 (Windows NT 10.0; WOW64) AppleWebKit/537.36 (KHTML, like Gecko) Chrome/65.0.3314.0 Safari/537.36 SE 2.X MetaSr 1.0',
  'upgrade-insecure-requests' => '1',
  'connection' => 'keep-alive',
  'host' => 'guan.com',
  'content-length' => '',
  'content-type' => '',
)
[ info ] [ PARAM ] array (
)
[ info ] [ SESSION ] INIT array (
  'id' => '',
  'var_session_id' => '',
  'prefix' => '',
  'type' => '',
  'auto_start' => true,
)
[ info ] [ DB ] INIT mysql
[ info ] [ CACHE ] INIT File
[ info ] [ RUN ] app\super\controller\Goods->index[ C:\Users\think\my\tool\phpstudy\PHPTutorial\WWW\guan.com\source\application\super\controller\Goods.php ]
[ info ] [ VIEW ] C:\Users\think\my\tool\phpstudy\PHPTutorial\WWW\guan.com\web/../source/application/super\view\goods\index.php [ array (
  0 => 'base_url',
  1 => 'super_url',
  2 => 'group',
  3 => 'menus',
  4 => 'super',
  5 => 'setting',
  6 => 'list',
) ]
[ info ] [ LOG ] INIT File
[ sql ] [ DB ] CONNECT:[ UseTime:0.015135s ] mysql:host=127.0.0.1;port=3306;dbname=guan.com;charset=utf8
[ sql ] [ SQL ] SHOW COLUMNS FROM `hishop_category` [ RunTime:0.012546s ]
[ sql ] [ SQL ] SHOW COLUMNS FROM `hishop_goods` [ RunTime:0.011452s ]
[ sql ] [ SQL ] SELECT COUNT(*) AS tp_count FROM `hishop_goods` WHERE  `is_delete` = 0 LIMIT 1 [ RunTime:0.000483s ]
[ sql ] [ SQL ] SELECT *,(sales_initial + sales_actual) as goods_sales FROM `hishop_goods` WHERE  `is_delete` = 0 ORDER BY `goods_sort`,`goods_id` DESC LIMIT 0,15 [ RunTime:0.000457s ]
[ sql ] [ SQL ] SELECT * FROM `hishop_category` WHERE  `category_id` IN (10002) [ RunTime:0.000368s ]
[ sql ] [ SQL ] SHOW COLUMNS FROM `hishop_goods_image` [ RunTime:0.011055s ]
[ sql ] [ SQL ] SELECT * FROM `hishop_goods_image` WHERE  `goods_id` IN (2,1) ORDER BY `id` ASC [ RunTime:0.000485s ]
[ sql ] [ SQL ] SHOW COLUMNS FROM `hishop_upload_file` [ RunTime:0.011596s ]
[ sql ] [ SQL ] SELECT * FROM `hishop_upload_file` WHERE  `file_id` IN (19,20) [ RunTime:0.000420s ]
---------------------------------------------------------------
[ 2021-03-07T11:27:34+08:00 ] 127.0.0.1 GET guan.com/super/article/index
[运行时间：0.166954s] [吞吐率：5.99req/s] [内存消耗：2,477.11kb] [文件加载：66]
[ info ] [ LANG ] C:\Users\think\my\tool\phpstudy\PHPTutorial\WWW\guan.com\source\thinkphp\lang\zh-cn.php
[ info ] [ ROUTE ] array (
  'type' => 'module',
  'module' => 
  array (
    0 => 'super',
    1 => 'article',
    2 => 'index',
  ),
)
[ info ] [ HEADER ] array (
  'cookie' => 'PHPSESSID=s7teejsu1r081n5nuj6670lgv2',
  'accept-language' => 'zh-CN,zh;q=0.9',
  'accept-encoding' => 'gzip, deflate',
  'referer' => 'http://guan.com/super/goods/index',
  'accept' => 'text/html,application/xhtml+xml,application/xml;q=0.9,image/webp,image/apng,*/*;q=0.8',
  'user-agent' => 'Mozilla/5.0 (Windows NT 10.0; WOW64) AppleWebKit/537.36 (KHTML, like Gecko) Chrome/65.0.3314.0 Safari/537.36 SE 2.X MetaSr 1.0',
  'upgrade-insecure-requests' => '1',
  'connection' => 'keep-alive',
  'host' => 'guan.com',
  'content-length' => '',
  'content-type' => '',
)
[ info ] [ PARAM ] array (
)
[ info ] [ SESSION ] INIT array (
  'id' => '',
  'var_session_id' => '',
  'prefix' => '',
  'type' => '',
  'auto_start' => true,
)
[ info ] [ DB ] INIT mysql
[ info ] [ CACHE ] INIT File
[ info ] [ RUN ] app\super\controller\Article->index[ C:\Users\think\my\tool\phpstudy\PHPTutorial\WWW\guan.com\source\application\super\controller\Article.php ]
[ info ] [ VIEW ] C:\Users\think\my\tool\phpstudy\PHPTutorial\WWW\guan.com\web/../source/application/super\view\article\index.php [ array (
  0 => 'base_url',
  1 => 'super_url',
  2 => 'group',
  3 => 'menus',
  4 => 'super',
  5 => 'setting',
  6 => 'list',
) ]
[ info ] [ LOG ] INIT File
[ sql ] [ DB ] CONNECT:[ UseTime:0.010757s ] mysql:host=127.0.0.1;port=3306;dbname=guan.com;charset=utf8
[ sql ] [ SQL ] SHOW COLUMNS FROM `hishop_art_category` [ RunTime:0.013545s ]
[ sql ] [ SQL ] SHOW COLUMNS FROM `hishop_article` [ RunTime:0.011686s ]
[ sql ] [ SQL ] SELECT COUNT(*) AS tp_count FROM `hishop_article` WHERE  `is_delete` = 0 LIMIT 1 [ RunTime:0.000439s ]
[ sql ] [ SQL ] SELECT *,(sales_initial + sales_actual) as article_sales FROM `hishop_article` WHERE  `is_delete` = 0 ORDER BY `article_sort`,`article_id` DESC LIMIT 0,15 [ RunTime:0.000428s ]
[ sql ] [ SQL ] SELECT * FROM `hishop_art_category` WHERE  `art_category_id` IN (10003) [ RunTime:0.000372s ]
[ sql ] [ SQL ] SHOW COLUMNS FROM `hishop_article_image` [ RunTime:0.012050s ]
[ sql ] [ SQL ] SELECT * FROM `hishop_article_image` WHERE  `article_id` IN (2,1) ORDER BY `id` ASC [ RunTime:0.000376s ]
[ sql ] [ SQL ] SHOW COLUMNS FROM `hishop_upload_file` [ RunTime:0.012639s ]
[ sql ] [ SQL ] SELECT * FROM `hishop_upload_file` WHERE  `file_id` IN (4,11) [ RunTime:0.000412s ]
---------------------------------------------------------------
[ 2021-03-07T11:27:35+08:00 ] 127.0.0.1 GET guan.com/super/message/index
[运行时间：0.134143s] [吞吐率：7.45req/s] [内存消耗：2,399.52kb] [文件加载：60]
[ info ] [ LANG ] C:\Users\think\my\tool\phpstudy\PHPTutorial\WWW\guan.com\source\thinkphp\lang\zh-cn.php
[ info ] [ ROUTE ] array (
  'type' => 'module',
  'module' => 
  array (
    0 => 'super',
    1 => 'message',
    2 => 'index',
  ),
)
[ info ] [ HEADER ] array (
  'cookie' => 'PHPSESSID=s7teejsu1r081n5nuj6670lgv2',
  'accept-language' => 'zh-CN,zh;q=0.9',
  'accept-encoding' => 'gzip, deflate',
  'referer' => 'http://guan.com/super/article/index',
  'accept' => 'text/html,application/xhtml+xml,application/xml;q=0.9,image/webp,image/apng,*/*;q=0.8',
  'user-agent' => 'Mozilla/5.0 (Windows NT 10.0; WOW64) AppleWebKit/537.36 (KHTML, like Gecko) Chrome/65.0.3314.0 Safari/537.36 SE 2.X MetaSr 1.0',
  'upgrade-insecure-requests' => '1',
  'connection' => 'keep-alive',
  'host' => 'guan.com',
  'content-length' => '',
  'content-type' => '',
)
[ info ] [ PARAM ] array (
)
[ info ] [ SESSION ] INIT array (
  'id' => '',
  'var_session_id' => '',
  'prefix' => '',
  'type' => '',
  'auto_start' => true,
)
[ info ] [ DB ] INIT mysql
[ info ] [ CACHE ] INIT File
[ info ] [ RUN ] app\super\controller\Message->index[ C:\Users\think\my\tool\phpstudy\PHPTutorial\WWW\guan.com\source\application\super\controller\Message.php ]
[ info ] [ VIEW ] C:\Users\think\my\tool\phpstudy\PHPTutorial\WWW\guan.com\web/../source/application/super\view\message\index.php [ array (
  0 => 'base_url',
  1 => 'super_url',
  2 => 'group',
  3 => 'menus',
  4 => 'super',
  5 => 'setting',
  6 => 'list',
) ]
[ info ] [ LOG ] INIT File
[ sql ] [ DB ] CONNECT:[ UseTime:0.012418s ] mysql:host=127.0.0.1;port=3306;dbname=guan.com;charset=utf8
[ sql ] [ SQL ] SHOW COLUMNS FROM `hishop_message` [ RunTime:0.011127s ]
[ sql ] [ SQL ] SELECT COUNT(*) AS tp_count FROM `hishop_message` LIMIT 1 [ RunTime:0.000392s ]
[ sql ] [ SQL ] SELECT * FROM `hishop_message` ORDER BY `create_time` DESC LIMIT 0,15 [ RunTime:0.000389s ]
---------------------------------------------------------------
[ 2021-03-07T11:27:36+08:00 ] 127.0.0.1 GET guan.com/super/goods/index
[运行时间：0.174297s] [吞吐率：5.74req/s] [内存消耗：2,476.85kb] [文件加载：66]
[ info ] [ LANG ] C:\Users\think\my\tool\phpstudy\PHPTutorial\WWW\guan.com\source\thinkphp\lang\zh-cn.php
[ info ] [ ROUTE ] array (
  'type' => 'module',
  'module' => 
  array (
    0 => 'super',
    1 => 'goods',
    2 => 'index',
  ),
)
[ info ] [ HEADER ] array (
  'cookie' => 'PHPSESSID=s7teejsu1r081n5nuj6670lgv2',
  'accept-language' => 'zh-CN,zh;q=0.9',
  'accept-encoding' => 'gzip, deflate',
  'referer' => 'http://guan.com/super/message/index',
  'accept' => 'text/html,application/xhtml+xml,application/xml;q=0.9,image/webp,image/apng,*/*;q=0.8',
  'user-agent' => 'Mozilla/5.0 (Windows NT 10.0; WOW64) AppleWebKit/537.36 (KHTML, like Gecko) Chrome/65.0.3314.0 Safari/537.36 SE 2.X MetaSr 1.0',
  'upgrade-insecure-requests' => '1',
  'connection' => 'keep-alive',
  'host' => 'guan.com',
  'content-length' => '',
  'content-type' => '',
)
[ info ] [ PARAM ] array (
)
[ info ] [ SESSION ] INIT array (
  'id' => '',
  'var_session_id' => '',
  'prefix' => '',
  'type' => '',
  'auto_start' => true,
)
[ info ] [ DB ] INIT mysql
[ info ] [ CACHE ] INIT File
[ info ] [ RUN ] app\super\controller\Goods->index[ C:\Users\think\my\tool\phpstudy\PHPTutorial\WWW\guan.com\source\application\super\controller\Goods.php ]
[ info ] [ VIEW ] C:\Users\think\my\tool\phpstudy\PHPTutorial\WWW\guan.com\web/../source/application/super\view\goods\index.php [ array (
  0 => 'base_url',
  1 => 'super_url',
  2 => 'group',
  3 => 'menus',
  4 => 'super',
  5 => 'setting',
  6 => 'list',
) ]
[ info ] [ LOG ] INIT File
[ sql ] [ DB ] CONNECT:[ UseTime:0.001218s ] mysql:host=127.0.0.1;port=3306;dbname=guan.com;charset=utf8
[ sql ] [ SQL ] SHOW COLUMNS FROM `hishop_category` [ RunTime:0.010997s ]
[ sql ] [ SQL ] SHOW COLUMNS FROM `hishop_goods` [ RunTime:0.012603s ]
[ sql ] [ SQL ] SELECT COUNT(*) AS tp_count FROM `hishop_goods` WHERE  `is_delete` = 0 LIMIT 1 [ RunTime:0.000396s ]
[ sql ] [ SQL ] SELECT *,(sales_initial + sales_actual) as goods_sales FROM `hishop_goods` WHERE  `is_delete` = 0 ORDER BY `goods_sort`,`goods_id` DESC LIMIT 0,15 [ RunTime:0.000354s ]
[ sql ] [ SQL ] SELECT * FROM `hishop_category` WHERE  `category_id` IN (10002) [ RunTime:0.000281s ]
[ sql ] [ SQL ] SHOW COLUMNS FROM `hishop_goods_image` [ RunTime:0.014032s ]
[ sql ] [ SQL ] SELECT * FROM `hishop_goods_image` WHERE  `goods_id` IN (2,1) ORDER BY `id` ASC [ RunTime:0.000335s ]
[ sql ] [ SQL ] SHOW COLUMNS FROM `hishop_upload_file` [ RunTime:0.013609s ]
[ sql ] [ SQL ] SELECT * FROM `hishop_upload_file` WHERE  `file_id` IN (19,20) [ RunTime:0.000394s ]
---------------------------------------------------------------
[ 2021-03-07T11:27:37+08:00 ] 127.0.0.1 GET guan.com/super/index/index
[运行时间：0.080215s] [吞吐率：12.47req/s] [内存消耗：2,213.15kb] [文件加载：53]
[ info ] [ LANG ] C:\Users\think\my\tool\phpstudy\PHPTutorial\WWW\guan.com\source\thinkphp\lang\zh-cn.php
[ info ] [ ROUTE ] array (
  'type' => 'module',
  'module' => 
  array (
    0 => 'super',
    1 => 'index',
    2 => 'index',
  ),
)
[ info ] [ HEADER ] array (
  'cookie' => 'PHPSESSID=s7teejsu1r081n5nuj6670lgv2',
  'accept-language' => 'zh-CN,zh;q=0.9',
  'accept-encoding' => 'gzip, deflate',
  'referer' => 'http://guan.com/super/goods/index',
  'accept' => 'text/html,application/xhtml+xml,application/xml;q=0.9,image/webp,image/apng,*/*;q=0.8',
  'user-agent' => 'Mozilla/5.0 (Windows NT 10.0; WOW64) AppleWebKit/537.36 (KHTML, like Gecko) Chrome/65.0.3314.0 Safari/537.36 SE 2.X MetaSr 1.0',
  'upgrade-insecure-requests' => '1',
  'connection' => 'keep-alive',
  'host' => 'guan.com',
  'content-length' => '',
  'content-type' => '',
)
[ info ] [ PARAM ] array (
)
[ info ] [ SESSION ] INIT array (
  'id' => '',
  'var_session_id' => '',
  'prefix' => '',
  'type' => '',
  'auto_start' => true,
)
[ info ] [ DB ] INIT mysql
[ info ] [ CACHE ] INIT File
[ info ] [ RUN ] app\super\controller\Index->index[ C:\Users\think\my\tool\phpstudy\PHPTutorial\WWW\guan.com\source\application\super\controller\Index.php ]
[ info ] [ VIEW ] C:\Users\think\my\tool\phpstudy\PHPTutorial\WWW\guan.com\web/../source/application/super\view\index\index.php [ array (
  0 => 'base_url',
  1 => 'super_url',
  2 => 'group',
  3 => 'menus',
  4 => 'super',
  5 => 'setting',
) ]
[ info ] [ LOG ] INIT File
---------------------------------------------------------------
[ 2021-03-07T11:39:18+08:00 ] 127.0.0.1 GET guan.com/super/goods/index
[运行时间：0.166311s] [吞吐率：6.01req/s] [内存消耗：2,476.85kb] [文件加载：66]
[ info ] [ LANG ] C:\Users\think\my\tool\phpstudy\PHPTutorial\WWW\guan.com\source\thinkphp\lang\zh-cn.php
[ info ] [ ROUTE ] array (
  'type' => 'module',
  'module' => 
  array (
    0 => 'super',
    1 => 'goods',
    2 => 'index',
  ),
)
[ info ] [ HEADER ] array (
  'cookie' => 'PHPSESSID=s7teejsu1r081n5nuj6670lgv2',
  'accept-language' => 'zh-CN,zh;q=0.9',
  'accept-encoding' => 'gzip, deflate',
  'referer' => 'http://guan.com/super/index/index',
  'accept' => 'text/html,application/xhtml+xml,application/xml;q=0.9,image/webp,image/apng,*/*;q=0.8',
  'user-agent' => 'Mozilla/5.0 (Windows NT 10.0; WOW64) AppleWebKit/537.36 (KHTML, like Gecko) Chrome/65.0.3314.0 Safari/537.36 SE 2.X MetaSr 1.0',
  'upgrade-insecure-requests' => '1',
  'connection' => 'keep-alive',
  'host' => 'guan.com',
  'content-length' => '',
  'content-type' => '',
)
[ info ] [ PARAM ] array (
)
[ info ] [ SESSION ] INIT array (
  'id' => '',
  'var_session_id' => '',
  'prefix' => '',
  'type' => '',
  'auto_start' => true,
)
[ info ] [ DB ] INIT mysql
[ info ] [ CACHE ] INIT File
[ info ] [ RUN ] app\super\controller\Goods->index[ C:\Users\think\my\tool\phpstudy\PHPTutorial\WWW\guan.com\source\application\super\controller\Goods.php ]
[ info ] [ VIEW ] C:\Users\think\my\tool\phpstudy\PHPTutorial\WWW\guan.com\web/../source/application/super\view\goods\index.php [ array (
  0 => 'base_url',
  1 => 'super_url',
  2 => 'group',
  3 => 'menus',
  4 => 'super',
  5 => 'setting',
  6 => 'list',
) ]
[ info ] [ LOG ] INIT File
[ sql ] [ DB ] CONNECT:[ UseTime:0.001501s ] mysql:host=127.0.0.1;port=3306;dbname=guan.com;charset=utf8
[ sql ] [ SQL ] SHOW COLUMNS FROM `hishop_category` [ RunTime:0.015048s ]
[ sql ] [ SQL ] SHOW COLUMNS FROM `hishop_goods` [ RunTime:0.012739s ]
[ sql ] [ SQL ] SELECT COUNT(*) AS tp_count FROM `hishop_goods` WHERE  `is_delete` = 0 LIMIT 1 [ RunTime:0.000470s ]
[ sql ] [ SQL ] SELECT *,(sales_initial + sales_actual) as goods_sales FROM `hishop_goods` WHERE  `is_delete` = 0 ORDER BY `goods_sort`,`goods_id` DESC LIMIT 0,15 [ RunTime:0.000452s ]
[ sql ] [ SQL ] SELECT * FROM `hishop_category` WHERE  `category_id` IN (10002) [ RunTime:0.000360s ]
[ sql ] [ SQL ] SHOW COLUMNS FROM `hishop_goods_image` [ RunTime:0.011994s ]
[ sql ] [ SQL ] SELECT * FROM `hishop_goods_image` WHERE  `goods_id` IN (2,1) ORDER BY `id` ASC [ RunTime:0.000398s ]
[ sql ] [ SQL ] SHOW COLUMNS FROM `hishop_upload_file` [ RunTime:0.012341s ]
[ sql ] [ SQL ] SELECT * FROM `hishop_upload_file` WHERE  `file_id` IN (19,20) [ RunTime:0.000554s ]
---------------------------------------------------------------
[ 2021-03-07T11:39:18+08:00 ] 127.0.0.1 GET guan.com/super/article/index
[运行时间：0.163698s] [吞吐率：6.11req/s] [内存消耗：2,477.11kb] [文件加载：66]
[ info ] [ LANG ] C:\Users\think\my\tool\phpstudy\PHPTutorial\WWW\guan.com\source\thinkphp\lang\zh-cn.php
[ info ] [ ROUTE ] array (
  'type' => 'module',
  'module' => 
  array (
    0 => 'super',
    1 => 'article',
    2 => 'index',
  ),
)
[ info ] [ HEADER ] array (
  'cookie' => 'PHPSESSID=s7teejsu1r081n5nuj6670lgv2',
  'accept-language' => 'zh-CN,zh;q=0.9',
  'accept-encoding' => 'gzip, deflate',
  'referer' => 'http://guan.com/super/goods/index',
  'accept' => 'text/html,application/xhtml+xml,application/xml;q=0.9,image/webp,image/apng,*/*;q=0.8',
  'user-agent' => 'Mozilla/5.0 (Windows NT 10.0; WOW64) AppleWebKit/537.36 (KHTML, like Gecko) Chrome/65.0.3314.0 Safari/537.36 SE 2.X MetaSr 1.0',
  'upgrade-insecure-requests' => '1',
  'connection' => 'keep-alive',
  'host' => 'guan.com',
  'content-length' => '',
  'content-type' => '',
)
[ info ] [ PARAM ] array (
)
[ info ] [ SESSION ] INIT array (
  'id' => '',
  'var_session_id' => '',
  'prefix' => '',
  'type' => '',
  'auto_start' => true,
)
[ info ] [ DB ] INIT mysql
[ info ] [ CACHE ] INIT File
[ info ] [ RUN ] app\super\controller\Article->index[ C:\Users\think\my\tool\phpstudy\PHPTutorial\WWW\guan.com\source\application\super\controller\Article.php ]
[ info ] [ VIEW ] C:\Users\think\my\tool\phpstudy\PHPTutorial\WWW\guan.com\web/../source/application/super\view\article\index.php [ array (
  0 => 'base_url',
  1 => 'super_url',
  2 => 'group',
  3 => 'menus',
  4 => 'super',
  5 => 'setting',
  6 => 'list',
) ]
[ info ] [ LOG ] INIT File
[ sql ] [ DB ] CONNECT:[ UseTime:0.010925s ] mysql:host=127.0.0.1;port=3306;dbname=guan.com;charset=utf8
[ sql ] [ SQL ] SHOW COLUMNS FROM `hishop_art_category` [ RunTime:0.013644s ]
[ sql ] [ SQL ] SHOW COLUMNS FROM `hishop_article` [ RunTime:0.011993s ]
[ sql ] [ SQL ] SELECT COUNT(*) AS tp_count FROM `hishop_article` WHERE  `is_delete` = 0 LIMIT 1 [ RunTime:0.000480s ]
[ sql ] [ SQL ] SELECT *,(sales_initial + sales_actual) as article_sales FROM `hishop_article` WHERE  `is_delete` = 0 ORDER BY `article_sort`,`article_id` DESC LIMIT 0,15 [ RunTime:0.000444s ]
[ sql ] [ SQL ] SELECT * FROM `hishop_art_category` WHERE  `art_category_id` IN (10003) [ RunTime:0.000361s ]
[ sql ] [ SQL ] SHOW COLUMNS FROM `hishop_article_image` [ RunTime:0.011817s ]
[ sql ] [ SQL ] SELECT * FROM `hishop_article_image` WHERE  `article_id` IN (2,1) ORDER BY `id` ASC [ RunTime:0.000438s ]
[ sql ] [ SQL ] SHOW COLUMNS FROM `hishop_upload_file` [ RunTime:0.011382s ]
[ sql ] [ SQL ] SELECT * FROM `hishop_upload_file` WHERE  `file_id` IN (4,11) [ RunTime:0.000345s ]
---------------------------------------------------------------
[ 2021-03-07T11:39:19+08:00 ] 127.0.0.1 GET guan.com/super/message/index
[运行时间：0.116325s] [吞吐率：8.60req/s] [内存消耗：2,270.47kb] [文件加载：58]
[ info ] [ LANG ] C:\Users\think\my\tool\phpstudy\PHPTutorial\WWW\guan.com\source\thinkphp\lang\zh-cn.php
[ info ] [ ROUTE ] array (
  'type' => 'module',
  'module' => 
  array (
    0 => 'super',
    1 => 'message',
    2 => 'index',
  ),
)
[ info ] [ HEADER ] array (
  'cookie' => 'PHPSESSID=s7teejsu1r081n5nuj6670lgv2',
  'accept-language' => 'zh-CN,zh;q=0.9',
  'accept-encoding' => 'gzip, deflate',
  'referer' => 'http://guan.com/super/article/index',
  'accept' => 'text/html,application/xhtml+xml,application/xml;q=0.9,image/webp,image/apng,*/*;q=0.8',
  'user-agent' => 'Mozilla/5.0 (Windows NT 10.0; WOW64) AppleWebKit/537.36 (KHTML, like Gecko) Chrome/65.0.3314.0 Safari/537.36 SE 2.X MetaSr 1.0',
  'upgrade-insecure-requests' => '1',
  'connection' => 'keep-alive',
  'host' => 'guan.com',
  'content-length' => '',
  'content-type' => '',
)
[ info ] [ PARAM ] array (
)
[ info ] [ SESSION ] INIT array (
  'id' => '',
  'var_session_id' => '',
  'prefix' => '',
  'type' => '',
  'auto_start' => true,
)
[ info ] [ DB ] INIT mysql
[ info ] [ CACHE ] INIT File
[ info ] [ RUN ] app\super\controller\Message->index[ C:\Users\think\my\tool\phpstudy\PHPTutorial\WWW\guan.com\source\application\super\controller\Message.php ]
[ info ] [ VIEW ] C:\Users\think\my\tool\phpstudy\PHPTutorial\WWW\guan.com\web/../source/application/super\view\message\index.php [ array (
  0 => 'base_url',
  1 => 'super_url',
  2 => 'group',
  3 => 'menus',
  4 => 'super',
  5 => 'setting',
  6 => 'list',
) ]
[ info ] [ LOG ] INIT File
[ sql ] [ DB ] CONNECT:[ UseTime:0.002336s ] mysql:host=127.0.0.1;port=3306;dbname=guan.com;charset=utf8
[ sql ] [ SQL ] SHOW COLUMNS FROM `hishop_message` [ RunTime:0.013319s ]
[ sql ] [ SQL ] SELECT COUNT(*) AS tp_count FROM `hishop_message` LIMIT 1 [ RunTime:0.000460s ]
[ sql ] [ SQL ] SELECT * FROM `hishop_message` ORDER BY `create_time` DESC LIMIT 0,15 [ RunTime:0.000426s ]
---------------------------------------------------------------
[ 2021-03-07T11:51:26+08:00 ] 127.0.0.1 GET guan.com/super/setting/store
[运行时间：0.092141s] [吞吐率：10.85req/s] [内存消耗：2,221.87kb] [文件加载：53]
[ info ] [ LANG ] C:\Users\think\my\tool\phpstudy\PHPTutorial\WWW\guan.com\source\thinkphp\lang\zh-cn.php
[ info ] [ ROUTE ] array (
  'type' => 'module',
  'module' => 
  array (
    0 => 'super',
    1 => 'setting',
    2 => 'store',
  ),
)
[ info ] [ HEADER ] array (
  'cookie' => 'PHPSESSID=s7teejsu1r081n5nuj6670lgv2',
  'accept-language' => 'zh-CN,zh;q=0.9',
  'accept-encoding' => 'gzip, deflate',
  'referer' => 'http://guan.com/super/message/index',
  'accept' => 'text/html,application/xhtml+xml,application/xml;q=0.9,image/webp,image/apng,*/*;q=0.8',
  'user-agent' => 'Mozilla/5.0 (Windows NT 10.0; WOW64) AppleWebKit/537.36 (KHTML, like Gecko) Chrome/65.0.3314.0 Safari/537.36 SE 2.X MetaSr 1.0',
  'upgrade-insecure-requests' => '1',
  'connection' => 'keep-alive',
  'host' => 'guan.com',
  'content-length' => '',
  'content-type' => '',
)
[ info ] [ PARAM ] array (
)
[ info ] [ SESSION ] INIT array (
  'id' => '',
  'var_session_id' => '',
  'prefix' => '',
  'type' => '',
  'auto_start' => true,
)
[ info ] [ DB ] INIT mysql
[ info ] [ CACHE ] INIT File
[ info ] [ RUN ] app\super\controller\Setting->store[ C:\Users\think\my\tool\phpstudy\PHPTutorial\WWW\guan.com\source\application\super\controller\Setting.php ]
[ info ] [ VIEW ] C:\Users\think\my\tool\phpstudy\PHPTutorial\WWW\guan.com\web/../source/application/super\view\setting\store.php [ array (
  0 => 'base_url',
  1 => 'super_url',
  2 => 'group',
  3 => 'menus',
  4 => 'super',
  5 => 'setting',
  6 => 'values',
) ]
[ info ] [ LOG ] INIT File
