---------------------------------------------------------------
[ 2021-03-21T12:16:52+08:00 ] 127.0.0.1 GET guan.com/
[运行时间：0.148593s] [吞吐率：6.73req/s] [内存消耗：2,060.45kb] [文件加载：49]
[ info ] [ LANG ] C:\Users\think\my\tool\phpstudy\PHPTutorial\WWW\guan.com\source\thinkphp\lang\zh-cn.php
[ info ] [ ROUTE ] array (
  'type' => 'module',
  'module' => 
  array (
    0 => '',
    1 => NULL,
    2 => NULL,
  ),
)
[ info ] [ HEADER ] array (
  'accept-language' => 'zh-CN,zh;q=0.9',
  'accept-encoding' => 'gzip, deflate',
  'accept' => 'text/html,application/xhtml+xml,application/xml;q=0.9,image/webp,image/apng,*/*;q=0.8',
  'user-agent' => 'Mozilla/5.0 (Windows NT 10.0; WOW64) AppleWebKit/537.36 (KHTML, like Gecko) Chrome/65.0.3314.0 Safari/537.36 SE 2.X MetaSr 1.0',
  'upgrade-insecure-requests' => '1',
  'connection' => 'keep-alive',
  'host' => 'guan.com',
  'content-length' => '',
  'content-type' => '',
)
[ info ] [ PARAM ] array (
)
[ info ] [ DB ] INIT mysql
[ info ] [ CACHE ] INIT File
[ info ] [ RUN ] app\index\controller\Index->index[ C:\Users\think\my\tool\phpstudy\PHPTutorial\WWW\guan.com\source\application\index\controller\Index.php ]
[ info ] [ VIEW ] C:\Users\think\my\tool\phpstudy\PHPTutorial\WWW\guan.com\web/../source/application/index\view\index\index.php [ array (
  0 => 'base_url',
  1 => 'group',
  2 => 'setting',
  3 => 'route',
) ]
[ info ] [ LOG ] INIT File
---------------------------------------------------------------
[ 2021-03-21T12:16:53+08:00 ] 127.0.0.1 GET guan.com/assets/assets/fonts/Flaticon.woff2
[运行时间：0.049908s] [吞吐率：20.04req/s] [内存消耗：965.66kb] [文件加载：31]
[ info ] [ LANG ] C:\Users\think\my\tool\phpstudy\PHPTutorial\WWW\guan.com\source\thinkphp\lang\zh-cn.php
[ info ] [ ROUTE ] array (
  'type' => 'module',
  'module' => 
  array (
    0 => 'assets',
    1 => 'assets',
    2 => 'fonts',
  ),
)
[ info ] [ HEADER ] array (
  'accept-language' => 'zh-CN,zh;q=0.9',
  'accept-encoding' => 'gzip, deflate',
  'referer' => 'http://guan.com/assets/index/css/flaticon.css',
  'accept' => '*/*',
  'user-agent' => 'Mozilla/5.0 (Windows NT 10.0; WOW64) AppleWebKit/537.36 (KHTML, like Gecko) Chrome/65.0.3314.0 Safari/537.36 SE 2.X MetaSr 1.0',
  'origin' => 'http://guan.com',
  'connection' => 'keep-alive',
  'host' => 'guan.com',
  'content-length' => '',
  'content-type' => '',
)
[ info ] [ PARAM ] array (
)
[ info ] [ LOG ] INIT File
---------------------------------------------------------------
[ 2021-03-21T12:16:53+08:00 ] 127.0.0.1 GET guan.com/assets/assets/fonts/Flaticon.woff
[运行时间：0.071271s] [吞吐率：14.03req/s] [内存消耗：965.66kb] [文件加载：31]
[ info ] [ LANG ] C:\Users\think\my\tool\phpstudy\PHPTutorial\WWW\guan.com\source\thinkphp\lang\zh-cn.php
[ info ] [ ROUTE ] array (
  'type' => 'module',
  'module' => 
  array (
    0 => 'assets',
    1 => 'assets',
    2 => 'fonts',
  ),
)
[ info ] [ HEADER ] array (
  'accept-language' => 'zh-CN,zh;q=0.9',
  'accept-encoding' => 'gzip, deflate',
  'referer' => 'http://guan.com/assets/index/css/flaticon.css',
  'accept' => '*/*',
  'user-agent' => 'Mozilla/5.0 (Windows NT 10.0; WOW64) AppleWebKit/537.36 (KHTML, like Gecko) Chrome/65.0.3314.0 Safari/537.36 SE 2.X MetaSr 1.0',
  'origin' => 'http://guan.com',
  'connection' => 'keep-alive',
  'host' => 'guan.com',
  'content-length' => '',
  'content-type' => '',
)
[ info ] [ PARAM ] array (
)
[ info ] [ LOG ] INIT File
---------------------------------------------------------------
[ 2021-03-21T12:16:53+08:00 ] 127.0.0.1 GET guan.com/assets/assets/fonts/Flaticon.ttf
[运行时间：0.056689s] [吞吐率：17.64req/s] [内存消耗：965.66kb] [文件加载：31]
[ info ] [ LANG ] C:\Users\think\my\tool\phpstudy\PHPTutorial\WWW\guan.com\source\thinkphp\lang\zh-cn.php
[ info ] [ ROUTE ] array (
  'type' => 'module',
  'module' => 
  array (
    0 => 'assets',
    1 => 'assets',
    2 => 'fonts',
  ),
)
[ info ] [ HEADER ] array (
  'accept-language' => 'zh-CN,zh;q=0.9',
  'accept-encoding' => 'gzip, deflate',
  'referer' => 'http://guan.com/assets/index/css/flaticon.css',
  'accept' => '*/*',
  'user-agent' => 'Mozilla/5.0 (Windows NT 10.0; WOW64) AppleWebKit/537.36 (KHTML, like Gecko) Chrome/65.0.3314.0 Safari/537.36 SE 2.X MetaSr 1.0',
  'origin' => 'http://guan.com',
  'connection' => 'keep-alive',
  'host' => 'guan.com',
  'content-length' => '',
  'content-type' => '',
)
[ info ] [ PARAM ] array (
)
[ info ] [ LOG ] INIT File
